[0.998s] Invoking command in '/home/illuminance_measurement_robot/ROS2_WS/src/motor_control': PYTHONPATH=/home/illuminance_measurement_robot/ROS2_WS/build/motor_control/prefix_override:/usr/lib/python3/dist-packages/colcon_core/task/python/colcon_distutils_commands:/home/illuminance_measurement_robot/ROS2_WS/install/motor_control/lib/python3.8/site-packages:${PYTHONPATH} /usr/bin/python3 -W ignore:setup.py install is deprecated -W ignore:easy_install command is deprecated setup.py egg_info --egg-base ../../build/motor_control build --build-base /home/illuminance_measurement_robot/ROS2_WS/build/motor_control/build install --record /home/illuminance_measurement_robot/ROS2_WS/build/motor_control/install.log --install-scripts $base/lib/motor_control --single-version-externally-managed install_data
[1.269s] running egg_info
[1.269s] creating ../../build/motor_control/motor_control.egg-info
[1.269s] writing ../../build/motor_control/motor_control.egg-info/PKG-INFO
[1.270s] writing dependency_links to ../../build/motor_control/motor_control.egg-info/dependency_links.txt
[1.270s] writing entry points to ../../build/motor_control/motor_control.egg-info/entry_points.txt
[1.270s] writing requirements to ../../build/motor_control/motor_control.egg-info/requires.txt
[1.270s] writing top-level names to ../../build/motor_control/motor_control.egg-info/top_level.txt
[1.272s] writing manifest file '../../build/motor_control/motor_control.egg-info/SOURCES.txt'
[1.315s] reading manifest file '../../build/motor_control/motor_control.egg-info/SOURCES.txt'
[1.316s] writing manifest file '../../build/motor_control/motor_control.egg-info/SOURCES.txt'
[1.316s] running build
[1.316s] running build_py
[1.317s] creating /home/illuminance_measurement_robot/ROS2_WS/build/motor_control/build
[1.317s] creating /home/illuminance_measurement_robot/ROS2_WS/build/motor_control/build/lib
[1.317s] creating /home/illuminance_measurement_robot/ROS2_WS/build/motor_control/build/lib/motor_control
[1.317s] copying motor_control/remote_control.py -> /home/illuminance_measurement_robot/ROS2_WS/build/motor_control/build/lib/motor_control
[1.317s] copying motor_control/__init__.py -> /home/illuminance_measurement_robot/ROS2_WS/build/motor_control/build/lib/motor_control
[1.318s] running install
[1.319s] running install_lib
[1.321s] creating /home/illuminance_measurement_robot/ROS2_WS/install/motor_control/lib/python3.8/site-packages/motor_control
[1.321s] copying /home/illuminance_measurement_robot/ROS2_WS/build/motor_control/build/lib/motor_control/remote_control.py -> /home/illuminance_measurement_robot/ROS2_WS/install/motor_control/lib/python3.8/site-packages/motor_control
[1.321s] copying /home/illuminance_measurement_robot/ROS2_WS/build/motor_control/build/lib/motor_control/__init__.py -> /home/illuminance_measurement_robot/ROS2_WS/install/motor_control/lib/python3.8/site-packages/motor_control
[1.322s] byte-compiling /home/illuminance_measurement_robot/ROS2_WS/install/motor_control/lib/python3.8/site-packages/motor_control/remote_control.py to remote_control.cpython-38.pyc
[1.324s] byte-compiling /home/illuminance_measurement_robot/ROS2_WS/install/motor_control/lib/python3.8/site-packages/motor_control/__init__.py to __init__.cpython-38.pyc
[1.325s] running install_data
[1.325s] creating /home/illuminance_measurement_robot/ROS2_WS/install/motor_control/share/ament_index
[1.325s] creating /home/illuminance_measurement_robot/ROS2_WS/install/motor_control/share/ament_index/resource_index
[1.325s] creating /home/illuminance_measurement_robot/ROS2_WS/install/motor_control/share/ament_index/resource_index/packages
[1.325s] copying resource/motor_control -> /home/illuminance_measurement_robot/ROS2_WS/install/motor_control/share/ament_index/resource_index/packages
[1.325s] copying package.xml -> /home/illuminance_measurement_robot/ROS2_WS/install/motor_control/share/motor_control
[1.325s] running install_egg_info
[1.328s] Copying ../../build/motor_control/motor_control.egg-info to /home/illuminance_measurement_robot/ROS2_WS/install/motor_control/lib/python3.8/site-packages/motor_control-0.0.0-py3.8.egg-info
[1.329s] running install_scripts
[1.355s] Installing remote_control script to /home/illuminance_measurement_robot/ROS2_WS/install/motor_control/lib/motor_control
[1.355s] writing list of installed files to '/home/illuminance_measurement_robot/ROS2_WS/build/motor_control/install.log'
[1.412s] Invoked command in '/home/illuminance_measurement_robot/ROS2_WS/src/motor_control' returned '0': PYTHONPATH=/home/illuminance_measurement_robot/ROS2_WS/build/motor_control/prefix_override:/usr/lib/python3/dist-packages/colcon_core/task/python/colcon_distutils_commands:/home/illuminance_measurement_robot/ROS2_WS/install/motor_control/lib/python3.8/site-packages:${PYTHONPATH} /usr/bin/python3 -W ignore:setup.py install is deprecated -W ignore:easy_install command is deprecated setup.py egg_info --egg-base ../../build/motor_control build --build-base /home/illuminance_measurement_robot/ROS2_WS/build/motor_control/build install --record /home/illuminance_measurement_robot/ROS2_WS/build/motor_control/install.log --install-scripts $base/lib/motor_control --single-version-externally-managed install_data
