[0.251s] DEBUG:colcon:Command line arguments: ['/usr/bin/colcon', 'build']
[0.251s] DEBUG:colcon:Parsed command line arguments: Namespace(allow_overriding=[], ament_cmake_args=None, base_paths=['.'], build_base='build', catkin_cmake_args=None, catkin_skip_building_tests=False, cmake_args=None, cmake_clean_cache=False, cmake_clean_first=False, cmake_force_configure=False, cmake_target=None, cmake_target_skip_unavailable=False, continue_on_error=False, event_handlers=None, executor='parallel', ignore_user_meta=False, install_base='install', log_base=None, log_level=None, main=<bound method BuildVerb.main of <colcon_core.verb.build.BuildVerb object at 0xffffbbf860a0>>, merge_install=False, metas=['./colcon.meta'], packages_above=None, packages_above_and_dependencies=None, packages_above_depth=None, packages_end=None, packages_ignore=None, packages_ignore_regex=None, packages_select=None, packages_select_build_failed=False, packages_select_by_dep=None, packages_select_regex=None, packages_select_test_failures=False, packages_skip=None, packages_skip_build_finished=False, packages_skip_by_dep=None, packages_skip_regex=None, packages_skip_test_passed=False, packages_skip_up_to=None, packages_start=None, packages_up_to=None, packages_up_to_regex=None, parallel_workers=4, paths=None, symlink_install=False, test_result_base=None, verb_extension=<colcon_core.verb.build.BuildVerb object at 0xffffbbf860a0>, verb_name='build', verb_parser=<colcon_defaults.argument_parser.defaults.DefaultArgumentsDecorator object at 0xffffbbed9700>)
[0.439s] Level 1:colcon.colcon_core.package_discovery:discover_packages(colcon_meta) check parameters
[0.439s] Level 1:colcon.colcon_core.package_discovery:discover_packages(recursive) check parameters
[0.439s] Level 1:colcon.colcon_core.package_discovery:discover_packages(ignore) check parameters
[0.439s] Level 1:colcon.colcon_core.package_discovery:discover_packages(path) check parameters
[0.439s] Level 1:colcon.colcon_core.package_discovery:discover_packages(colcon_meta) discover
[0.439s] Level 1:colcon.colcon_core.package_discovery:discover_packages(recursive) discover
[0.439s] INFO:colcon.colcon_core.package_discovery:Crawling recursively for packages in '/home/illuminance_measurement_robot/ROS2_WS'
[0.439s] Level 1:colcon.colcon_core.package_identification:_identify(.) by extensions ['ignore', 'ignore_ament_install']
[0.440s] Level 1:colcon.colcon_core.package_identification:_identify(.) by extension 'ignore'
[0.440s] Level 1:colcon.colcon_core.package_identification:_identify(.) by extension 'ignore_ament_install'
[0.440s] Level 1:colcon.colcon_core.package_identification:_identify(.) by extensions ['colcon_pkg']
[0.440s] Level 1:colcon.colcon_core.package_identification:_identify(.) by extension 'colcon_pkg'
[0.440s] Level 1:colcon.colcon_core.package_identification:_identify(.) by extensions ['colcon_meta']
[0.440s] Level 1:colcon.colcon_core.package_identification:_identify(.) by extension 'colcon_meta'
[0.440s] Level 1:colcon.colcon_core.package_identification:_identify(.) by extensions ['ros']
[0.440s] Level 1:colcon.colcon_core.package_identification:_identify(.) by extension 'ros'
[0.457s] Level 1:colcon.colcon_core.package_identification:_identify(.) by extensions ['cmake', 'python']
[0.457s] Level 1:colcon.colcon_core.package_identification:_identify(.) by extension 'cmake'
[0.458s] Level 1:colcon.colcon_core.package_identification:_identify(.) by extension 'python'
[0.458s] Level 1:colcon.colcon_core.package_identification:_identify(.) by extensions ['python_setup_py']
[0.458s] Level 1:colcon.colcon_core.package_identification:_identify(.) by extension 'python_setup_py'
[0.458s] Level 1:colcon.colcon_core.package_identification:_identify(build) by extensions ['ignore', 'ignore_ament_install']
[0.458s] Level 1:colcon.colcon_core.package_identification:_identify(build) by extension 'ignore'
[0.458s] Level 1:colcon.colcon_core.package_identification:_identify(build) ignored
[0.458s] Level 1:colcon.colcon_core.package_identification:_identify(install) by extensions ['ignore', 'ignore_ament_install']
[0.458s] Level 1:colcon.colcon_core.package_identification:_identify(install) by extension 'ignore'
[0.458s] Level 1:colcon.colcon_core.package_identification:_identify(install) ignored
[0.459s] Level 1:colcon.colcon_core.package_identification:_identify(log) by extensions ['ignore', 'ignore_ament_install']
[0.459s] Level 1:colcon.colcon_core.package_identification:_identify(log) by extension 'ignore'
[0.459s] Level 1:colcon.colcon_core.package_identification:_identify(log) ignored
[0.459s] Level 1:colcon.colcon_core.package_identification:_identify(src) by extensions ['ignore', 'ignore_ament_install']
[0.459s] Level 1:colcon.colcon_core.package_identification:_identify(src) by extension 'ignore'
[0.459s] Level 1:colcon.colcon_core.package_identification:_identify(src) by extension 'ignore_ament_install'
[0.459s] Level 1:colcon.colcon_core.package_identification:_identify(src) by extensions ['colcon_pkg']
[0.459s] Level 1:colcon.colcon_core.package_identification:_identify(src) by extension 'colcon_pkg'
[0.459s] Level 1:colcon.colcon_core.package_identification:_identify(src) by extensions ['colcon_meta']
[0.459s] Level 1:colcon.colcon_core.package_identification:_identify(src) by extension 'colcon_meta'
[0.459s] Level 1:colcon.colcon_core.package_identification:_identify(src) by extensions ['ros']
[0.459s] Level 1:colcon.colcon_core.package_identification:_identify(src) by extension 'ros'
[0.459s] Level 1:colcon.colcon_core.package_identification:_identify(src) by extensions ['cmake', 'python']
[0.459s] Level 1:colcon.colcon_core.package_identification:_identify(src) by extension 'cmake'
[0.459s] Level 1:colcon.colcon_core.package_identification:_identify(src) by extension 'python'
[0.459s] Level 1:colcon.colcon_core.package_identification:_identify(src) by extensions ['python_setup_py']
[0.459s] Level 1:colcon.colcon_core.package_identification:_identify(src) by extension 'python_setup_py'
[0.460s] Level 1:colcon.colcon_core.package_identification:_identify(src/brightness_measurement) by extensions ['ignore', 'ignore_ament_install']
[0.460s] Level 1:colcon.colcon_core.package_identification:_identify(src/brightness_measurement) by extension 'ignore'
[0.460s] Level 1:colcon.colcon_core.package_identification:_identify(src/brightness_measurement) by extension 'ignore_ament_install'
[0.460s] Level 1:colcon.colcon_core.package_identification:_identify(src/brightness_measurement) by extensions ['colcon_pkg']
[0.460s] Level 1:colcon.colcon_core.package_identification:_identify(src/brightness_measurement) by extension 'colcon_pkg'
[0.460s] Level 1:colcon.colcon_core.package_identification:_identify(src/brightness_measurement) by extensions ['colcon_meta']
[0.460s] Level 1:colcon.colcon_core.package_identification:_identify(src/brightness_measurement) by extension 'colcon_meta'
[0.460s] Level 1:colcon.colcon_core.package_identification:_identify(src/brightness_measurement) by extensions ['ros']
[0.460s] Level 1:colcon.colcon_core.package_identification:_identify(src/brightness_measurement) by extension 'ros'
[0.463s] DEBUG:colcon.colcon_core.package_identification:Package 'src/brightness_measurement' with type 'ros.ament_python' and name 'brightness_measurement'
[0.464s] Level 1:colcon.colcon_core.package_identification:_identify(src/imu) by extensions ['ignore', 'ignore_ament_install']
[0.464s] Level 1:colcon.colcon_core.package_identification:_identify(src/imu) by extension 'ignore'
[0.464s] Level 1:colcon.colcon_core.package_identification:_identify(src/imu) by extension 'ignore_ament_install'
[0.464s] Level 1:colcon.colcon_core.package_identification:_identify(src/imu) by extensions ['colcon_pkg']
[0.464s] Level 1:colcon.colcon_core.package_identification:_identify(src/imu) by extension 'colcon_pkg'
[0.464s] Level 1:colcon.colcon_core.package_identification:_identify(src/imu) by extensions ['colcon_meta']
[0.464s] Level 1:colcon.colcon_core.package_identification:_identify(src/imu) by extension 'colcon_meta'
[0.464s] Level 1:colcon.colcon_core.package_identification:_identify(src/imu) by extensions ['ros']
[0.464s] Level 1:colcon.colcon_core.package_identification:_identify(src/imu) by extension 'ros'
[0.465s] DEBUG:colcon.colcon_core.package_identification:Package 'src/imu' with type 'ros.ament_python' and name 'imu'
[0.465s] Level 1:colcon.colcon_core.package_identification:_identify(src/motor_control) by extensions ['ignore', 'ignore_ament_install']
[0.465s] Level 1:colcon.colcon_core.package_identification:_identify(src/motor_control) by extension 'ignore'
[0.465s] Level 1:colcon.colcon_core.package_identification:_identify(src/motor_control) by extension 'ignore_ament_install'
[0.465s] Level 1:colcon.colcon_core.package_identification:_identify(src/motor_control) by extensions ['colcon_pkg']
[0.465s] Level 1:colcon.colcon_core.package_identification:_identify(src/motor_control) by extension 'colcon_pkg'
[0.465s] Level 1:colcon.colcon_core.package_identification:_identify(src/motor_control) by extensions ['colcon_meta']
[0.465s] Level 1:colcon.colcon_core.package_identification:_identify(src/motor_control) by extension 'colcon_meta'
[0.465s] Level 1:colcon.colcon_core.package_identification:_identify(src/motor_control) by extensions ['ros']
[0.465s] Level 1:colcon.colcon_core.package_identification:_identify(src/motor_control) by extension 'ros'
[0.466s] DEBUG:colcon.colcon_core.package_identification:Package 'src/motor_control' with type 'ros.ament_python' and name 'motor_control'
[0.466s] Level 1:colcon.colcon_core.package_identification:_identify(src/power_measurement) by extensions ['ignore', 'ignore_ament_install']
[0.466s] Level 1:colcon.colcon_core.package_identification:_identify(src/power_measurement) by extension 'ignore'
[0.466s] Level 1:colcon.colcon_core.package_identification:_identify(src/power_measurement) by extension 'ignore_ament_install'
[0.466s] Level 1:colcon.colcon_core.package_identification:_identify(src/power_measurement) by extensions ['colcon_pkg']
[0.466s] Level 1:colcon.colcon_core.package_identification:_identify(src/power_measurement) by extension 'colcon_pkg'
[0.467s] Level 1:colcon.colcon_core.package_identification:_identify(src/power_measurement) by extensions ['colcon_meta']
[0.467s] Level 1:colcon.colcon_core.package_identification:_identify(src/power_measurement) by extension 'colcon_meta'
[0.467s] Level 1:colcon.colcon_core.package_identification:_identify(src/power_measurement) by extensions ['ros']
[0.467s] Level 1:colcon.colcon_core.package_identification:_identify(src/power_measurement) by extension 'ros'
[0.467s] DEBUG:colcon.colcon_core.package_identification:Package 'src/power_measurement' with type 'ros.ament_cmake' and name 'power_measurement'
[0.467s] Level 1:colcon.colcon_core.package_discovery:discover_packages(recursive) using defaults
[0.467s] Level 1:colcon.colcon_core.package_discovery:discover_packages(ignore) discover
[0.467s] Level 1:colcon.colcon_core.package_discovery:discover_packages(ignore) using defaults
[0.467s] Level 1:colcon.colcon_core.package_discovery:discover_packages(path) discover
[0.467s] Level 1:colcon.colcon_core.package_discovery:discover_packages(path) using defaults
[0.490s] Level 1:colcon.colcon_core.package_discovery:discover_packages(prefix_path) check parameters
[0.490s] Level 1:colcon.colcon_core.package_discovery:discover_packages(prefix_path) discover
[0.493s] DEBUG:colcon.colcon_installed_package_information.package_discovery:Found 258 installed packages in /opt/ros/foxy
[0.495s] Level 1:colcon.colcon_core.package_discovery:discover_packages(prefix_path) using defaults
[0.594s] Level 5:colcon.colcon_core.verb:set package 'brightness_measurement' build argument 'cmake_args' from command line to 'None'
[0.594s] Level 5:colcon.colcon_core.verb:set package 'brightness_measurement' build argument 'cmake_target' from command line to 'None'
[0.595s] Level 5:colcon.colcon_core.verb:set package 'brightness_measurement' build argument 'cmake_target_skip_unavailable' from command line to 'False'
[0.595s] Level 5:colcon.colcon_core.verb:set package 'brightness_measurement' build argument 'cmake_clean_cache' from command line to 'False'
[0.595s] Level 5:colcon.colcon_core.verb:set package 'brightness_measurement' build argument 'cmake_clean_first' from command line to 'False'
[0.595s] Level 5:colcon.colcon_core.verb:set package 'brightness_measurement' build argument 'cmake_force_configure' from command line to 'False'
[0.595s] Level 5:colcon.colcon_core.verb:set package 'brightness_measurement' build argument 'ament_cmake_args' from command line to 'None'
[0.595s] Level 5:colcon.colcon_core.verb:set package 'brightness_measurement' build argument 'catkin_cmake_args' from command line to 'None'
[0.595s] Level 5:colcon.colcon_core.verb:set package 'brightness_measurement' build argument 'catkin_skip_building_tests' from command line to 'False'
[0.595s] DEBUG:colcon.colcon_core.verb:Building package 'brightness_measurement' with the following arguments: {'ament_cmake_args': None, 'build_base': '/home/illuminance_measurement_robot/ROS2_WS/build/brightness_measurement', 'catkin_cmake_args': None, 'catkin_skip_building_tests': False, 'cmake_args': None, 'cmake_clean_cache': False, 'cmake_clean_first': False, 'cmake_force_configure': False, 'cmake_target': None, 'cmake_target_skip_unavailable': False, 'install_base': '/home/illuminance_measurement_robot/ROS2_WS/install/brightness_measurement', 'merge_install': False, 'path': '/home/illuminance_measurement_robot/ROS2_WS/src/brightness_measurement', 'symlink_install': False, 'test_result_base': None}
[0.595s] Level 5:colcon.colcon_core.verb:set package 'imu' build argument 'cmake_args' from command line to 'None'
[0.595s] Level 5:colcon.colcon_core.verb:set package 'imu' build argument 'cmake_target' from command line to 'None'
[0.595s] Level 5:colcon.colcon_core.verb:set package 'imu' build argument 'cmake_target_skip_unavailable' from command line to 'False'
[0.595s] Level 5:colcon.colcon_core.verb:set package 'imu' build argument 'cmake_clean_cache' from command line to 'False'
[0.595s] Level 5:colcon.colcon_core.verb:set package 'imu' build argument 'cmake_clean_first' from command line to 'False'
[0.595s] Level 5:colcon.colcon_core.verb:set package 'imu' build argument 'cmake_force_configure' from command line to 'False'
[0.595s] Level 5:colcon.colcon_core.verb:set package 'imu' build argument 'ament_cmake_args' from command line to 'None'
[0.595s] Level 5:colcon.colcon_core.verb:set package 'imu' build argument 'catkin_cmake_args' from command line to 'None'
[0.596s] Level 5:colcon.colcon_core.verb:set package 'imu' build argument 'catkin_skip_building_tests' from command line to 'False'
[0.596s] DEBUG:colcon.colcon_core.verb:Building package 'imu' with the following arguments: {'ament_cmake_args': None, 'build_base': '/home/illuminance_measurement_robot/ROS2_WS/build/imu', 'catkin_cmake_args': None, 'catkin_skip_building_tests': False, 'cmake_args': None, 'cmake_clean_cache': False, 'cmake_clean_first': False, 'cmake_force_configure': False, 'cmake_target': None, 'cmake_target_skip_unavailable': False, 'install_base': '/home/illuminance_measurement_robot/ROS2_WS/install/imu', 'merge_install': False, 'path': '/home/illuminance_measurement_robot/ROS2_WS/src/imu', 'symlink_install': False, 'test_result_base': None}
[0.596s] Level 5:colcon.colcon_core.verb:set package 'motor_control' build argument 'cmake_args' from command line to 'None'
[0.596s] Level 5:colcon.colcon_core.verb:set package 'motor_control' build argument 'cmake_target' from command line to 'None'
[0.596s] Level 5:colcon.colcon_core.verb:set package 'motor_control' build argument 'cmake_target_skip_unavailable' from command line to 'False'
[0.596s] Level 5:colcon.colcon_core.verb:set package 'motor_control' build argument 'cmake_clean_cache' from command line to 'False'
[0.596s] Level 5:colcon.colcon_core.verb:set package 'motor_control' build argument 'cmake_clean_first' from command line to 'False'
[0.596s] Level 5:colcon.colcon_core.verb:set package 'motor_control' build argument 'cmake_force_configure' from command line to 'False'
[0.596s] Level 5:colcon.colcon_core.verb:set package 'motor_control' build argument 'ament_cmake_args' from command line to 'None'
[0.596s] Level 5:colcon.colcon_core.verb:set package 'motor_control' build argument 'catkin_cmake_args' from command line to 'None'
[0.596s] Level 5:colcon.colcon_core.verb:set package 'motor_control' build argument 'catkin_skip_building_tests' from command line to 'False'
[0.596s] DEBUG:colcon.colcon_core.verb:Building package 'motor_control' with the following arguments: {'ament_cmake_args': None, 'build_base': '/home/illuminance_measurement_robot/ROS2_WS/build/motor_control', 'catkin_cmake_args': None, 'catkin_skip_building_tests': False, 'cmake_args': None, 'cmake_clean_cache': False, 'cmake_clean_first': False, 'cmake_force_configure': False, 'cmake_target': None, 'cmake_target_skip_unavailable': False, 'install_base': '/home/illuminance_measurement_robot/ROS2_WS/install/motor_control', 'merge_install': False, 'path': '/home/illuminance_measurement_robot/ROS2_WS/src/motor_control', 'symlink_install': False, 'test_result_base': None}
[0.597s] Level 5:colcon.colcon_core.verb:set package 'power_measurement' build argument 'cmake_args' from command line to 'None'
[0.597s] Level 5:colcon.colcon_core.verb:set package 'power_measurement' build argument 'cmake_target' from command line to 'None'
[0.597s] Level 5:colcon.colcon_core.verb:set package 'power_measurement' build argument 'cmake_target_skip_unavailable' from command line to 'False'
[0.597s] Level 5:colcon.colcon_core.verb:set package 'power_measurement' build argument 'cmake_clean_cache' from command line to 'False'
[0.597s] Level 5:colcon.colcon_core.verb:set package 'power_measurement' build argument 'cmake_clean_first' from command line to 'False'
[0.597s] Level 5:colcon.colcon_core.verb:set package 'power_measurement' build argument 'cmake_force_configure' from command line to 'False'
[0.597s] Level 5:colcon.colcon_core.verb:set package 'power_measurement' build argument 'ament_cmake_args' from command line to 'None'
[0.597s] Level 5:colcon.colcon_core.verb:set package 'power_measurement' build argument 'catkin_cmake_args' from command line to 'None'
[0.597s] Level 5:colcon.colcon_core.verb:set package 'power_measurement' build argument 'catkin_skip_building_tests' from command line to 'False'
[0.597s] DEBUG:colcon.colcon_core.verb:Building package 'power_measurement' with the following arguments: {'ament_cmake_args': None, 'build_base': '/home/illuminance_measurement_robot/ROS2_WS/build/power_measurement', 'catkin_cmake_args': None, 'catkin_skip_building_tests': False, 'cmake_args': None, 'cmake_clean_cache': False, 'cmake_clean_first': False, 'cmake_force_configure': False, 'cmake_target': None, 'cmake_target_skip_unavailable': False, 'install_base': '/home/illuminance_measurement_robot/ROS2_WS/install/power_measurement', 'merge_install': False, 'path': '/home/illuminance_measurement_robot/ROS2_WS/src/power_measurement', 'symlink_install': False, 'test_result_base': None}
[0.597s] INFO:colcon.colcon_core.executor:Executing jobs using 'parallel' executor
[0.599s] DEBUG:colcon.colcon_parallel_executor.executor.parallel:run_until_complete
[0.599s] INFO:colcon.colcon_ros.task.ament_python.build:Building ROS package in '/home/illuminance_measurement_robot/ROS2_WS/src/brightness_measurement' with build type 'ament_python'
[0.599s] Level 1:colcon.colcon_core.shell:create_environment_hook('brightness_measurement', 'ament_prefix_path')
[0.602s] INFO:colcon.colcon_core.plugin_system:Skipping extension 'colcon_core.shell.bat': Not used on non-Windows systems
[0.602s] INFO:colcon.colcon_core.shell:Creating environment hook '/home/illuminance_measurement_robot/ROS2_WS/install/brightness_measurement/share/brightness_measurement/hook/ament_prefix_path.ps1'
[0.603s] INFO:colcon.colcon_core.shell:Creating environment descriptor '/home/illuminance_measurement_robot/ROS2_WS/install/brightness_measurement/share/brightness_measurement/hook/ament_prefix_path.dsv'
[0.604s] INFO:colcon.colcon_core.shell:Creating environment hook '/home/illuminance_measurement_robot/ROS2_WS/install/brightness_measurement/share/brightness_measurement/hook/ament_prefix_path.sh'
[0.605s] INFO:colcon.colcon_core.shell:Skip shell extension 'powershell' for command environment: Not usable outside of PowerShell
[0.605s] DEBUG:colcon.colcon_core.shell:Skip shell extension 'dsv' for command environment
[0.613s] INFO:colcon.colcon_ros.task.ament_python.build:Building ROS package in '/home/illuminance_measurement_robot/ROS2_WS/src/imu' with build type 'ament_python'
[0.614s] Level 1:colcon.colcon_core.shell:create_environment_hook('imu', 'ament_prefix_path')
[0.615s] INFO:colcon.colcon_core.shell:Creating environment hook '/home/illuminance_measurement_robot/ROS2_WS/install/imu/share/imu/hook/ament_prefix_path.ps1'
[0.616s] INFO:colcon.colcon_core.shell:Creating environment descriptor '/home/illuminance_measurement_robot/ROS2_WS/install/imu/share/imu/hook/ament_prefix_path.dsv'
[0.617s] INFO:colcon.colcon_core.shell:Creating environment hook '/home/illuminance_measurement_robot/ROS2_WS/install/imu/share/imu/hook/ament_prefix_path.sh'
[0.618s] INFO:colcon.colcon_core.shell:Skip shell extension 'powershell' for command environment: Not usable outside of PowerShell
[0.618s] DEBUG:colcon.colcon_core.shell:Skip shell extension 'dsv' for command environment
[0.627s] INFO:colcon.colcon_ros.task.ament_python.build:Building ROS package in '/home/illuminance_measurement_robot/ROS2_WS/src/motor_control' with build type 'ament_python'
[0.628s] Level 1:colcon.colcon_core.shell:create_environment_hook('motor_control', 'ament_prefix_path')
[0.628s] INFO:colcon.colcon_core.shell:Creating environment hook '/home/illuminance_measurement_robot/ROS2_WS/install/motor_control/share/motor_control/hook/ament_prefix_path.ps1'
[0.630s] INFO:colcon.colcon_core.shell:Creating environment descriptor '/home/illuminance_measurement_robot/ROS2_WS/install/motor_control/share/motor_control/hook/ament_prefix_path.dsv'
[0.631s] INFO:colcon.colcon_core.shell:Creating environment hook '/home/illuminance_measurement_robot/ROS2_WS/install/motor_control/share/motor_control/hook/ament_prefix_path.sh'
[0.633s] INFO:colcon.colcon_core.shell:Skip shell extension 'powershell' for command environment: Not usable outside of PowerShell
[0.633s] DEBUG:colcon.colcon_core.shell:Skip shell extension 'dsv' for command environment
[0.642s] INFO:colcon.colcon_ros.task.ament_cmake.build:Building ROS package in '/home/illuminance_measurement_robot/ROS2_WS/src/power_measurement' with build type 'ament_cmake'
[0.642s] INFO:colcon.colcon_cmake.task.cmake.build:Building CMake package in '/home/illuminance_measurement_robot/ROS2_WS/src/power_measurement'
[0.643s] INFO:colcon.colcon_core.shell:Skip shell extension 'powershell' for command environment: Not usable outside of PowerShell
[0.643s] DEBUG:colcon.colcon_core.shell:Skip shell extension 'dsv' for command environment
[0.971s] INFO:colcon.colcon_core.task.python.build:Building Python package in '/home/illuminance_measurement_robot/ROS2_WS/src/brightness_measurement'
[0.971s] INFO:colcon.colcon_core.shell:Skip shell extension 'powershell' for command environment: Not usable outside of PowerShell
[0.972s] DEBUG:colcon.colcon_core.shell:Skip shell extension 'dsv' for command environment
[1.289s] INFO:colcon.colcon_core.task.python.build:Building Python package in '/home/illuminance_measurement_robot/ROS2_WS/src/imu'
[1.290s] INFO:colcon.colcon_core.shell:Skip shell extension 'powershell' for command environment: Not usable outside of PowerShell
[1.290s] DEBUG:colcon.colcon_core.shell:Skip shell extension 'dsv' for command environment
[1.601s] INFO:colcon.colcon_core.task.python.build:Building Python package in '/home/illuminance_measurement_robot/ROS2_WS/src/motor_control'
[1.602s] INFO:colcon.colcon_core.shell:Skip shell extension 'powershell' for command environment: Not usable outside of PowerShell
[1.602s] DEBUG:colcon.colcon_core.shell:Skip shell extension 'dsv' for command environment
[1.623s] DEBUG:colcon.colcon_core.event_handler.log_command:Invoking command in '/home/illuminance_measurement_robot/ROS2_WS/build/power_measurement': CMAKE_PREFIX_PATH=/opt/ros/foxy /usr/bin/cmake --build /home/illuminance_measurement_robot/ROS2_WS/build/power_measurement -- -j4 -l4
[2.461s] DEBUG:colcon.colcon_core.event_handler.log_command:Invoked command in '/home/illuminance_measurement_robot/ROS2_WS/build/power_measurement' returned '0': CMAKE_PREFIX_PATH=/opt/ros/foxy /usr/bin/cmake --build /home/illuminance_measurement_robot/ROS2_WS/build/power_measurement -- -j4 -l4
[2.497s] DEBUG:colcon.colcon_core.event_handler.log_command:Invoking command in '/home/illuminance_measurement_robot/ROS2_WS/build/power_measurement': CMAKE_PREFIX_PATH=/opt/ros/foxy /usr/bin/cmake --install /home/illuminance_measurement_robot/ROS2_WS/build/power_measurement
[2.722s] Level 1:colcon.colcon_core.environment:create_environment_scripts_only(power_measurement)
[2.727s] DEBUG:colcon.colcon_core.event_handler.log_command:Invoking command in '/home/illuminance_measurement_robot/ROS2_WS/src/brightness_measurement': PYTHONPATH=/home/illuminance_measurement_robot/ROS2_WS/build/brightness_measurement/prefix_override:/usr/lib/python3/dist-packages/colcon_core/task/python/colcon_distutils_commands:/home/illuminance_measurement_robot/ROS2_WS/install/brightness_measurement/lib/python3.8/site-packages:${PYTHONPATH} /usr/bin/python3 -W ignore:setup.py install is deprecated -W ignore:easy_install command is deprecated setup.py egg_info --egg-base ../../build/brightness_measurement build --build-base /home/illuminance_measurement_robot/ROS2_WS/build/brightness_measurement/build install --record /home/illuminance_measurement_robot/ROS2_WS/build/brightness_measurement/install.log --install-scripts $base/lib/brightness_measurement --single-version-externally-managed install_data
[2.733s] Level 1:colcon.colcon_core.environment:checking '/home/illuminance_measurement_robot/ROS2_WS/install/power_measurement' for CMake module files
[2.736s] Level 1:colcon.colcon_core.environment:checking '/home/illuminance_measurement_robot/ROS2_WS/install/power_measurement' for CMake config files
[2.737s] Level 1:colcon.colcon_core.shell:create_environment_hook('power_measurement', 'cmake_prefix_path')
[2.737s] INFO:colcon.colcon_core.shell:Creating environment hook '/home/illuminance_measurement_robot/ROS2_WS/install/power_measurement/share/power_measurement/hook/cmake_prefix_path.ps1'
[2.740s] DEBUG:colcon.colcon_core.event_handler.log_command:Invoked command in '/home/illuminance_measurement_robot/ROS2_WS/build/power_measurement' returned '0': CMAKE_PREFIX_PATH=/opt/ros/foxy /usr/bin/cmake --install /home/illuminance_measurement_robot/ROS2_WS/build/power_measurement
[2.742s] INFO:colcon.colcon_core.shell:Creating environment descriptor '/home/illuminance_measurement_robot/ROS2_WS/install/power_measurement/share/power_measurement/hook/cmake_prefix_path.dsv'
[2.743s] INFO:colcon.colcon_core.shell:Creating environment hook '/home/illuminance_measurement_robot/ROS2_WS/install/power_measurement/share/power_measurement/hook/cmake_prefix_path.sh'
[2.746s] Level 1:colcon.colcon_core.environment:checking '/home/illuminance_measurement_robot/ROS2_WS/install/power_measurement/lib'
[2.746s] Level 1:colcon.colcon_core.shell:create_environment_hook('power_measurement', 'ld_library_path_lib')
[2.747s] INFO:colcon.colcon_core.shell:Creating environment hook '/home/illuminance_measurement_robot/ROS2_WS/install/power_measurement/share/power_measurement/hook/ld_library_path_lib.ps1'
[2.748s] INFO:colcon.colcon_core.shell:Creating environment descriptor '/home/illuminance_measurement_robot/ROS2_WS/install/power_measurement/share/power_measurement/hook/ld_library_path_lib.dsv'
[2.749s] INFO:colcon.colcon_core.shell:Creating environment hook '/home/illuminance_measurement_robot/ROS2_WS/install/power_measurement/share/power_measurement/hook/ld_library_path_lib.sh'
[2.750s] Level 1:colcon.colcon_core.environment:checking '/home/illuminance_measurement_robot/ROS2_WS/install/power_measurement/bin'
[2.751s] Level 1:colcon.colcon_core.environment:checking '/home/illuminance_measurement_robot/ROS2_WS/install/power_measurement/lib/pkgconfig/power_measurement.pc'
[2.751s] Level 1:colcon.colcon_core.environment:checking '/home/illuminance_measurement_robot/ROS2_WS/install/power_measurement/lib/python3.8/site-packages'
[2.751s] Level 1:colcon.colcon_core.shell:create_environment_hook('power_measurement', 'pythonpath')
[2.752s] INFO:colcon.colcon_core.shell:Creating environment hook '/home/illuminance_measurement_robot/ROS2_WS/install/power_measurement/share/power_measurement/hook/pythonpath.ps1'
[2.753s] INFO:colcon.colcon_core.shell:Creating environment descriptor '/home/illuminance_measurement_robot/ROS2_WS/install/power_measurement/share/power_measurement/hook/pythonpath.dsv'
[2.754s] INFO:colcon.colcon_core.shell:Creating environment hook '/home/illuminance_measurement_robot/ROS2_WS/install/power_measurement/share/power_measurement/hook/pythonpath.sh'
[2.755s] Level 1:colcon.colcon_core.environment:checking '/home/illuminance_measurement_robot/ROS2_WS/install/power_measurement/bin'
[2.756s] INFO:colcon.colcon_core.shell:Creating package script '/home/illuminance_measurement_robot/ROS2_WS/install/power_measurement/share/power_measurement/package.ps1'
[2.758s] INFO:colcon.colcon_core.shell:Creating package descriptor '/home/illuminance_measurement_robot/ROS2_WS/install/power_measurement/share/power_measurement/package.dsv'
[2.759s] INFO:colcon.colcon_core.shell:Creating package script '/home/illuminance_measurement_robot/ROS2_WS/install/power_measurement/share/power_measurement/package.sh'
[2.761s] INFO:colcon.colcon_core.shell:Creating package script '/home/illuminance_measurement_robot/ROS2_WS/install/power_measurement/share/power_measurement/package.bash'
[2.763s] INFO:colcon.colcon_core.shell:Creating package script '/home/illuminance_measurement_robot/ROS2_WS/install/power_measurement/share/power_measurement/package.zsh'
[2.765s] Level 1:colcon.colcon_core.environment:create_file_with_runtime_dependencies(/home/illuminance_measurement_robot/ROS2_WS/install/power_measurement/share/colcon-core/packages/power_measurement)
[2.767s] Level 1:colcon.colcon_core.environment:create_environment_scripts_only(power_measurement)
[2.768s] Level 1:colcon.colcon_core.environment:checking '/home/illuminance_measurement_robot/ROS2_WS/install/power_measurement' for CMake module files
[2.769s] Level 1:colcon.colcon_core.environment:checking '/home/illuminance_measurement_robot/ROS2_WS/install/power_measurement' for CMake config files
[2.769s] Level 1:colcon.colcon_core.shell:create_environment_hook('power_measurement', 'cmake_prefix_path')
[2.770s] INFO:colcon.colcon_core.shell:Creating environment hook '/home/illuminance_measurement_robot/ROS2_WS/install/power_measurement/share/power_measurement/hook/cmake_prefix_path.ps1'
[2.771s] INFO:colcon.colcon_core.shell:Creating environment descriptor '/home/illuminance_measurement_robot/ROS2_WS/install/power_measurement/share/power_measurement/hook/cmake_prefix_path.dsv'
[2.772s] INFO:colcon.colcon_core.shell:Creating environment hook '/home/illuminance_measurement_robot/ROS2_WS/install/power_measurement/share/power_measurement/hook/cmake_prefix_path.sh'
[2.774s] Level 1:colcon.colcon_core.environment:checking '/home/illuminance_measurement_robot/ROS2_WS/install/power_measurement/lib'
[2.774s] Level 1:colcon.colcon_core.shell:create_environment_hook('power_measurement', 'ld_library_path_lib')
[2.774s] INFO:colcon.colcon_core.shell:Creating environment hook '/home/illuminance_measurement_robot/ROS2_WS/install/power_measurement/share/power_measurement/hook/ld_library_path_lib.ps1'
[2.775s] INFO:colcon.colcon_core.shell:Creating environment descriptor '/home/illuminance_measurement_robot/ROS2_WS/install/power_measurement/share/power_measurement/hook/ld_library_path_lib.dsv'
[2.776s] INFO:colcon.colcon_core.shell:Creating environment hook '/home/illuminance_measurement_robot/ROS2_WS/install/power_measurement/share/power_measurement/hook/ld_library_path_lib.sh'
[2.777s] Level 1:colcon.colcon_core.environment:checking '/home/illuminance_measurement_robot/ROS2_WS/install/power_measurement/bin'
[2.777s] Level 1:colcon.colcon_core.environment:checking '/home/illuminance_measurement_robot/ROS2_WS/install/power_measurement/lib/pkgconfig/power_measurement.pc'
[2.778s] Level 1:colcon.colcon_core.environment:checking '/home/illuminance_measurement_robot/ROS2_WS/install/power_measurement/lib/python3.8/site-packages'
[2.778s] Level 1:colcon.colcon_core.shell:create_environment_hook('power_measurement', 'pythonpath')
[2.778s] INFO:colcon.colcon_core.shell:Creating environment hook '/home/illuminance_measurement_robot/ROS2_WS/install/power_measurement/share/power_measurement/hook/pythonpath.ps1'
[2.779s] INFO:colcon.colcon_core.shell:Creating environment descriptor '/home/illuminance_measurement_robot/ROS2_WS/install/power_measurement/share/power_measurement/hook/pythonpath.dsv'
[2.780s] INFO:colcon.colcon_core.shell:Creating environment hook '/home/illuminance_measurement_robot/ROS2_WS/install/power_measurement/share/power_measurement/hook/pythonpath.sh'
[2.781s] Level 1:colcon.colcon_core.environment:checking '/home/illuminance_measurement_robot/ROS2_WS/install/power_measurement/bin'
[2.781s] INFO:colcon.colcon_core.shell:Creating package script '/home/illuminance_measurement_robot/ROS2_WS/install/power_measurement/share/power_measurement/package.ps1'
[2.783s] INFO:colcon.colcon_core.shell:Creating package descriptor '/home/illuminance_measurement_robot/ROS2_WS/install/power_measurement/share/power_measurement/package.dsv'
[2.784s] INFO:colcon.colcon_core.shell:Creating package script '/home/illuminance_measurement_robot/ROS2_WS/install/power_measurement/share/power_measurement/package.sh'
[2.785s] INFO:colcon.colcon_core.shell:Creating package script '/home/illuminance_measurement_robot/ROS2_WS/install/power_measurement/share/power_measurement/package.bash'
[2.786s] INFO:colcon.colcon_core.shell:Creating package script '/home/illuminance_measurement_robot/ROS2_WS/install/power_measurement/share/power_measurement/package.zsh'
[2.787s] Level 1:colcon.colcon_core.environment:create_file_with_runtime_dependencies(/home/illuminance_measurement_robot/ROS2_WS/install/power_measurement/share/colcon-core/packages/power_measurement)
[2.799s] DEBUG:colcon.colcon_core.event_handler.log_command:Invoking command in '/home/illuminance_measurement_robot/ROS2_WS/src/imu': PYTHONPATH=/home/illuminance_measurement_robot/ROS2_WS/build/imu/prefix_override:/usr/lib/python3/dist-packages/colcon_core/task/python/colcon_distutils_commands:/home/illuminance_measurement_robot/ROS2_WS/install/imu/lib/python3.8/site-packages:${PYTHONPATH} /usr/bin/python3 -W ignore:setup.py install is deprecated -W ignore:easy_install command is deprecated setup.py egg_info --egg-base ../../build/imu build --build-base /home/illuminance_measurement_robot/ROS2_WS/build/imu/build install --record /home/illuminance_measurement_robot/ROS2_WS/build/imu/install.log --install-scripts $base/lib/imu --single-version-externally-managed install_data
[2.810s] DEBUG:colcon.colcon_core.event_handler.log_command:Invoking command in '/home/illuminance_measurement_robot/ROS2_WS/src/motor_control': PYTHONPATH=/home/illuminance_measurement_robot/ROS2_WS/build/motor_control/prefix_override:/usr/lib/python3/dist-packages/colcon_core/task/python/colcon_distutils_commands:/home/illuminance_measurement_robot/ROS2_WS/install/motor_control/lib/python3.8/site-packages:${PYTHONPATH} /usr/bin/python3 -W ignore:setup.py install is deprecated -W ignore:easy_install command is deprecated setup.py egg_info --egg-base ../../build/motor_control build --build-base /home/illuminance_measurement_robot/ROS2_WS/build/motor_control/build install --record /home/illuminance_measurement_robot/ROS2_WS/build/motor_control/install.log --install-scripts $base/lib/motor_control --single-version-externally-managed install_data
[3.294s] Level 1:colcon.colcon_core.environment:checking '/home/illuminance_measurement_robot/ROS2_WS/install/brightness_measurement' for CMake module files
[3.296s] DEBUG:colcon.colcon_core.event_handler.log_command:Invoked command in '/home/illuminance_measurement_robot/ROS2_WS/src/brightness_measurement' returned '0': PYTHONPATH=/home/illuminance_measurement_robot/ROS2_WS/build/brightness_measurement/prefix_override:/usr/lib/python3/dist-packages/colcon_core/task/python/colcon_distutils_commands:/home/illuminance_measurement_robot/ROS2_WS/install/brightness_measurement/lib/python3.8/site-packages:${PYTHONPATH} /usr/bin/python3 -W ignore:setup.py install is deprecated -W ignore:easy_install command is deprecated setup.py egg_info --egg-base ../../build/brightness_measurement build --build-base /home/illuminance_measurement_robot/ROS2_WS/build/brightness_measurement/build install --record /home/illuminance_measurement_robot/ROS2_WS/build/brightness_measurement/install.log --install-scripts $base/lib/brightness_measurement --single-version-externally-managed install_data
[3.297s] Level 1:colcon.colcon_core.environment:checking '/home/illuminance_measurement_robot/ROS2_WS/install/brightness_measurement' for CMake config files
[3.301s] Level 1:colcon.colcon_core.environment:checking '/home/illuminance_measurement_robot/ROS2_WS/install/brightness_measurement/lib'
[3.301s] Level 1:colcon.colcon_core.environment:checking '/home/illuminance_measurement_robot/ROS2_WS/install/brightness_measurement/bin'
[3.301s] Level 1:colcon.colcon_core.environment:checking '/home/illuminance_measurement_robot/ROS2_WS/install/brightness_measurement/lib/pkgconfig/brightness_measurement.pc'
[3.302s] Level 1:colcon.colcon_core.environment:checking '/home/illuminance_measurement_robot/ROS2_WS/install/brightness_measurement/lib/python3.8/site-packages'
[3.302s] Level 1:colcon.colcon_core.shell:create_environment_hook('brightness_measurement', 'pythonpath')
[3.303s] INFO:colcon.colcon_core.shell:Creating environment hook '/home/illuminance_measurement_robot/ROS2_WS/install/brightness_measurement/share/brightness_measurement/hook/pythonpath.ps1'
[3.305s] INFO:colcon.colcon_core.shell:Creating environment descriptor '/home/illuminance_measurement_robot/ROS2_WS/install/brightness_measurement/share/brightness_measurement/hook/pythonpath.dsv'
[3.307s] INFO:colcon.colcon_core.shell:Creating environment hook '/home/illuminance_measurement_robot/ROS2_WS/install/brightness_measurement/share/brightness_measurement/hook/pythonpath.sh'
[3.309s] Level 1:colcon.colcon_core.environment:checking '/home/illuminance_measurement_robot/ROS2_WS/install/brightness_measurement/bin'
[3.310s] Level 1:colcon.colcon_core.environment:create_environment_scripts_only(brightness_measurement)
[3.311s] INFO:colcon.colcon_core.shell:Creating package script '/home/illuminance_measurement_robot/ROS2_WS/install/brightness_measurement/share/brightness_measurement/package.ps1'
[3.313s] INFO:colcon.colcon_core.shell:Creating package descriptor '/home/illuminance_measurement_robot/ROS2_WS/install/brightness_measurement/share/brightness_measurement/package.dsv'
[3.314s] INFO:colcon.colcon_core.shell:Creating package script '/home/illuminance_measurement_robot/ROS2_WS/install/brightness_measurement/share/brightness_measurement/package.sh'
[3.316s] INFO:colcon.colcon_core.shell:Creating package script '/home/illuminance_measurement_robot/ROS2_WS/install/brightness_measurement/share/brightness_measurement/package.bash'
[3.318s] INFO:colcon.colcon_core.shell:Creating package script '/home/illuminance_measurement_robot/ROS2_WS/install/brightness_measurement/share/brightness_measurement/package.zsh'
[3.320s] Level 1:colcon.colcon_core.environment:create_file_with_runtime_dependencies(/home/illuminance_measurement_robot/ROS2_WS/install/brightness_measurement/share/colcon-core/packages/brightness_measurement)
[3.360s] Level 1:colcon.colcon_core.environment:checking '/home/illuminance_measurement_robot/ROS2_WS/install/motor_control' for CMake module files
[3.361s] DEBUG:colcon.colcon_core.event_handler.log_command:Invoked command in '/home/illuminance_measurement_robot/ROS2_WS/src/motor_control' returned '0': PYTHONPATH=/home/illuminance_measurement_robot/ROS2_WS/build/motor_control/prefix_override:/usr/lib/python3/dist-packages/colcon_core/task/python/colcon_distutils_commands:/home/illuminance_measurement_robot/ROS2_WS/install/motor_control/lib/python3.8/site-packages:${PYTHONPATH} /usr/bin/python3 -W ignore:setup.py install is deprecated -W ignore:easy_install command is deprecated setup.py egg_info --egg-base ../../build/motor_control build --build-base /home/illuminance_measurement_robot/ROS2_WS/build/motor_control/build install --record /home/illuminance_measurement_robot/ROS2_WS/build/motor_control/install.log --install-scripts $base/lib/motor_control --single-version-externally-managed install_data
[3.362s] Level 1:colcon.colcon_core.environment:checking '/home/illuminance_measurement_robot/ROS2_WS/install/motor_control' for CMake config files
[3.363s] Level 1:colcon.colcon_core.environment:checking '/home/illuminance_measurement_robot/ROS2_WS/install/motor_control/lib'
[3.363s] Level 1:colcon.colcon_core.environment:checking '/home/illuminance_measurement_robot/ROS2_WS/install/motor_control/bin'
[3.363s] Level 1:colcon.colcon_core.environment:checking '/home/illuminance_measurement_robot/ROS2_WS/install/motor_control/lib/pkgconfig/motor_control.pc'
[3.364s] Level 1:colcon.colcon_core.environment:checking '/home/illuminance_measurement_robot/ROS2_WS/install/motor_control/lib/python3.8/site-packages'
[3.364s] Level 1:colcon.colcon_core.shell:create_environment_hook('motor_control', 'pythonpath')
[3.364s] INFO:colcon.colcon_core.shell:Creating environment hook '/home/illuminance_measurement_robot/ROS2_WS/install/motor_control/share/motor_control/hook/pythonpath.ps1'
[3.365s] INFO:colcon.colcon_core.shell:Creating environment descriptor '/home/illuminance_measurement_robot/ROS2_WS/install/motor_control/share/motor_control/hook/pythonpath.dsv'
[3.366s] INFO:colcon.colcon_core.shell:Creating environment hook '/home/illuminance_measurement_robot/ROS2_WS/install/motor_control/share/motor_control/hook/pythonpath.sh'
[3.367s] Level 1:colcon.colcon_core.environment:checking '/home/illuminance_measurement_robot/ROS2_WS/install/motor_control/bin'
[3.367s] Level 1:colcon.colcon_core.environment:create_environment_scripts_only(motor_control)
[3.368s] INFO:colcon.colcon_core.shell:Creating package script '/home/illuminance_measurement_robot/ROS2_WS/install/motor_control/share/motor_control/package.ps1'
[3.368s] INFO:colcon.colcon_core.shell:Creating package descriptor '/home/illuminance_measurement_robot/ROS2_WS/install/motor_control/share/motor_control/package.dsv'
[3.369s] INFO:colcon.colcon_core.shell:Creating package script '/home/illuminance_measurement_robot/ROS2_WS/install/motor_control/share/motor_control/package.sh'
[3.370s] INFO:colcon.colcon_core.shell:Creating package script '/home/illuminance_measurement_robot/ROS2_WS/install/motor_control/share/motor_control/package.bash'
[3.370s] INFO:colcon.colcon_core.shell:Creating package script '/home/illuminance_measurement_robot/ROS2_WS/install/motor_control/share/motor_control/package.zsh'
[3.370s] Level 1:colcon.colcon_core.environment:create_file_with_runtime_dependencies(/home/illuminance_measurement_robot/ROS2_WS/install/motor_control/share/colcon-core/packages/motor_control)
[3.372s] Level 1:colcon.colcon_core.environment:checking '/home/illuminance_measurement_robot/ROS2_WS/install/imu' for CMake module files
[3.373s] DEBUG:colcon.colcon_core.event_handler.log_command:Invoked command in '/home/illuminance_measurement_robot/ROS2_WS/src/imu' returned '0': PYTHONPATH=/home/illuminance_measurement_robot/ROS2_WS/build/imu/prefix_override:/usr/lib/python3/dist-packages/colcon_core/task/python/colcon_distutils_commands:/home/illuminance_measurement_robot/ROS2_WS/install/imu/lib/python3.8/site-packages:${PYTHONPATH} /usr/bin/python3 -W ignore:setup.py install is deprecated -W ignore:easy_install command is deprecated setup.py egg_info --egg-base ../../build/imu build --build-base /home/illuminance_measurement_robot/ROS2_WS/build/imu/build install --record /home/illuminance_measurement_robot/ROS2_WS/build/imu/install.log --install-scripts $base/lib/imu --single-version-externally-managed install_data
[3.374s] Level 1:colcon.colcon_core.environment:checking '/home/illuminance_measurement_robot/ROS2_WS/install/imu' for CMake config files
[3.374s] Level 1:colcon.colcon_core.environment:checking '/home/illuminance_measurement_robot/ROS2_WS/install/imu/lib'
[3.375s] Level 1:colcon.colcon_core.environment:checking '/home/illuminance_measurement_robot/ROS2_WS/install/imu/bin'
[3.375s] Level 1:colcon.colcon_core.environment:checking '/home/illuminance_measurement_robot/ROS2_WS/install/imu/lib/pkgconfig/imu.pc'
[3.375s] Level 1:colcon.colcon_core.environment:checking '/home/illuminance_measurement_robot/ROS2_WS/install/imu/lib/python3.8/site-packages'
[3.375s] Level 1:colcon.colcon_core.shell:create_environment_hook('imu', 'pythonpath')
[3.375s] INFO:colcon.colcon_core.shell:Creating environment hook '/home/illuminance_measurement_robot/ROS2_WS/install/imu/share/imu/hook/pythonpath.ps1'
[3.376s] INFO:colcon.colcon_core.shell:Creating environment descriptor '/home/illuminance_measurement_robot/ROS2_WS/install/imu/share/imu/hook/pythonpath.dsv'
[3.377s] INFO:colcon.colcon_core.shell:Creating environment hook '/home/illuminance_measurement_robot/ROS2_WS/install/imu/share/imu/hook/pythonpath.sh'
[3.378s] Level 1:colcon.colcon_core.environment:checking '/home/illuminance_measurement_robot/ROS2_WS/install/imu/bin'
[3.378s] Level 1:colcon.colcon_core.environment:create_environment_scripts_only(imu)
[3.378s] INFO:colcon.colcon_core.shell:Creating package script '/home/illuminance_measurement_robot/ROS2_WS/install/imu/share/imu/package.ps1'
[3.379s] INFO:colcon.colcon_core.shell:Creating package descriptor '/home/illuminance_measurement_robot/ROS2_WS/install/imu/share/imu/package.dsv'
[3.380s] INFO:colcon.colcon_core.shell:Creating package script '/home/illuminance_measurement_robot/ROS2_WS/install/imu/share/imu/package.sh'
[3.381s] INFO:colcon.colcon_core.shell:Creating package script '/home/illuminance_measurement_robot/ROS2_WS/install/imu/share/imu/package.bash'
[3.382s] INFO:colcon.colcon_core.shell:Creating package script '/home/illuminance_measurement_robot/ROS2_WS/install/imu/share/imu/package.zsh'
[3.382s] Level 1:colcon.colcon_core.environment:create_file_with_runtime_dependencies(/home/illuminance_measurement_robot/ROS2_WS/install/imu/share/colcon-core/packages/imu)
[3.383s] DEBUG:colcon.colcon_parallel_executor.executor.parallel:closing loop
[3.383s] DEBUG:colcon.colcon_parallel_executor.executor.parallel:loop closed
[3.383s] DEBUG:colcon.colcon_parallel_executor.executor.parallel:run_until_complete finished with '0'
[3.384s] DEBUG:colcon.colcon_core.event_reactor:joining thread
[3.394s] INFO:colcon.colcon_core.plugin_system:Skipping extension 'colcon_notification.desktop_notification.notify_send': Could not find 'notify-send'
[3.394s] INFO:colcon.colcon_core.plugin_system:Skipping extension 'colcon_notification.desktop_notification.terminal_notifier': Not used on non-Darwin systems
[3.394s] INFO:colcon.colcon_core.plugin_system:Skipping extension 'colcon_notification.desktop_notification.win32': Not used on non-Windows systems
[3.394s] INFO:colcon.colcon_notification.desktop_notification:Sending desktop notification using 'notify2'
[3.395s] DEBUG:colcon.colcon_notification.desktop_notification.notify2:Failed to initialize notify2: org.freedesktop.DBus.Error.NotSupported: Unable to autolaunch a dbus-daemon without a $DISPLAY for X11
[3.395s] DEBUG:colcon.colcon_core.event_reactor:joined thread
[3.395s] INFO:colcon.colcon_core.shell:Creating prefix script '/home/illuminance_measurement_robot/ROS2_WS/install/local_setup.ps1'
[3.397s] INFO:colcon.colcon_core.shell:Creating prefix util module '/home/illuminance_measurement_robot/ROS2_WS/install/_local_setup_util_ps1.py'
[3.399s] INFO:colcon.colcon_core.shell:Creating prefix chain script '/home/illuminance_measurement_robot/ROS2_WS/install/setup.ps1'
[3.400s] INFO:colcon.colcon_core.shell:Creating prefix script '/home/illuminance_measurement_robot/ROS2_WS/install/local_setup.sh'
[3.401s] INFO:colcon.colcon_core.shell:Creating prefix util module '/home/illuminance_measurement_robot/ROS2_WS/install/_local_setup_util_sh.py'
[3.401s] INFO:colcon.colcon_core.shell:Creating prefix chain script '/home/illuminance_measurement_robot/ROS2_WS/install/setup.sh'
[3.403s] INFO:colcon.colcon_core.shell:Creating prefix script '/home/illuminance_measurement_robot/ROS2_WS/install/local_setup.bash'
[3.403s] INFO:colcon.colcon_core.shell:Creating prefix chain script '/home/illuminance_measurement_robot/ROS2_WS/install/setup.bash'
[3.405s] INFO:colcon.colcon_core.shell:Creating prefix script '/home/illuminance_measurement_robot/ROS2_WS/install/local_setup.zsh'
[3.406s] INFO:colcon.colcon_core.shell:Creating prefix chain script '/home/illuminance_measurement_robot/ROS2_WS/install/setup.zsh'
