[0.247s] DEBUG:colcon:Command line arguments: ['/usr/bin/colcon', 'build']
[0.247s] DEBUG:colcon:Parsed command line arguments: Namespace(allow_overriding=[], ament_cmake_args=None, base_paths=['.'], build_base='build', catkin_cmake_args=None, catkin_skip_building_tests=False, cmake_args=None, cmake_clean_cache=False, cmake_clean_first=False, cmake_force_configure=False, cmake_target=None, cmake_target_skip_unavailable=False, continue_on_error=False, event_handlers=None, executor='parallel', ignore_user_meta=False, install_base='install', log_base=None, log_level=None, main=<bound method BuildVerb.main of <colcon_core.verb.build.BuildVerb object at 0xffffb55880a0>>, merge_install=False, metas=['./colcon.meta'], packages_above=None, packages_above_and_dependencies=None, packages_above_depth=None, packages_end=None, packages_ignore=None, packages_ignore_regex=None, packages_select=None, packages_select_build_failed=False, packages_select_by_dep=None, packages_select_regex=None, packages_select_test_failures=False, packages_skip=None, packages_skip_build_finished=False, packages_skip_by_dep=None, packages_skip_regex=None, packages_skip_test_passed=False, packages_skip_up_to=None, packages_start=None, packages_up_to=None, packages_up_to_regex=None, parallel_workers=4, paths=None, symlink_install=False, test_result_base=None, verb_extension=<colcon_core.verb.build.BuildVerb object at 0xffffb55880a0>, verb_name='build', verb_parser=<colcon_defaults.argument_parser.defaults.DefaultArgumentsDecorator object at 0xffffb54db700>)
[0.435s] Level 1:colcon.colcon_core.package_discovery:discover_packages(colcon_meta) check parameters
[0.435s] Level 1:colcon.colcon_core.package_discovery:discover_packages(recursive) check parameters
[0.435s] Level 1:colcon.colcon_core.package_discovery:discover_packages(ignore) check parameters
[0.436s] Level 1:colcon.colcon_core.package_discovery:discover_packages(path) check parameters
[0.436s] Level 1:colcon.colcon_core.package_discovery:discover_packages(colcon_meta) discover
[0.436s] Level 1:colcon.colcon_core.package_discovery:discover_packages(recursive) discover
[0.436s] INFO:colcon.colcon_core.package_discovery:Crawling recursively for packages in '/home/illuminance_measurement_robot/ROS2_WS'
[0.436s] Level 1:colcon.colcon_core.package_identification:_identify(.) by extensions ['ignore', 'ignore_ament_install']
[0.436s] Level 1:colcon.colcon_core.package_identification:_identify(.) by extension 'ignore'
[0.436s] Level 1:colcon.colcon_core.package_identification:_identify(.) by extension 'ignore_ament_install'
[0.436s] Level 1:colcon.colcon_core.package_identification:_identify(.) by extensions ['colcon_pkg']
[0.436s] Level 1:colcon.colcon_core.package_identification:_identify(.) by extension 'colcon_pkg'
[0.436s] Level 1:colcon.colcon_core.package_identification:_identify(.) by extensions ['colcon_meta']
[0.436s] Level 1:colcon.colcon_core.package_identification:_identify(.) by extension 'colcon_meta'
[0.436s] Level 1:colcon.colcon_core.package_identification:_identify(.) by extensions ['ros']
[0.436s] Level 1:colcon.colcon_core.package_identification:_identify(.) by extension 'ros'
[0.454s] Level 1:colcon.colcon_core.package_identification:_identify(.) by extensions ['cmake', 'python']
[0.454s] Level 1:colcon.colcon_core.package_identification:_identify(.) by extension 'cmake'
[0.454s] Level 1:colcon.colcon_core.package_identification:_identify(.) by extension 'python'
[0.454s] Level 1:colcon.colcon_core.package_identification:_identify(.) by extensions ['python_setup_py']
[0.454s] Level 1:colcon.colcon_core.package_identification:_identify(.) by extension 'python_setup_py'
[0.454s] Level 1:colcon.colcon_core.package_identification:_identify(build) by extensions ['ignore', 'ignore_ament_install']
[0.454s] Level 1:colcon.colcon_core.package_identification:_identify(build) by extension 'ignore'
[0.454s] Level 1:colcon.colcon_core.package_identification:_identify(build) ignored
[0.455s] Level 1:colcon.colcon_core.package_identification:_identify(install) by extensions ['ignore', 'ignore_ament_install']
[0.455s] Level 1:colcon.colcon_core.package_identification:_identify(install) by extension 'ignore'
[0.455s] Level 1:colcon.colcon_core.package_identification:_identify(install) ignored
[0.455s] Level 1:colcon.colcon_core.package_identification:_identify(log) by extensions ['ignore', 'ignore_ament_install']
[0.455s] Level 1:colcon.colcon_core.package_identification:_identify(log) by extension 'ignore'
[0.455s] Level 1:colcon.colcon_core.package_identification:_identify(log) ignored
[0.455s] Level 1:colcon.colcon_core.package_identification:_identify(src) by extensions ['ignore', 'ignore_ament_install']
[0.455s] Level 1:colcon.colcon_core.package_identification:_identify(src) by extension 'ignore'
[0.455s] Level 1:colcon.colcon_core.package_identification:_identify(src) by extension 'ignore_ament_install'
[0.455s] Level 1:colcon.colcon_core.package_identification:_identify(src) by extensions ['colcon_pkg']
[0.455s] Level 1:colcon.colcon_core.package_identification:_identify(src) by extension 'colcon_pkg'
[0.455s] Level 1:colcon.colcon_core.package_identification:_identify(src) by extensions ['colcon_meta']
[0.456s] Level 1:colcon.colcon_core.package_identification:_identify(src) by extension 'colcon_meta'
[0.456s] Level 1:colcon.colcon_core.package_identification:_identify(src) by extensions ['ros']
[0.456s] Level 1:colcon.colcon_core.package_identification:_identify(src) by extension 'ros'
[0.456s] Level 1:colcon.colcon_core.package_identification:_identify(src) by extensions ['cmake', 'python']
[0.456s] Level 1:colcon.colcon_core.package_identification:_identify(src) by extension 'cmake'
[0.456s] Level 1:colcon.colcon_core.package_identification:_identify(src) by extension 'python'
[0.456s] Level 1:colcon.colcon_core.package_identification:_identify(src) by extensions ['python_setup_py']
[0.456s] Level 1:colcon.colcon_core.package_identification:_identify(src) by extension 'python_setup_py'
[0.456s] Level 1:colcon.colcon_core.package_identification:_identify(src/brightness_measurement) by extensions ['ignore', 'ignore_ament_install']
[0.456s] Level 1:colcon.colcon_core.package_identification:_identify(src/brightness_measurement) by extension 'ignore'
[0.456s] Level 1:colcon.colcon_core.package_identification:_identify(src/brightness_measurement) by extension 'ignore_ament_install'
[0.456s] Level 1:colcon.colcon_core.package_identification:_identify(src/brightness_measurement) by extensions ['colcon_pkg']
[0.456s] Level 1:colcon.colcon_core.package_identification:_identify(src/brightness_measurement) by extension 'colcon_pkg'
[0.456s] Level 1:colcon.colcon_core.package_identification:_identify(src/brightness_measurement) by extensions ['colcon_meta']
[0.456s] Level 1:colcon.colcon_core.package_identification:_identify(src/brightness_measurement) by extension 'colcon_meta'
[0.456s] Level 1:colcon.colcon_core.package_identification:_identify(src/brightness_measurement) by extensions ['ros']
[0.456s] Level 1:colcon.colcon_core.package_identification:_identify(src/brightness_measurement) by extension 'ros'
[0.460s] DEBUG:colcon.colcon_core.package_identification:Package 'src/brightness_measurement' with type 'ros.ament_python' and name 'brightness_measurement'
[0.460s] Level 1:colcon.colcon_core.package_identification:_identify(src/imu) by extensions ['ignore', 'ignore_ament_install']
[0.460s] Level 1:colcon.colcon_core.package_identification:_identify(src/imu) by extension 'ignore'
[0.460s] Level 1:colcon.colcon_core.package_identification:_identify(src/imu) by extension 'ignore_ament_install'
[0.460s] Level 1:colcon.colcon_core.package_identification:_identify(src/imu) by extensions ['colcon_pkg']
[0.460s] Level 1:colcon.colcon_core.package_identification:_identify(src/imu) by extension 'colcon_pkg'
[0.460s] Level 1:colcon.colcon_core.package_identification:_identify(src/imu) by extensions ['colcon_meta']
[0.460s] Level 1:colcon.colcon_core.package_identification:_identify(src/imu) by extension 'colcon_meta'
[0.460s] Level 1:colcon.colcon_core.package_identification:_identify(src/imu) by extensions ['ros']
[0.460s] Level 1:colcon.colcon_core.package_identification:_identify(src/imu) by extension 'ros'
[0.461s] DEBUG:colcon.colcon_core.package_identification:Package 'src/imu' with type 'ros.ament_python' and name 'imu'
[0.461s] Level 1:colcon.colcon_core.package_identification:_identify(src/motor_control) by extensions ['ignore', 'ignore_ament_install']
[0.461s] Level 1:colcon.colcon_core.package_identification:_identify(src/motor_control) by extension 'ignore'
[0.462s] Level 1:colcon.colcon_core.package_identification:_identify(src/motor_control) by extension 'ignore_ament_install'
[0.462s] Level 1:colcon.colcon_core.package_identification:_identify(src/motor_control) by extensions ['colcon_pkg']
[0.462s] Level 1:colcon.colcon_core.package_identification:_identify(src/motor_control) by extension 'colcon_pkg'
[0.462s] Level 1:colcon.colcon_core.package_identification:_identify(src/motor_control) by extensions ['colcon_meta']
[0.462s] Level 1:colcon.colcon_core.package_identification:_identify(src/motor_control) by extension 'colcon_meta'
[0.462s] Level 1:colcon.colcon_core.package_identification:_identify(src/motor_control) by extensions ['ros']
[0.462s] Level 1:colcon.colcon_core.package_identification:_identify(src/motor_control) by extension 'ros'
[0.462s] DEBUG:colcon.colcon_core.package_identification:Package 'src/motor_control' with type 'ros.ament_python' and name 'motor_control'
[0.463s] Level 1:colcon.colcon_core.package_identification:_identify(src/power_measurement) by extensions ['ignore', 'ignore_ament_install']
[0.463s] Level 1:colcon.colcon_core.package_identification:_identify(src/power_measurement) by extension 'ignore'
[0.463s] Level 1:colcon.colcon_core.package_identification:_identify(src/power_measurement) by extension 'ignore_ament_install'
[0.463s] Level 1:colcon.colcon_core.package_identification:_identify(src/power_measurement) by extensions ['colcon_pkg']
[0.463s] Level 1:colcon.colcon_core.package_identification:_identify(src/power_measurement) by extension 'colcon_pkg'
[0.463s] Level 1:colcon.colcon_core.package_identification:_identify(src/power_measurement) by extensions ['colcon_meta']
[0.463s] Level 1:colcon.colcon_core.package_identification:_identify(src/power_measurement) by extension 'colcon_meta'
[0.463s] Level 1:colcon.colcon_core.package_identification:_identify(src/power_measurement) by extensions ['ros']
[0.463s] Level 1:colcon.colcon_core.package_identification:_identify(src/power_measurement) by extension 'ros'
[0.464s] DEBUG:colcon.colcon_core.package_identification:Package 'src/power_measurement' with type 'ros.ament_cmake' and name 'power_measurement'
[0.464s] Level 1:colcon.colcon_core.package_discovery:discover_packages(recursive) using defaults
[0.464s] Level 1:colcon.colcon_core.package_discovery:discover_packages(ignore) discover
[0.464s] Level 1:colcon.colcon_core.package_discovery:discover_packages(ignore) using defaults
[0.464s] Level 1:colcon.colcon_core.package_discovery:discover_packages(path) discover
[0.464s] Level 1:colcon.colcon_core.package_discovery:discover_packages(path) using defaults
[0.485s] Level 1:colcon.colcon_core.package_discovery:discover_packages(prefix_path) check parameters
[0.485s] Level 1:colcon.colcon_core.package_discovery:discover_packages(prefix_path) discover
[0.488s] DEBUG:colcon.colcon_installed_package_information.package_discovery:Found 258 installed packages in /opt/ros/foxy
[0.490s] Level 1:colcon.colcon_core.package_discovery:discover_packages(prefix_path) using defaults
[0.597s] Level 5:colcon.colcon_core.verb:set package 'brightness_measurement' build argument 'cmake_args' from command line to 'None'
[0.597s] Level 5:colcon.colcon_core.verb:set package 'brightness_measurement' build argument 'cmake_target' from command line to 'None'
[0.597s] Level 5:colcon.colcon_core.verb:set package 'brightness_measurement' build argument 'cmake_target_skip_unavailable' from command line to 'False'
[0.597s] Level 5:colcon.colcon_core.verb:set package 'brightness_measurement' build argument 'cmake_clean_cache' from command line to 'False'
[0.598s] Level 5:colcon.colcon_core.verb:set package 'brightness_measurement' build argument 'cmake_clean_first' from command line to 'False'
[0.598s] Level 5:colcon.colcon_core.verb:set package 'brightness_measurement' build argument 'cmake_force_configure' from command line to 'False'
[0.598s] Level 5:colcon.colcon_core.verb:set package 'brightness_measurement' build argument 'ament_cmake_args' from command line to 'None'
[0.598s] Level 5:colcon.colcon_core.verb:set package 'brightness_measurement' build argument 'catkin_cmake_args' from command line to 'None'
[0.598s] Level 5:colcon.colcon_core.verb:set package 'brightness_measurement' build argument 'catkin_skip_building_tests' from command line to 'False'
[0.598s] DEBUG:colcon.colcon_core.verb:Building package 'brightness_measurement' with the following arguments: {'ament_cmake_args': None, 'build_base': '/home/illuminance_measurement_robot/ROS2_WS/build/brightness_measurement', 'catkin_cmake_args': None, 'catkin_skip_building_tests': False, 'cmake_args': None, 'cmake_clean_cache': False, 'cmake_clean_first': False, 'cmake_force_configure': False, 'cmake_target': None, 'cmake_target_skip_unavailable': False, 'install_base': '/home/illuminance_measurement_robot/ROS2_WS/install/brightness_measurement', 'merge_install': False, 'path': '/home/illuminance_measurement_robot/ROS2_WS/src/brightness_measurement', 'symlink_install': False, 'test_result_base': None}
[0.598s] Level 5:colcon.colcon_core.verb:set package 'imu' build argument 'cmake_args' from command line to 'None'
[0.598s] Level 5:colcon.colcon_core.verb:set package 'imu' build argument 'cmake_target' from command line to 'None'
[0.598s] Level 5:colcon.colcon_core.verb:set package 'imu' build argument 'cmake_target_skip_unavailable' from command line to 'False'
[0.598s] Level 5:colcon.colcon_core.verb:set package 'imu' build argument 'cmake_clean_cache' from command line to 'False'
[0.598s] Level 5:colcon.colcon_core.verb:set package 'imu' build argument 'cmake_clean_first' from command line to 'False'
[0.598s] Level 5:colcon.colcon_core.verb:set package 'imu' build argument 'cmake_force_configure' from command line to 'False'
[0.598s] Level 5:colcon.colcon_core.verb:set package 'imu' build argument 'ament_cmake_args' from command line to 'None'
[0.598s] Level 5:colcon.colcon_core.verb:set package 'imu' build argument 'catkin_cmake_args' from command line to 'None'
[0.598s] Level 5:colcon.colcon_core.verb:set package 'imu' build argument 'catkin_skip_building_tests' from command line to 'False'
[0.598s] DEBUG:colcon.colcon_core.verb:Building package 'imu' with the following arguments: {'ament_cmake_args': None, 'build_base': '/home/illuminance_measurement_robot/ROS2_WS/build/imu', 'catkin_cmake_args': None, 'catkin_skip_building_tests': False, 'cmake_args': None, 'cmake_clean_cache': False, 'cmake_clean_first': False, 'cmake_force_configure': False, 'cmake_target': None, 'cmake_target_skip_unavailable': False, 'install_base': '/home/illuminance_measurement_robot/ROS2_WS/install/imu', 'merge_install': False, 'path': '/home/illuminance_measurement_robot/ROS2_WS/src/imu', 'symlink_install': False, 'test_result_base': None}
[0.599s] Level 5:colcon.colcon_core.verb:set package 'motor_control' build argument 'cmake_args' from command line to 'None'
[0.599s] Level 5:colcon.colcon_core.verb:set package 'motor_control' build argument 'cmake_target' from command line to 'None'
[0.599s] Level 5:colcon.colcon_core.verb:set package 'motor_control' build argument 'cmake_target_skip_unavailable' from command line to 'False'
[0.599s] Level 5:colcon.colcon_core.verb:set package 'motor_control' build argument 'cmake_clean_cache' from command line to 'False'
[0.599s] Level 5:colcon.colcon_core.verb:set package 'motor_control' build argument 'cmake_clean_first' from command line to 'False'
[0.599s] Level 5:colcon.colcon_core.verb:set package 'motor_control' build argument 'cmake_force_configure' from command line to 'False'
[0.599s] Level 5:colcon.colcon_core.verb:set package 'motor_control' build argument 'ament_cmake_args' from command line to 'None'
[0.599s] Level 5:colcon.colcon_core.verb:set package 'motor_control' build argument 'catkin_cmake_args' from command line to 'None'
[0.599s] Level 5:colcon.colcon_core.verb:set package 'motor_control' build argument 'catkin_skip_building_tests' from command line to 'False'
[0.599s] DEBUG:colcon.colcon_core.verb:Building package 'motor_control' with the following arguments: {'ament_cmake_args': None, 'build_base': '/home/illuminance_measurement_robot/ROS2_WS/build/motor_control', 'catkin_cmake_args': None, 'catkin_skip_building_tests': False, 'cmake_args': None, 'cmake_clean_cache': False, 'cmake_clean_first': False, 'cmake_force_configure': False, 'cmake_target': None, 'cmake_target_skip_unavailable': False, 'install_base': '/home/illuminance_measurement_robot/ROS2_WS/install/motor_control', 'merge_install': False, 'path': '/home/illuminance_measurement_robot/ROS2_WS/src/motor_control', 'symlink_install': False, 'test_result_base': None}
[0.600s] Level 5:colcon.colcon_core.verb:set package 'power_measurement' build argument 'cmake_args' from command line to 'None'
[0.600s] Level 5:colcon.colcon_core.verb:set package 'power_measurement' build argument 'cmake_target' from command line to 'None'
[0.600s] Level 5:colcon.colcon_core.verb:set package 'power_measurement' build argument 'cmake_target_skip_unavailable' from command line to 'False'
[0.600s] Level 5:colcon.colcon_core.verb:set package 'power_measurement' build argument 'cmake_clean_cache' from command line to 'False'
[0.600s] Level 5:colcon.colcon_core.verb:set package 'power_measurement' build argument 'cmake_clean_first' from command line to 'False'
[0.600s] Level 5:colcon.colcon_core.verb:set package 'power_measurement' build argument 'cmake_force_configure' from command line to 'False'
[0.600s] Level 5:colcon.colcon_core.verb:set package 'power_measurement' build argument 'ament_cmake_args' from command line to 'None'
[0.600s] Level 5:colcon.colcon_core.verb:set package 'power_measurement' build argument 'catkin_cmake_args' from command line to 'None'
[0.600s] Level 5:colcon.colcon_core.verb:set package 'power_measurement' build argument 'catkin_skip_building_tests' from command line to 'False'
[0.600s] DEBUG:colcon.colcon_core.verb:Building package 'power_measurement' with the following arguments: {'ament_cmake_args': None, 'build_base': '/home/illuminance_measurement_robot/ROS2_WS/build/power_measurement', 'catkin_cmake_args': None, 'catkin_skip_building_tests': False, 'cmake_args': None, 'cmake_clean_cache': False, 'cmake_clean_first': False, 'cmake_force_configure': False, 'cmake_target': None, 'cmake_target_skip_unavailable': False, 'install_base': '/home/illuminance_measurement_robot/ROS2_WS/install/power_measurement', 'merge_install': False, 'path': '/home/illuminance_measurement_robot/ROS2_WS/src/power_measurement', 'symlink_install': False, 'test_result_base': None}
[0.600s] INFO:colcon.colcon_core.executor:Executing jobs using 'parallel' executor
[0.602s] DEBUG:colcon.colcon_parallel_executor.executor.parallel:run_until_complete
[0.602s] INFO:colcon.colcon_ros.task.ament_python.build:Building ROS package in '/home/illuminance_measurement_robot/ROS2_WS/src/brightness_measurement' with build type 'ament_python'
[0.602s] Level 1:colcon.colcon_core.shell:create_environment_hook('brightness_measurement', 'ament_prefix_path')
[0.605s] INFO:colcon.colcon_core.plugin_system:Skipping extension 'colcon_core.shell.bat': Not used on non-Windows systems
[0.605s] INFO:colcon.colcon_core.shell:Creating environment hook '/home/illuminance_measurement_robot/ROS2_WS/install/brightness_measurement/share/brightness_measurement/hook/ament_prefix_path.ps1'
[0.606s] INFO:colcon.colcon_core.shell:Creating environment descriptor '/home/illuminance_measurement_robot/ROS2_WS/install/brightness_measurement/share/brightness_measurement/hook/ament_prefix_path.dsv'
[0.607s] INFO:colcon.colcon_core.shell:Creating environment hook '/home/illuminance_measurement_robot/ROS2_WS/install/brightness_measurement/share/brightness_measurement/hook/ament_prefix_path.sh'
[0.608s] INFO:colcon.colcon_core.shell:Skip shell extension 'powershell' for command environment: Not usable outside of PowerShell
[0.608s] DEBUG:colcon.colcon_core.shell:Skip shell extension 'dsv' for command environment
[0.615s] INFO:colcon.colcon_ros.task.ament_python.build:Building ROS package in '/home/illuminance_measurement_robot/ROS2_WS/src/imu' with build type 'ament_python'
[0.616s] Level 1:colcon.colcon_core.shell:create_environment_hook('imu', 'ament_prefix_path')
[0.617s] INFO:colcon.colcon_core.shell:Creating environment hook '/home/illuminance_measurement_robot/ROS2_WS/install/imu/share/imu/hook/ament_prefix_path.ps1'
[0.618s] INFO:colcon.colcon_core.shell:Creating environment descriptor '/home/illuminance_measurement_robot/ROS2_WS/install/imu/share/imu/hook/ament_prefix_path.dsv'
[0.619s] INFO:colcon.colcon_core.shell:Creating environment hook '/home/illuminance_measurement_robot/ROS2_WS/install/imu/share/imu/hook/ament_prefix_path.sh'
[0.620s] INFO:colcon.colcon_core.shell:Skip shell extension 'powershell' for command environment: Not usable outside of PowerShell
[0.620s] DEBUG:colcon.colcon_core.shell:Skip shell extension 'dsv' for command environment
[0.628s] INFO:colcon.colcon_ros.task.ament_python.build:Building ROS package in '/home/illuminance_measurement_robot/ROS2_WS/src/motor_control' with build type 'ament_python'
[0.629s] Level 1:colcon.colcon_core.shell:create_environment_hook('motor_control', 'ament_prefix_path')
[0.630s] INFO:colcon.colcon_core.shell:Creating environment hook '/home/illuminance_measurement_robot/ROS2_WS/install/motor_control/share/motor_control/hook/ament_prefix_path.ps1'
[0.631s] INFO:colcon.colcon_core.shell:Creating environment descriptor '/home/illuminance_measurement_robot/ROS2_WS/install/motor_control/share/motor_control/hook/ament_prefix_path.dsv'
[0.632s] INFO:colcon.colcon_core.shell:Creating environment hook '/home/illuminance_measurement_robot/ROS2_WS/install/motor_control/share/motor_control/hook/ament_prefix_path.sh'
[0.633s] INFO:colcon.colcon_core.shell:Skip shell extension 'powershell' for command environment: Not usable outside of PowerShell
[0.633s] DEBUG:colcon.colcon_core.shell:Skip shell extension 'dsv' for command environment
[0.641s] INFO:colcon.colcon_ros.task.ament_cmake.build:Building ROS package in '/home/illuminance_measurement_robot/ROS2_WS/src/power_measurement' with build type 'ament_cmake'
[0.642s] INFO:colcon.colcon_cmake.task.cmake.build:Building CMake package in '/home/illuminance_measurement_robot/ROS2_WS/src/power_measurement'
[0.642s] INFO:colcon.colcon_core.shell:Skip shell extension 'powershell' for command environment: Not usable outside of PowerShell
[0.643s] DEBUG:colcon.colcon_core.shell:Skip shell extension 'dsv' for command environment
[0.957s] INFO:colcon.colcon_core.task.python.build:Building Python package in '/home/illuminance_measurement_robot/ROS2_WS/src/brightness_measurement'
[0.958s] INFO:colcon.colcon_core.shell:Skip shell extension 'powershell' for command environment: Not usable outside of PowerShell
[0.959s] DEBUG:colcon.colcon_core.shell:Skip shell extension 'dsv' for command environment
[1.264s] INFO:colcon.colcon_core.task.python.build:Building Python package in '/home/illuminance_measurement_robot/ROS2_WS/src/imu'
[1.265s] INFO:colcon.colcon_core.shell:Skip shell extension 'powershell' for command environment: Not usable outside of PowerShell
[1.265s] DEBUG:colcon.colcon_core.shell:Skip shell extension 'dsv' for command environment
[1.584s] INFO:colcon.colcon_core.task.python.build:Building Python package in '/home/illuminance_measurement_robot/ROS2_WS/src/motor_control'
[1.585s] INFO:colcon.colcon_core.shell:Skip shell extension 'powershell' for command environment: Not usable outside of PowerShell
[1.585s] DEBUG:colcon.colcon_core.shell:Skip shell extension 'dsv' for command environment
[1.604s] DEBUG:colcon.colcon_core.event_handler.log_command:Invoking command in '/home/illuminance_measurement_robot/ROS2_WS/build/power_measurement': CMAKE_PREFIX_PATH=/opt/ros/foxy /usr/bin/cmake /home/illuminance_measurement_robot/ROS2_WS/src/power_measurement -DCMAKE_INSTALL_PREFIX=/home/illuminance_measurement_robot/ROS2_WS/install/power_measurement
[2.532s] DEBUG:colcon.colcon_core.event_handler.log_command:Invoking command in '/home/illuminance_measurement_robot/ROS2_WS/src/brightness_measurement': PYTHONPATH=/home/illuminance_measurement_robot/ROS2_WS/build/brightness_measurement/prefix_override:/usr/lib/python3/dist-packages/colcon_core/task/python/colcon_distutils_commands:/home/illuminance_measurement_robot/ROS2_WS/install/brightness_measurement/lib/python3.8/site-packages:${PYTHONPATH} /usr/bin/python3 -W ignore:setup.py install is deprecated -W ignore:easy_install command is deprecated setup.py egg_info --egg-base ../../build/brightness_measurement build --build-base /home/illuminance_measurement_robot/ROS2_WS/build/brightness_measurement/build install --record /home/illuminance_measurement_robot/ROS2_WS/build/brightness_measurement/install.log --install-scripts $base/lib/brightness_measurement --single-version-externally-managed install_data
[2.628s] DEBUG:colcon.colcon_core.event_handler.log_command:Invoking command in '/home/illuminance_measurement_robot/ROS2_WS/src/imu': PYTHONPATH=/home/illuminance_measurement_robot/ROS2_WS/build/imu/prefix_override:/usr/lib/python3/dist-packages/colcon_core/task/python/colcon_distutils_commands:/home/illuminance_measurement_robot/ROS2_WS/install/imu/lib/python3.8/site-packages:${PYTHONPATH} /usr/bin/python3 -W ignore:setup.py install is deprecated -W ignore:easy_install command is deprecated setup.py egg_info --egg-base ../../build/imu build --build-base /home/illuminance_measurement_robot/ROS2_WS/build/imu/build install --record /home/illuminance_measurement_robot/ROS2_WS/build/imu/install.log --install-scripts $base/lib/imu --single-version-externally-managed install_data
[2.714s] DEBUG:colcon.colcon_core.event_handler.log_command:Invoking command in '/home/illuminance_measurement_robot/ROS2_WS/src/motor_control': PYTHONPATH=/home/illuminance_measurement_robot/ROS2_WS/build/motor_control/prefix_override:/usr/lib/python3/dist-packages/colcon_core/task/python/colcon_distutils_commands:/home/illuminance_measurement_robot/ROS2_WS/install/motor_control/lib/python3.8/site-packages:${PYTHONPATH} /usr/bin/python3 -W ignore:setup.py install is deprecated -W ignore:easy_install command is deprecated setup.py egg_info --egg-base ../../build/motor_control build --build-base /home/illuminance_measurement_robot/ROS2_WS/build/motor_control/build install --record /home/illuminance_measurement_robot/ROS2_WS/build/motor_control/install.log --install-scripts $base/lib/motor_control --single-version-externally-managed install_data
[3.264s] DEBUG:colcon.colcon_core.event_handler.log_command:Invoked command in '/home/illuminance_measurement_robot/ROS2_WS/src/brightness_measurement' returned '0': PYTHONPATH=/home/illuminance_measurement_robot/ROS2_WS/build/brightness_measurement/prefix_override:/usr/lib/python3/dist-packages/colcon_core/task/python/colcon_distutils_commands:/home/illuminance_measurement_robot/ROS2_WS/install/brightness_measurement/lib/python3.8/site-packages:${PYTHONPATH} /usr/bin/python3 -W ignore:setup.py install is deprecated -W ignore:easy_install command is deprecated setup.py egg_info --egg-base ../../build/brightness_measurement build --build-base /home/illuminance_measurement_robot/ROS2_WS/build/brightness_measurement/build install --record /home/illuminance_measurement_robot/ROS2_WS/build/brightness_measurement/install.log --install-scripts $base/lib/brightness_measurement --single-version-externally-managed install_data
[3.277s] Level 1:colcon.colcon_core.environment:checking '/home/illuminance_measurement_robot/ROS2_WS/install/brightness_measurement' for CMake module files
[3.279s] Level 1:colcon.colcon_core.environment:checking '/home/illuminance_measurement_robot/ROS2_WS/install/brightness_measurement' for CMake config files
[3.282s] Level 1:colcon.colcon_core.environment:checking '/home/illuminance_measurement_robot/ROS2_WS/install/brightness_measurement/lib'
[3.284s] Level 1:colcon.colcon_core.environment:checking '/home/illuminance_measurement_robot/ROS2_WS/install/brightness_measurement/bin'
[3.284s] Level 1:colcon.colcon_core.environment:checking '/home/illuminance_measurement_robot/ROS2_WS/install/brightness_measurement/lib/pkgconfig/brightness_measurement.pc'
[3.286s] Level 1:colcon.colcon_core.environment:checking '/home/illuminance_measurement_robot/ROS2_WS/install/brightness_measurement/lib/python3.8/site-packages'
[3.286s] Level 1:colcon.colcon_core.shell:create_environment_hook('brightness_measurement', 'pythonpath')
[3.287s] INFO:colcon.colcon_core.shell:Creating environment hook '/home/illuminance_measurement_robot/ROS2_WS/install/brightness_measurement/share/brightness_measurement/hook/pythonpath.ps1'
[3.290s] INFO:colcon.colcon_core.shell:Creating environment descriptor '/home/illuminance_measurement_robot/ROS2_WS/install/brightness_measurement/share/brightness_measurement/hook/pythonpath.dsv'
[3.292s] INFO:colcon.colcon_core.shell:Creating environment hook '/home/illuminance_measurement_robot/ROS2_WS/install/brightness_measurement/share/brightness_measurement/hook/pythonpath.sh'
[3.295s] Level 1:colcon.colcon_core.environment:checking '/home/illuminance_measurement_robot/ROS2_WS/install/brightness_measurement/bin'
[3.296s] Level 1:colcon.colcon_core.environment:create_environment_scripts_only(brightness_measurement)
[3.298s] INFO:colcon.colcon_core.shell:Creating package script '/home/illuminance_measurement_robot/ROS2_WS/install/brightness_measurement/share/brightness_measurement/package.ps1'
[3.300s] INFO:colcon.colcon_core.shell:Creating package descriptor '/home/illuminance_measurement_robot/ROS2_WS/install/brightness_measurement/share/brightness_measurement/package.dsv'
[3.303s] INFO:colcon.colcon_core.shell:Creating package script '/home/illuminance_measurement_robot/ROS2_WS/install/brightness_measurement/share/brightness_measurement/package.sh'
[3.306s] INFO:colcon.colcon_core.shell:Creating package script '/home/illuminance_measurement_robot/ROS2_WS/install/brightness_measurement/share/brightness_measurement/package.bash'
[3.308s] INFO:colcon.colcon_core.shell:Creating package script '/home/illuminance_measurement_robot/ROS2_WS/install/brightness_measurement/share/brightness_measurement/package.zsh'
[3.311s] Level 1:colcon.colcon_core.environment:create_file_with_runtime_dependencies(/home/illuminance_measurement_robot/ROS2_WS/install/brightness_measurement/share/colcon-core/packages/brightness_measurement)
[3.331s] Level 1:colcon.colcon_core.environment:checking '/home/illuminance_measurement_robot/ROS2_WS/install/imu' for CMake module files
[3.332s] Level 1:colcon.colcon_core.environment:checking '/home/illuminance_measurement_robot/ROS2_WS/install/imu' for CMake config files
[3.333s] Level 1:colcon.colcon_core.environment:checking '/home/illuminance_measurement_robot/ROS2_WS/install/imu/lib'
[3.334s] DEBUG:colcon.colcon_core.event_handler.log_command:Invoked command in '/home/illuminance_measurement_robot/ROS2_WS/src/imu' returned '0': PYTHONPATH=/home/illuminance_measurement_robot/ROS2_WS/build/imu/prefix_override:/usr/lib/python3/dist-packages/colcon_core/task/python/colcon_distutils_commands:/home/illuminance_measurement_robot/ROS2_WS/install/imu/lib/python3.8/site-packages:${PYTHONPATH} /usr/bin/python3 -W ignore:setup.py install is deprecated -W ignore:easy_install command is deprecated setup.py egg_info --egg-base ../../build/imu build --build-base /home/illuminance_measurement_robot/ROS2_WS/build/imu/build install --record /home/illuminance_measurement_robot/ROS2_WS/build/imu/install.log --install-scripts $base/lib/imu --single-version-externally-managed install_data
[3.334s] Level 1:colcon.colcon_core.environment:checking '/home/illuminance_measurement_robot/ROS2_WS/install/imu/bin'
[3.334s] Level 1:colcon.colcon_core.environment:checking '/home/illuminance_measurement_robot/ROS2_WS/install/imu/lib/pkgconfig/imu.pc'
[3.335s] Level 1:colcon.colcon_core.environment:checking '/home/illuminance_measurement_robot/ROS2_WS/install/imu/lib/python3.8/site-packages'
[3.335s] Level 1:colcon.colcon_core.shell:create_environment_hook('imu', 'pythonpath')
[3.335s] INFO:colcon.colcon_core.shell:Creating environment hook '/home/illuminance_measurement_robot/ROS2_WS/install/imu/share/imu/hook/pythonpath.ps1'
[3.336s] INFO:colcon.colcon_core.shell:Creating environment descriptor '/home/illuminance_measurement_robot/ROS2_WS/install/imu/share/imu/hook/pythonpath.dsv'
[3.338s] INFO:colcon.colcon_core.shell:Creating environment hook '/home/illuminance_measurement_robot/ROS2_WS/install/imu/share/imu/hook/pythonpath.sh'
[3.339s] Level 1:colcon.colcon_core.environment:checking '/home/illuminance_measurement_robot/ROS2_WS/install/imu/bin'
[3.339s] Level 1:colcon.colcon_core.environment:create_environment_scripts_only(imu)
[3.340s] INFO:colcon.colcon_core.shell:Creating package script '/home/illuminance_measurement_robot/ROS2_WS/install/imu/share/imu/package.ps1'
[3.341s] INFO:colcon.colcon_core.shell:Creating package descriptor '/home/illuminance_measurement_robot/ROS2_WS/install/imu/share/imu/package.dsv'
[3.344s] INFO:colcon.colcon_core.shell:Creating package script '/home/illuminance_measurement_robot/ROS2_WS/install/imu/share/imu/package.sh'
[3.346s] INFO:colcon.colcon_core.shell:Creating package script '/home/illuminance_measurement_robot/ROS2_WS/install/imu/share/imu/package.bash'
[3.348s] INFO:colcon.colcon_core.shell:Creating package script '/home/illuminance_measurement_robot/ROS2_WS/install/imu/share/imu/package.zsh'
[3.350s] Level 1:colcon.colcon_core.environment:create_file_with_runtime_dependencies(/home/illuminance_measurement_robot/ROS2_WS/install/imu/share/colcon-core/packages/imu)
[3.354s] Level 1:colcon.colcon_core.environment:checking '/home/illuminance_measurement_robot/ROS2_WS/install/motor_control' for CMake module files
[3.355s] DEBUG:colcon.colcon_core.event_handler.log_command:Invoked command in '/home/illuminance_measurement_robot/ROS2_WS/src/motor_control' returned '0': PYTHONPATH=/home/illuminance_measurement_robot/ROS2_WS/build/motor_control/prefix_override:/usr/lib/python3/dist-packages/colcon_core/task/python/colcon_distutils_commands:/home/illuminance_measurement_robot/ROS2_WS/install/motor_control/lib/python3.8/site-packages:${PYTHONPATH} /usr/bin/python3 -W ignore:setup.py install is deprecated -W ignore:easy_install command is deprecated setup.py egg_info --egg-base ../../build/motor_control build --build-base /home/illuminance_measurement_robot/ROS2_WS/build/motor_control/build install --record /home/illuminance_measurement_robot/ROS2_WS/build/motor_control/install.log --install-scripts $base/lib/motor_control --single-version-externally-managed install_data
[3.355s] Level 1:colcon.colcon_core.environment:checking '/home/illuminance_measurement_robot/ROS2_WS/install/motor_control' for CMake config files
[3.356s] Level 1:colcon.colcon_core.environment:checking '/home/illuminance_measurement_robot/ROS2_WS/install/motor_control/lib'
[3.356s] Level 1:colcon.colcon_core.environment:checking '/home/illuminance_measurement_robot/ROS2_WS/install/motor_control/bin'
[3.357s] Level 1:colcon.colcon_core.environment:checking '/home/illuminance_measurement_robot/ROS2_WS/install/motor_control/lib/pkgconfig/motor_control.pc'
[3.357s] Level 1:colcon.colcon_core.environment:checking '/home/illuminance_measurement_robot/ROS2_WS/install/motor_control/lib/python3.8/site-packages'
[3.357s] Level 1:colcon.colcon_core.shell:create_environment_hook('motor_control', 'pythonpath')
[3.358s] INFO:colcon.colcon_core.shell:Creating environment hook '/home/illuminance_measurement_robot/ROS2_WS/install/motor_control/share/motor_control/hook/pythonpath.ps1'
[3.359s] INFO:colcon.colcon_core.shell:Creating environment descriptor '/home/illuminance_measurement_robot/ROS2_WS/install/motor_control/share/motor_control/hook/pythonpath.dsv'
[3.360s] INFO:colcon.colcon_core.shell:Creating environment hook '/home/illuminance_measurement_robot/ROS2_WS/install/motor_control/share/motor_control/hook/pythonpath.sh'
[3.361s] Level 1:colcon.colcon_core.environment:checking '/home/illuminance_measurement_robot/ROS2_WS/install/motor_control/bin'
[3.361s] Level 1:colcon.colcon_core.environment:create_environment_scripts_only(motor_control)
[3.362s] INFO:colcon.colcon_core.shell:Creating package script '/home/illuminance_measurement_robot/ROS2_WS/install/motor_control/share/motor_control/package.ps1'
[3.363s] INFO:colcon.colcon_core.shell:Creating package descriptor '/home/illuminance_measurement_robot/ROS2_WS/install/motor_control/share/motor_control/package.dsv'
[3.364s] INFO:colcon.colcon_core.shell:Creating package script '/home/illuminance_measurement_robot/ROS2_WS/install/motor_control/share/motor_control/package.sh'
[3.365s] INFO:colcon.colcon_core.shell:Creating package script '/home/illuminance_measurement_robot/ROS2_WS/install/motor_control/share/motor_control/package.bash'
[3.366s] INFO:colcon.colcon_core.shell:Creating package script '/home/illuminance_measurement_robot/ROS2_WS/install/motor_control/share/motor_control/package.zsh'
[3.367s] Level 1:colcon.colcon_core.environment:create_file_with_runtime_dependencies(/home/illuminance_measurement_robot/ROS2_WS/install/motor_control/share/colcon-core/packages/motor_control)
[4.032s] DEBUG:colcon.colcon_core.event_handler.log_command:Invoked command in '/home/illuminance_measurement_robot/ROS2_WS/build/power_measurement' returned '0': CMAKE_PREFIX_PATH=/opt/ros/foxy /usr/bin/cmake /home/illuminance_measurement_robot/ROS2_WS/src/power_measurement -DCMAKE_INSTALL_PREFIX=/home/illuminance_measurement_robot/ROS2_WS/install/power_measurement
[4.042s] DEBUG:colcon.colcon_core.event_handler.log_command:Invoking command in '/home/illuminance_measurement_robot/ROS2_WS/build/power_measurement': CMAKE_PREFIX_PATH=/opt/ros/foxy /usr/bin/cmake --build /home/illuminance_measurement_robot/ROS2_WS/build/power_measurement -- -j4 -l4
[8.667s] DEBUG:colcon.colcon_core.event_handler.log_command:Invoked command in '/home/illuminance_measurement_robot/ROS2_WS/build/power_measurement' returned '0': CMAKE_PREFIX_PATH=/opt/ros/foxy /usr/bin/cmake --build /home/illuminance_measurement_robot/ROS2_WS/build/power_measurement -- -j4 -l4
[8.696s] DEBUG:colcon.colcon_core.event_handler.log_command:Invoking command in '/home/illuminance_measurement_robot/ROS2_WS/build/power_measurement': CMAKE_PREFIX_PATH=/opt/ros/foxy /usr/bin/cmake --install /home/illuminance_measurement_robot/ROS2_WS/build/power_measurement
[8.819s] Level 1:colcon.colcon_core.environment:create_environment_scripts_only(power_measurement)
[8.819s] Level 1:colcon.colcon_core.environment:checking '/home/illuminance_measurement_robot/ROS2_WS/install/power_measurement' for CMake module files
[8.820s] DEBUG:colcon.colcon_core.event_handler.log_command:Invoked command in '/home/illuminance_measurement_robot/ROS2_WS/build/power_measurement' returned '0': CMAKE_PREFIX_PATH=/opt/ros/foxy /usr/bin/cmake --install /home/illuminance_measurement_robot/ROS2_WS/build/power_measurement
[8.821s] Level 1:colcon.colcon_core.environment:checking '/home/illuminance_measurement_robot/ROS2_WS/install/power_measurement' for CMake config files
[8.821s] Level 1:colcon.colcon_core.shell:create_environment_hook('power_measurement', 'cmake_prefix_path')
[8.821s] INFO:colcon.colcon_core.shell:Creating environment hook '/home/illuminance_measurement_robot/ROS2_WS/install/power_measurement/share/power_measurement/hook/cmake_prefix_path.ps1'
[8.822s] INFO:colcon.colcon_core.shell:Creating environment descriptor '/home/illuminance_measurement_robot/ROS2_WS/install/power_measurement/share/power_measurement/hook/cmake_prefix_path.dsv'
[8.823s] INFO:colcon.colcon_core.shell:Creating environment hook '/home/illuminance_measurement_robot/ROS2_WS/install/power_measurement/share/power_measurement/hook/cmake_prefix_path.sh'
[8.824s] Level 1:colcon.colcon_core.environment:checking '/home/illuminance_measurement_robot/ROS2_WS/install/power_measurement/lib'
[8.824s] Level 1:colcon.colcon_core.shell:create_environment_hook('power_measurement', 'ld_library_path_lib')
[8.824s] INFO:colcon.colcon_core.shell:Creating environment hook '/home/illuminance_measurement_robot/ROS2_WS/install/power_measurement/share/power_measurement/hook/ld_library_path_lib.ps1'
[8.825s] INFO:colcon.colcon_core.shell:Creating environment descriptor '/home/illuminance_measurement_robot/ROS2_WS/install/power_measurement/share/power_measurement/hook/ld_library_path_lib.dsv'
[8.825s] INFO:colcon.colcon_core.shell:Creating environment hook '/home/illuminance_measurement_robot/ROS2_WS/install/power_measurement/share/power_measurement/hook/ld_library_path_lib.sh'
[8.826s] Level 1:colcon.colcon_core.environment:checking '/home/illuminance_measurement_robot/ROS2_WS/install/power_measurement/bin'
[8.826s] Level 1:colcon.colcon_core.environment:checking '/home/illuminance_measurement_robot/ROS2_WS/install/power_measurement/lib/pkgconfig/power_measurement.pc'
[8.826s] Level 1:colcon.colcon_core.environment:checking '/home/illuminance_measurement_robot/ROS2_WS/install/power_measurement/lib/python3.8/site-packages'
[8.826s] Level 1:colcon.colcon_core.shell:create_environment_hook('power_measurement', 'pythonpath')
[8.827s] INFO:colcon.colcon_core.shell:Creating environment hook '/home/illuminance_measurement_robot/ROS2_WS/install/power_measurement/share/power_measurement/hook/pythonpath.ps1'
[8.827s] INFO:colcon.colcon_core.shell:Creating environment descriptor '/home/illuminance_measurement_robot/ROS2_WS/install/power_measurement/share/power_measurement/hook/pythonpath.dsv'
[8.828s] INFO:colcon.colcon_core.shell:Creating environment hook '/home/illuminance_measurement_robot/ROS2_WS/install/power_measurement/share/power_measurement/hook/pythonpath.sh'
[8.828s] Level 1:colcon.colcon_core.environment:checking '/home/illuminance_measurement_robot/ROS2_WS/install/power_measurement/bin'
[8.829s] INFO:colcon.colcon_core.shell:Creating package script '/home/illuminance_measurement_robot/ROS2_WS/install/power_measurement/share/power_measurement/package.ps1'
[8.830s] INFO:colcon.colcon_core.shell:Creating package descriptor '/home/illuminance_measurement_robot/ROS2_WS/install/power_measurement/share/power_measurement/package.dsv'
[8.831s] INFO:colcon.colcon_core.shell:Creating package script '/home/illuminance_measurement_robot/ROS2_WS/install/power_measurement/share/power_measurement/package.sh'
[8.832s] INFO:colcon.colcon_core.shell:Creating package script '/home/illuminance_measurement_robot/ROS2_WS/install/power_measurement/share/power_measurement/package.bash'
[8.832s] INFO:colcon.colcon_core.shell:Creating package script '/home/illuminance_measurement_robot/ROS2_WS/install/power_measurement/share/power_measurement/package.zsh'
[8.833s] Level 1:colcon.colcon_core.environment:create_file_with_runtime_dependencies(/home/illuminance_measurement_robot/ROS2_WS/install/power_measurement/share/colcon-core/packages/power_measurement)
[8.834s] Level 1:colcon.colcon_core.environment:create_environment_scripts_only(power_measurement)
[8.834s] Level 1:colcon.colcon_core.environment:checking '/home/illuminance_measurement_robot/ROS2_WS/install/power_measurement' for CMake module files
[8.835s] Level 1:colcon.colcon_core.environment:checking '/home/illuminance_measurement_robot/ROS2_WS/install/power_measurement' for CMake config files
[8.835s] Level 1:colcon.colcon_core.shell:create_environment_hook('power_measurement', 'cmake_prefix_path')
[8.836s] INFO:colcon.colcon_core.shell:Creating environment hook '/home/illuminance_measurement_robot/ROS2_WS/install/power_measurement/share/power_measurement/hook/cmake_prefix_path.ps1'
[8.836s] INFO:colcon.colcon_core.shell:Creating environment descriptor '/home/illuminance_measurement_robot/ROS2_WS/install/power_measurement/share/power_measurement/hook/cmake_prefix_path.dsv'
[8.837s] INFO:colcon.colcon_core.shell:Creating environment hook '/home/illuminance_measurement_robot/ROS2_WS/install/power_measurement/share/power_measurement/hook/cmake_prefix_path.sh'
[8.837s] Level 1:colcon.colcon_core.environment:checking '/home/illuminance_measurement_robot/ROS2_WS/install/power_measurement/lib'
[8.838s] Level 1:colcon.colcon_core.shell:create_environment_hook('power_measurement', 'ld_library_path_lib')
[8.838s] INFO:colcon.colcon_core.shell:Creating environment hook '/home/illuminance_measurement_robot/ROS2_WS/install/power_measurement/share/power_measurement/hook/ld_library_path_lib.ps1'
[8.838s] INFO:colcon.colcon_core.shell:Creating environment descriptor '/home/illuminance_measurement_robot/ROS2_WS/install/power_measurement/share/power_measurement/hook/ld_library_path_lib.dsv'
[8.839s] INFO:colcon.colcon_core.shell:Creating environment hook '/home/illuminance_measurement_robot/ROS2_WS/install/power_measurement/share/power_measurement/hook/ld_library_path_lib.sh'
[8.839s] Level 1:colcon.colcon_core.environment:checking '/home/illuminance_measurement_robot/ROS2_WS/install/power_measurement/bin'
[8.839s] Level 1:colcon.colcon_core.environment:checking '/home/illuminance_measurement_robot/ROS2_WS/install/power_measurement/lib/pkgconfig/power_measurement.pc'
[8.840s] Level 1:colcon.colcon_core.environment:checking '/home/illuminance_measurement_robot/ROS2_WS/install/power_measurement/lib/python3.8/site-packages'
[8.840s] Level 1:colcon.colcon_core.shell:create_environment_hook('power_measurement', 'pythonpath')
[8.840s] INFO:colcon.colcon_core.shell:Creating environment hook '/home/illuminance_measurement_robot/ROS2_WS/install/power_measurement/share/power_measurement/hook/pythonpath.ps1'
[8.841s] INFO:colcon.colcon_core.shell:Creating environment descriptor '/home/illuminance_measurement_robot/ROS2_WS/install/power_measurement/share/power_measurement/hook/pythonpath.dsv'
[8.842s] INFO:colcon.colcon_core.shell:Creating environment hook '/home/illuminance_measurement_robot/ROS2_WS/install/power_measurement/share/power_measurement/hook/pythonpath.sh'
[8.842s] Level 1:colcon.colcon_core.environment:checking '/home/illuminance_measurement_robot/ROS2_WS/install/power_measurement/bin'
[8.843s] INFO:colcon.colcon_core.shell:Creating package script '/home/illuminance_measurement_robot/ROS2_WS/install/power_measurement/share/power_measurement/package.ps1'
[8.844s] INFO:colcon.colcon_core.shell:Creating package descriptor '/home/illuminance_measurement_robot/ROS2_WS/install/power_measurement/share/power_measurement/package.dsv'
[8.845s] INFO:colcon.colcon_core.shell:Creating package script '/home/illuminance_measurement_robot/ROS2_WS/install/power_measurement/share/power_measurement/package.sh'
[8.845s] INFO:colcon.colcon_core.shell:Creating package script '/home/illuminance_measurement_robot/ROS2_WS/install/power_measurement/share/power_measurement/package.bash'
[8.846s] INFO:colcon.colcon_core.shell:Creating package script '/home/illuminance_measurement_robot/ROS2_WS/install/power_measurement/share/power_measurement/package.zsh'
[8.846s] Level 1:colcon.colcon_core.environment:create_file_with_runtime_dependencies(/home/illuminance_measurement_robot/ROS2_WS/install/power_measurement/share/colcon-core/packages/power_measurement)
[8.847s] DEBUG:colcon.colcon_parallel_executor.executor.parallel:closing loop
[8.847s] DEBUG:colcon.colcon_parallel_executor.executor.parallel:loop closed
[8.847s] DEBUG:colcon.colcon_parallel_executor.executor.parallel:run_until_complete finished with '0'
[8.848s] DEBUG:colcon.colcon_core.event_reactor:joining thread
[8.858s] INFO:colcon.colcon_core.plugin_system:Skipping extension 'colcon_notification.desktop_notification.notify_send': Could not find 'notify-send'
[8.858s] INFO:colcon.colcon_core.plugin_system:Skipping extension 'colcon_notification.desktop_notification.terminal_notifier': Not used on non-Darwin systems
[8.858s] INFO:colcon.colcon_core.plugin_system:Skipping extension 'colcon_notification.desktop_notification.win32': Not used on non-Windows systems
[8.858s] INFO:colcon.colcon_notification.desktop_notification:Sending desktop notification using 'notify2'
[8.858s] DEBUG:colcon.colcon_notification.desktop_notification.notify2:Failed to initialize notify2: org.freedesktop.DBus.Error.NotSupported: Unable to autolaunch a dbus-daemon without a $DISPLAY for X11
[8.859s] DEBUG:colcon.colcon_core.event_reactor:joined thread
[8.859s] INFO:colcon.colcon_core.shell:Creating prefix script '/home/illuminance_measurement_robot/ROS2_WS/install/local_setup.ps1'
[8.860s] INFO:colcon.colcon_core.shell:Creating prefix util module '/home/illuminance_measurement_robot/ROS2_WS/install/_local_setup_util_ps1.py'
[8.862s] INFO:colcon.colcon_core.shell:Creating prefix chain script '/home/illuminance_measurement_robot/ROS2_WS/install/setup.ps1'
[8.864s] INFO:colcon.colcon_core.shell:Creating prefix script '/home/illuminance_measurement_robot/ROS2_WS/install/local_setup.sh'
[8.865s] INFO:colcon.colcon_core.shell:Creating prefix util module '/home/illuminance_measurement_robot/ROS2_WS/install/_local_setup_util_sh.py'
[8.866s] INFO:colcon.colcon_core.shell:Creating prefix chain script '/home/illuminance_measurement_robot/ROS2_WS/install/setup.sh'
[8.868s] INFO:colcon.colcon_core.shell:Creating prefix script '/home/illuminance_measurement_robot/ROS2_WS/install/local_setup.bash'
[8.868s] INFO:colcon.colcon_core.shell:Creating prefix chain script '/home/illuminance_measurement_robot/ROS2_WS/install/setup.bash'
[8.870s] INFO:colcon.colcon_core.shell:Creating prefix script '/home/illuminance_measurement_robot/ROS2_WS/install/local_setup.zsh'
[8.870s] INFO:colcon.colcon_core.shell:Creating prefix chain script '/home/illuminance_measurement_robot/ROS2_WS/install/setup.zsh'
