[2.028s] Invoking command in '/home/illuminance_measurement_robot/ROS2_WS/src/brightness_measurement': PYTHONPATH=/home/illuminance_measurement_robot/ROS2_WS/build/brightness_measurement/prefix_override:/usr/lib/python3/dist-packages/colcon_core/task/python/colcon_distutils_commands:/home/illuminance_measurement_robot/ROS2_WS/install/brightness_measurement/lib/python3.8/site-packages: /usr/bin/python3 -W ignore:setup.py install is deprecated -W ignore:easy_install command is deprecated setup.py egg_info --egg-base ../../build/brightness_measurement build --build-base /home/illuminance_measurement_robot/ROS2_WS/build/brightness_measurement/build install --record /home/illuminance_measurement_robot/ROS2_WS/build/brightness_measurement/install.log --install-scripts $base/lib/brightness_measurement --single-version-externally-managed install_data
[2.455s] running egg_info
[2.456s] creating ../../build/brightness_measurement/brightness_measurement.egg-info
[2.457s] writing ../../build/brightness_measurement/brightness_measurement.egg-info/PKG-INFO
[2.459s] writing dependency_links to ../../build/brightness_measurement/brightness_measurement.egg-info/dependency_links.txt
[2.459s] writing entry points to ../../build/brightness_measurement/brightness_measurement.egg-info/entry_points.txt
[2.462s] writing requirements to ../../build/brightness_measurement/brightness_measurement.egg-info/requires.txt
[2.462s] writing top-level names to ../../build/brightness_measurement/brightness_measurement.egg-info/top_level.txt
[2.467s] writing manifest file '../../build/brightness_measurement/brightness_measurement.egg-info/SOURCES.txt'
[2.533s] reading manifest file '../../build/brightness_measurement/brightness_measurement.egg-info/SOURCES.txt'
[2.535s] writing manifest file '../../build/brightness_measurement/brightness_measurement.egg-info/SOURCES.txt'
[2.536s] running build
[2.537s] running build_py
[2.539s] creating /home/illuminance_measurement_robot/ROS2_WS/build/brightness_measurement/build
[2.540s] creating /home/illuminance_measurement_robot/ROS2_WS/build/brightness_measurement/build/lib
[2.540s] creating /home/illuminance_measurement_robot/ROS2_WS/build/brightness_measurement/build/lib/brightness_measurement
[2.541s] copying brightness_measurement/__init__.py -> /home/illuminance_measurement_robot/ROS2_WS/build/brightness_measurement/build/lib/brightness_measurement
[2.541s] copying brightness_measurement/brightness_measurement_node.py -> /home/illuminance_measurement_robot/ROS2_WS/build/brightness_measurement/build/lib/brightness_measurement
[2.541s] copying brightness_measurement/VEML7700_driver.py -> /home/illuminance_measurement_robot/ROS2_WS/build/brightness_measurement/build/lib/brightness_measurement
[2.542s] running install
[2.542s] running install_lib
[2.543s] creating /home/illuminance_measurement_robot/ROS2_WS/install/brightness_measurement/lib/python3.8/site-packages/brightness_measurement
[2.546s] copying /home/illuminance_measurement_robot/ROS2_WS/build/brightness_measurement/build/lib/brightness_measurement/__init__.py -> /home/illuminance_measurement_robot/ROS2_WS/install/brightness_measurement/lib/python3.8/site-packages/brightness_measurement
[2.547s] copying /home/illuminance_measurement_robot/ROS2_WS/build/brightness_measurement/build/lib/brightness_measurement/brightness_measurement_node.py -> /home/illuminance_measurement_robot/ROS2_WS/install/brightness_measurement/lib/python3.8/site-packages/brightness_measurement
[2.547s] copying /home/illuminance_measurement_robot/ROS2_WS/build/brightness_measurement/build/lib/brightness_measurement/VEML7700_driver.py -> /home/illuminance_measurement_robot/ROS2_WS/install/brightness_measurement/lib/python3.8/site-packages/brightness_measurement
[2.548s] byte-compiling /home/illuminance_measurement_robot/ROS2_WS/install/brightness_measurement/lib/python3.8/site-packages/brightness_measurement/__init__.py to __init__.cpython-38.pyc
[2.551s] byte-compiling /home/illuminance_measurement_robot/ROS2_WS/install/brightness_measurement/lib/python3.8/site-packages/brightness_measurement/brightness_measurement_node.py to brightness_measurement_node.cpython-38.pyc
[2.554s] byte-compiling /home/illuminance_measurement_robot/ROS2_WS/install/brightness_measurement/lib/python3.8/site-packages/brightness_measurement/VEML7700_driver.py to VEML7700_driver.cpython-38.pyc
[2.558s] running install_data
[2.558s] creating /home/illuminance_measurement_robot/ROS2_WS/install/brightness_measurement/share/ament_index
[2.558s] creating /home/illuminance_measurement_robot/ROS2_WS/install/brightness_measurement/share/ament_index/resource_index
[2.558s] creating /home/illuminance_measurement_robot/ROS2_WS/install/brightness_measurement/share/ament_index/resource_index/packages
[2.559s] copying resource/brightness_measurement -> /home/illuminance_measurement_robot/ROS2_WS/install/brightness_measurement/share/ament_index/resource_index/packages
[2.559s] copying package.xml -> /home/illuminance_measurement_robot/ROS2_WS/install/brightness_measurement/share/brightness_measurement
[2.559s] running install_egg_info
[2.560s] Copying ../../build/brightness_measurement/brightness_measurement.egg-info to /home/illuminance_measurement_robot/ROS2_WS/install/brightness_measurement/lib/python3.8/site-packages/brightness_measurement-0.0.0-py3.8.egg-info
[2.562s] running install_scripts
[2.619s] Installing brightness_measurement_node script to /home/illuminance_measurement_robot/ROS2_WS/install/brightness_measurement/lib/brightness_measurement
[2.628s] writing list of installed files to '/home/illuminance_measurement_robot/ROS2_WS/build/brightness_measurement/install.log'
[2.710s] Invoked command in '/home/illuminance_measurement_robot/ROS2_WS/src/brightness_measurement' returned '0': PYTHONPATH=/home/illuminance_measurement_robot/ROS2_WS/build/brightness_measurement/prefix_override:/usr/lib/python3/dist-packages/colcon_core/task/python/colcon_distutils_commands:/home/illuminance_measurement_robot/ROS2_WS/install/brightness_measurement/lib/python3.8/site-packages: /usr/bin/python3 -W ignore:setup.py install is deprecated -W ignore:easy_install command is deprecated setup.py egg_info --egg-base ../../build/brightness_measurement build --build-base /home/illuminance_measurement_robot/ROS2_WS/build/brightness_measurement/build install --record /home/illuminance_measurement_robot/ROS2_WS/build/brightness_measurement/install.log --install-scripts $base/lib/brightness_measurement --single-version-externally-managed install_data
