-- The C compiler identification is GNU 9.4.0
-- The CXX compiler identification is GNU 9.4.0
-- Check for working C compiler: /usr/bin/cc
-- Check for working C compiler: /usr/bin/cc -- works
-- Detecting C compiler ABI info
-- Detecting C compiler ABI info - done
-- Detecting C compile features
-- Detecting C compile features - done
-- Check for working CXX compiler: /usr/bin/c++
-- Check for working CXX compiler: /usr/bin/c++ -- works
-- Detecting CXX compiler ABI info
-- Detecting CXX compiler ABI info - done
-- Detecting CXX compile features
-- Detecting CXX compile features - done
-- Found ament_cmake: 0.9.12 (/opt/ros/foxy/share/ament_cmake/cmake)
-- Found PythonInterp: /usr/bin/python3 (found suitable version "3.8.10", minimum required is "3") 
-- Using PYTHON_EXECUTABLE: /usr/bin/python3
-- Found rosidl_default_generators: 1.0.1 (/opt/ros/foxy/share/rosidl_default_generators/cmake)
-- Using all available rosidl_typesupport_c: rosidl_typesupport_fastrtps_c;rosidl_typesupport_introspection_c
-- Found rosidl_adapter: 1.3.1 (/opt/ros/foxy/share/rosidl_adapter/cmake)
-- Found OpenSSL: /usr/lib/aarch64-linux-gnu/libcrypto.so (found version "1.1.1f")  
-- Found FastRTPS: /opt/ros/foxy/include  
-- Using all available rosidl_typesupport_cpp: rosidl_typesupport_fastrtps_cpp;rosidl_typesupport_introspection_cpp
-- Found PythonInterp: /usr/bin/python3 (found version "3.8.10") 
-- Found ament_cmake_ros: 0.9.2 (/opt/ros/foxy/share/ament_cmake_ros/cmake)
-- Using all available rosidl_typesupport_c: rosidl_typesupport_fastrtps_c;rosidl_typesupport_introspection_c
-- Using all available rosidl_typesupport_cpp: rosidl_typesupport_fastrtps_cpp;rosidl_typesupport_introspection_cpp
-- Found PythonInterp: /usr/bin/python3 (found suitable version "3.8.10", minimum required is "3.5") 
-- Found python_cmake_module: 0.8.1 (/opt/ros/foxy/share/python_cmake_module/cmake)
-- Found PythonLibs: /usr/lib/aarch64-linux-gnu/libpython3.8.so (found suitable version "3.8.10", minimum required is "3.5") 
-- Using PYTHON_EXECUTABLE: /usr/bin/python3
-- Using PYTHON_INCLUDE_DIRS: /usr/include/python3.8
-- Using PYTHON_LIBRARIES: /usr/lib/aarch64-linux-gnu/libpython3.8.so
-- Found PythonExtra: .so  
-- Found ament_lint_auto: 0.9.8 (/opt/ros/foxy/share/ament_lint_auto/cmake)
-- Added test 'copyright' to check source files copyright and LICENSE
-- Added test 'flake8' to check Python code syntax and style conventions
-- Added test 'lint_cmake' to check CMake code style
-- Added test 'pep257' to check Python code against some of the style conventions in PEP 257
-- Added test 'xmllint' to check XML markup files
-- Configuring done
-- Generating done
-- Build files have been written to: /home/illuminance_measurement_robot/ROS2_WS/build/power_measurement
[  3%] [34m[1mGenerating C code for ROS interfaces[0m
[35m[1mScanning dependencies of target power_measurement__cpp[0m
[  6%] [34m[1mGenerating C++ code for ROS interfaces[0m
[35m[1mScanning dependencies of target power_measurement__rosidl_generator_c[0m
[  6%] Built target power_measurement__cpp
[  9%] [32mBuilding C object CMakeFiles/power_measurement__rosidl_generator_c.dir/rosidl_generator_c/power_measurement/msg/detail/ina228_sensor__functions.c.o[0m
[ 19%] [34m[1mGenerating C++ introspection for ROS interfaces[0m
[ 19%] [34m[1mGenerating C++ type support dispatch for ROS interfaces[0m
[ 19%] [34m[1mGenerating C++ type support for eProsima Fast-RTPS[0m
[ 22%] [32m[1mLinking C shared library libpower_measurement__rosidl_generator_c.so[0m
[ 22%] Built target power_measurement__rosidl_generator_c
[ 25%] [34m[1mGenerating C introspection for ROS interfaces[0m
[35m[1mScanning dependencies of target power_measurement__rosidl_typesupport_cpp[0m
[35m[1mScanning dependencies of target power_measurement__rosidl_typesupport_introspection_cpp[0m
[ 29%] [32mBuilding CXX object CMakeFiles/power_measurement__rosidl_typesupport_cpp.dir/rosidl_typesupport_cpp/power_measurement/msg/ina228_sensor__type_support.cpp.o[0m
[35m[1mScanning dependencies of target power_measurement__rosidl_typesupport_fastrtps_cpp[0m
[ 32%] [32mBuilding CXX object CMakeFiles/power_measurement__rosidl_typesupport_introspection_cpp.dir/rosidl_typesupport_introspection_cpp/power_measurement/msg/detail/ina228_sensor__type_support.cpp.o[0m
[ 35%] [32mBuilding CXX object CMakeFiles/power_measurement__rosidl_typesupport_fastrtps_cpp.dir/rosidl_typesupport_fastrtps_cpp/power_measurement/msg/detail/dds_fastrtps/ina228_sensor__type_support.cpp.o[0m
[35m[1mScanning dependencies of target power_measurement__rosidl_typesupport_introspection_c[0m
[ 38%] [32mBuilding C object CMakeFiles/power_measurement__rosidl_typesupport_introspection_c.dir/rosidl_typesupport_introspection_c/power_measurement/msg/detail/ina228_sensor__type_support.c.o[0m
[ 41%] [32m[1mLinking C shared library libpower_measurement__rosidl_typesupport_introspection_c.so[0m
[ 41%] Built target power_measurement__rosidl_typesupport_introspection_c
[ 45%] [34m[1mGenerating C type support dispatch for ROS interfaces[0m
[ 48%] [32m[1mLinking CXX shared library libpower_measurement__rosidl_typesupport_cpp.so[0m
[ 51%] [32m[1mLinking CXX shared library libpower_measurement__rosidl_typesupport_introspection_cpp.so[0m
[ 51%] Built target power_measurement__rosidl_typesupport_cpp
[ 51%] Built target power_measurement__rosidl_typesupport_introspection_cpp
[35m[1mScanning dependencies of target power_measurement__rosidl_typesupport_c[0m
[ 54%] [32mBuilding CXX object CMakeFiles/power_measurement__rosidl_typesupport_c.dir/rosidl_typesupport_c/power_measurement/msg/ina228_sensor__type_support.cpp.o[0m
[ 58%] [32m[1mLinking CXX shared library libpower_measurement__rosidl_typesupport_fastrtps_cpp.so[0m
[ 61%] [32m[1mLinking CXX shared library libpower_measurement__rosidl_typesupport_c.so[0m
[ 61%] Built target power_measurement__rosidl_typesupport_c
[ 61%] Built target power_measurement__rosidl_typesupport_fastrtps_cpp
[ 64%] [34m[1mGenerating C type support for eProsima Fast-RTPS[0m
[35m[1mScanning dependencies of target power_measurement__rosidl_typesupport_fastrtps_c[0m
[ 67%] [32mBuilding CXX object CMakeFiles/power_measurement__rosidl_typesupport_fastrtps_c.dir/rosidl_typesupport_fastrtps_c/power_measurement/msg/detail/ina228_sensor__type_support_c.cpp.o[0m
[ 70%] [32m[1mLinking CXX shared library libpower_measurement__rosidl_typesupport_fastrtps_c.so[0m
[ 70%] Built target power_measurement__rosidl_typesupport_fastrtps_c
[35m[1mScanning dependencies of target power_measurement[0m
[ 70%] Built target power_measurement
[35m[1mScanning dependencies of target power_measurement__py[0m
[ 74%] [34m[1mGenerating Python code for ROS interfaces[0m
[ 74%] Built target power_measurement__py
[35m[1mScanning dependencies of target power_measurement__python[0m
[ 77%] [32mBuilding C object CMakeFiles/power_measurement__python.dir/rosidl_generator_py/power_measurement/msg/_ina228_sensor_s.c.o[0m
[ 80%] [32m[1mLinking C shared library rosidl_generator_py/power_measurement/libpower_measurement__python.so[0m
[ 80%] Built target power_measurement__python
[35m[1mScanning dependencies of target power_measurement__rosidl_typesupport_fastrtps_c__pyext[0m
[35m[1mScanning dependencies of target power_measurement__rosidl_typesupport_introspection_c__pyext[0m
[35m[1mScanning dependencies of target power_measurement__rosidl_typesupport_c__pyext[0m
[ 90%] [32mBuilding C object CMakeFiles/power_measurement__rosidl_typesupport_fastrtps_c__pyext.dir/rosidl_generator_py/power_measurement/_power_measurement_s.ep.rosidl_typesupport_fastrtps_c.c.o[0m
[ 90%] [32mBuilding C object CMakeFiles/power_measurement__rosidl_typesupport_c__pyext.dir/rosidl_generator_py/power_measurement/_power_measurement_s.ep.rosidl_typesupport_c.c.o[0m
[ 90%] [32mBuilding C object CMakeFiles/power_measurement__rosidl_typesupport_introspection_c__pyext.dir/rosidl_generator_py/power_measurement/_power_measurement_s.ep.rosidl_typesupport_introspection_c.c.o[0m
[ 93%] [32m[1mLinking C shared library rosidl_generator_py/power_measurement/power_measurement_s__rosidl_typesupport_introspection_c.cpython-38-aarch64-linux-gnu.so[0m
[100%] [32m[1mLinking C shared library rosidl_generator_py/power_measurement/power_measurement_s__rosidl_typesupport_c.cpython-38-aarch64-linux-gnu.so[0m
[100%] [32m[1mLinking CXX shared library rosidl_generator_py/power_measurement/power_measurement_s__rosidl_typesupport_fastrtps_c.cpython-38-aarch64-linux-gnu.so[0m
[100%] Built target power_measurement__rosidl_typesupport_introspection_c__pyext
[100%] Built target power_measurement__rosidl_typesupport_c__pyext
[100%] Built target power_measurement__rosidl_typesupport_fastrtps_c__pyext
-- Install configuration: ""
-- Installing: /home/illuminance_measurement_robot/ROS2_WS/install/power_measurement/share/ament_index/resource_index/rosidl_interfaces/power_measurement
-- Installing: /home/illuminance_measurement_robot/ROS2_WS/install/power_measurement/include/power_measurement
-- Installing: /home/illuminance_measurement_robot/ROS2_WS/install/power_measurement/include/power_measurement/msg
-- Installing: /home/illuminance_measurement_robot/ROS2_WS/install/power_measurement/include/power_measurement/msg/rosidl_generator_c__visibility_control.h
-- Installing: /home/illuminance_measurement_robot/ROS2_WS/install/power_measurement/include/power_measurement/msg/detail
-- Installing: /home/illuminance_measurement_robot/ROS2_WS/install/power_measurement/include/power_measurement/msg/detail/ina228_sensor__type_support.h
-- Installing: /home/illuminance_measurement_robot/ROS2_WS/install/power_measurement/include/power_measurement/msg/detail/ina228_sensor__functions.c
-- Installing: /home/illuminance_measurement_robot/ROS2_WS/install/power_measurement/include/power_measurement/msg/detail/ina228_sensor__struct.h
-- Installing: /home/illuminance_measurement_robot/ROS2_WS/install/power_measurement/include/power_measurement/msg/detail/ina228_sensor__functions.h
-- Installing: /home/illuminance_measurement_robot/ROS2_WS/install/power_measurement/include/power_measurement/msg/ina228_sensor.h
-- Installing: /home/illuminance_measurement_robot/ROS2_WS/install/power_measurement/share/power_measurement/environment/library_path.sh
-- Installing: /home/illuminance_measurement_robot/ROS2_WS/install/power_measurement/share/power_measurement/environment/library_path.dsv
-- Installing: /home/illuminance_measurement_robot/ROS2_WS/install/power_measurement/lib/libpower_measurement__rosidl_generator_c.so
-- Set runtime path of "/home/illuminance_measurement_robot/ROS2_WS/install/power_measurement/lib/libpower_measurement__rosidl_generator_c.so" to ""
-- Up-to-date: /home/illuminance_measurement_robot/ROS2_WS/install/power_measurement/include/power_measurement
-- Up-to-date: /home/illuminance_measurement_robot/ROS2_WS/install/power_measurement/include/power_measurement/msg
-- Installing: /home/illuminance_measurement_robot/ROS2_WS/install/power_measurement/include/power_measurement/msg/rosidl_typesupport_fastrtps_c__visibility_control.h
-- Up-to-date: /home/illuminance_measurement_robot/ROS2_WS/install/power_measurement/include/power_measurement/msg/detail
-- Installing: /home/illuminance_measurement_robot/ROS2_WS/install/power_measurement/include/power_measurement/msg/detail/ina228_sensor__rosidl_typesupport_fastrtps_c.h
-- Installing: /home/illuminance_measurement_robot/ROS2_WS/install/power_measurement/lib/libpower_measurement__rosidl_typesupport_fastrtps_c.so
-- Set runtime path of "/home/illuminance_measurement_robot/ROS2_WS/install/power_measurement/lib/libpower_measurement__rosidl_typesupport_fastrtps_c.so" to ""
-- Up-to-date: /home/illuminance_measurement_robot/ROS2_WS/install/power_measurement/include/power_measurement
-- Up-to-date: /home/illuminance_measurement_robot/ROS2_WS/install/power_measurement/include/power_measurement/msg
-- Up-to-date: /home/illuminance_measurement_robot/ROS2_WS/install/power_measurement/include/power_measurement/msg/detail
-- Installing: /home/illuminance_measurement_robot/ROS2_WS/install/power_measurement/include/power_measurement/msg/detail/dds_fastrtps
-- Installing: /home/illuminance_measurement_robot/ROS2_WS/install/power_measurement/include/power_measurement/msg/detail/ina228_sensor__rosidl_typesupport_fastrtps_cpp.hpp
-- Installing: /home/illuminance_measurement_robot/ROS2_WS/install/power_measurement/include/power_measurement/msg/rosidl_typesupport_fastrtps_cpp__visibility_control.h
-- Installing: /home/illuminance_measurement_robot/ROS2_WS/install/power_measurement/lib/libpower_measurement__rosidl_typesupport_fastrtps_cpp.so
-- Set runtime path of "/home/illuminance_measurement_robot/ROS2_WS/install/power_measurement/lib/libpower_measurement__rosidl_typesupport_fastrtps_cpp.so" to ""
-- Up-to-date: /home/illuminance_measurement_robot/ROS2_WS/install/power_measurement/include/power_measurement
-- Up-to-date: /home/illuminance_measurement_robot/ROS2_WS/install/power_measurement/include/power_measurement/msg
-- Up-to-date: /home/illuminance_measurement_robot/ROS2_WS/install/power_measurement/include/power_measurement/msg/detail
-- Installing: /home/illuminance_measurement_robot/ROS2_WS/install/power_measurement/include/power_measurement/msg/detail/ina228_sensor__type_support.c
-- Installing: /home/illuminance_measurement_robot/ROS2_WS/install/power_measurement/include/power_measurement/msg/detail/ina228_sensor__rosidl_typesupport_introspection_c.h
-- Installing: /home/illuminance_measurement_robot/ROS2_WS/install/power_measurement/include/power_measurement/msg/rosidl_typesupport_introspection_c__visibility_control.h
-- Installing: /home/illuminance_measurement_robot/ROS2_WS/install/power_measurement/lib/libpower_measurement__rosidl_typesupport_introspection_c.so
-- Set runtime path of "/home/illuminance_measurement_robot/ROS2_WS/install/power_measurement/lib/libpower_measurement__rosidl_typesupport_introspection_c.so" to ""
-- Installing: /home/illuminance_measurement_robot/ROS2_WS/install/power_measurement/lib/libpower_measurement__rosidl_typesupport_c.so
-- Set runtime path of "/home/illuminance_measurement_robot/ROS2_WS/install/power_measurement/lib/libpower_measurement__rosidl_typesupport_c.so" to ""
-- Up-to-date: /home/illuminance_measurement_robot/ROS2_WS/install/power_measurement/include/power_measurement
-- Up-to-date: /home/illuminance_measurement_robot/ROS2_WS/install/power_measurement/include/power_measurement/msg
-- Up-to-date: /home/illuminance_measurement_robot/ROS2_WS/install/power_measurement/include/power_measurement/msg/detail
-- Installing: /home/illuminance_measurement_robot/ROS2_WS/install/power_measurement/include/power_measurement/msg/detail/ina228_sensor__type_support.hpp
-- Installing: /home/illuminance_measurement_robot/ROS2_WS/install/power_measurement/include/power_measurement/msg/detail/ina228_sensor__struct.hpp
-- Installing: /home/illuminance_measurement_robot/ROS2_WS/install/power_measurement/include/power_measurement/msg/detail/ina228_sensor__traits.hpp
-- Installing: /home/illuminance_measurement_robot/ROS2_WS/install/power_measurement/include/power_measurement/msg/detail/ina228_sensor__builder.hpp
-- Installing: /home/illuminance_measurement_robot/ROS2_WS/install/power_measurement/include/power_measurement/msg/ina228_sensor.hpp
-- Installing: /home/illuminance_measurement_robot/ROS2_WS/install/power_measurement/include/power_measurement/msg/rosidl_generator_cpp__visibility_control.hpp
-- Up-to-date: /home/illuminance_measurement_robot/ROS2_WS/install/power_measurement/include/power_measurement
-- Up-to-date: /home/illuminance_measurement_robot/ROS2_WS/install/power_measurement/include/power_measurement/msg
-- Up-to-date: /home/illuminance_measurement_robot/ROS2_WS/install/power_measurement/include/power_measurement/msg/detail
-- Installing: /home/illuminance_measurement_robot/ROS2_WS/install/power_measurement/include/power_measurement/msg/detail/ina228_sensor__type_support.cpp
-- Installing: /home/illuminance_measurement_robot/ROS2_WS/install/power_measurement/include/power_measurement/msg/detail/ina228_sensor__rosidl_typesupport_introspection_cpp.hpp
-- Installing: /home/illuminance_measurement_robot/ROS2_WS/install/power_measurement/lib/libpower_measurement__rosidl_typesupport_introspection_cpp.so
-- Set runtime path of "/home/illuminance_measurement_robot/ROS2_WS/install/power_measurement/lib/libpower_measurement__rosidl_typesupport_introspection_cpp.so" to ""
-- Installing: /home/illuminance_measurement_robot/ROS2_WS/install/power_measurement/lib/libpower_measurement__rosidl_typesupport_cpp.so
-- Set runtime path of "/home/illuminance_measurement_robot/ROS2_WS/install/power_measurement/lib/libpower_measurement__rosidl_typesupport_cpp.so" to ""
-- Installing: /home/illuminance_measurement_robot/ROS2_WS/install/power_measurement/share/power_measurement/environment/pythonpath.sh
-- Installing: /home/illuminance_measurement_robot/ROS2_WS/install/power_measurement/share/power_measurement/environment/pythonpath.dsv
-- Installing: /home/illuminance_measurement_robot/ROS2_WS/install/power_measurement/lib/python3.8/site-packages/power_measurement/__init__.py
Compiling '/home/illuminance_measurement_robot/ROS2_WS/install/power_measurement/lib/python3.8/site-packages/power_measurement/__init__.py'...
-- Installing: /home/illuminance_measurement_robot/ROS2_WS/install/power_measurement/lib/python3.8/site-packages/power_measurement/msg
-- Installing: /home/illuminance_measurement_robot/ROS2_WS/install/power_measurement/lib/python3.8/site-packages/power_measurement/msg/_ina228_sensor.py
-- Installing: /home/illuminance_measurement_robot/ROS2_WS/install/power_measurement/lib/python3.8/site-packages/power_measurement/msg/_ina228_sensor_s.c
-- Installing: /home/illuminance_measurement_robot/ROS2_WS/install/power_measurement/lib/python3.8/site-packages/power_measurement/msg/__init__.py
-- Installing: /home/illuminance_measurement_robot/ROS2_WS/install/power_measurement/lib/python3.8/site-packages/power_measurement/power_measurement_s__rosidl_typesupport_fastrtps_c.cpython-38-aarch64-linux-gnu.so
-- Set runtime path of "/home/illuminance_measurement_robot/ROS2_WS/install/power_measurement/lib/python3.8/site-packages/power_measurement/power_measurement_s__rosidl_typesupport_fastrtps_c.cpython-38-aarch64-linux-gnu.so" to ""
-- Installing: /home/illuminance_measurement_robot/ROS2_WS/install/power_measurement/lib/python3.8/site-packages/power_measurement/power_measurement_s__rosidl_typesupport_introspection_c.cpython-38-aarch64-linux-gnu.so
-- Set runtime path of "/home/illuminance_measurement_robot/ROS2_WS/install/power_measurement/lib/python3.8/site-packages/power_measurement/power_measurement_s__rosidl_typesupport_introspection_c.cpython-38-aarch64-linux-gnu.so" to ""
-- Installing: /home/illuminance_measurement_robot/ROS2_WS/install/power_measurement/lib/python3.8/site-packages/power_measurement/power_measurement_s__rosidl_typesupport_c.cpython-38-aarch64-linux-gnu.so
-- Set runtime path of "/home/illuminance_measurement_robot/ROS2_WS/install/power_measurement/lib/python3.8/site-packages/power_measurement/power_measurement_s__rosidl_typesupport_c.cpython-38-aarch64-linux-gnu.so" to ""
-- Installing: /home/illuminance_measurement_robot/ROS2_WS/install/power_measurement/lib/libpower_measurement__python.so
-- Set runtime path of "/home/illuminance_measurement_robot/ROS2_WS/install/power_measurement/lib/libpower_measurement__python.so" to ""
-- Installing: /home/illuminance_measurement_robot/ROS2_WS/install/power_measurement/share/power_measurement/msg/Ina228Sensor.idl
-- Installing: /home/illuminance_measurement_robot/ROS2_WS/install/power_measurement/share/power_measurement/msg/Ina228Sensor.msg
-- Installing: /home/illuminance_measurement_robot/ROS2_WS/install/power_measurement/share/ament_index/resource_index/package_run_dependencies/power_measurement
-- Installing: /home/illuminance_measurement_robot/ROS2_WS/install/power_measurement/share/ament_index/resource_index/parent_prefix_path/power_measurement
-- Installing: /home/illuminance_measurement_robot/ROS2_WS/install/power_measurement/share/power_measurement/environment/ament_prefix_path.sh
-- Installing: /home/illuminance_measurement_robot/ROS2_WS/install/power_measurement/share/power_measurement/environment/ament_prefix_path.dsv
-- Installing: /home/illuminance_measurement_robot/ROS2_WS/install/power_measurement/share/power_measurement/environment/path.sh
-- Installing: /home/illuminance_measurement_robot/ROS2_WS/install/power_measurement/share/power_measurement/environment/path.dsv
-- Installing: /home/illuminance_measurement_robot/ROS2_WS/install/power_measurement/share/power_measurement/local_setup.bash
-- Installing: /home/illuminance_measurement_robot/ROS2_WS/install/power_measurement/share/power_measurement/local_setup.sh
-- Installing: /home/illuminance_measurement_robot/ROS2_WS/install/power_measurement/share/power_measurement/local_setup.zsh
-- Installing: /home/illuminance_measurement_robot/ROS2_WS/install/power_measurement/share/power_measurement/local_setup.dsv
-- Installing: /home/illuminance_measurement_robot/ROS2_WS/install/power_measurement/share/power_measurement/package.dsv
-- Installing: /home/illuminance_measurement_robot/ROS2_WS/install/power_measurement/share/ament_index/resource_index/packages/power_measurement
-- Installing: /home/illuminance_measurement_robot/ROS2_WS/install/power_measurement/share/power_measurement/cmake/power_measurement__rosidl_generator_cExport.cmake
-- Installing: /home/illuminance_measurement_robot/ROS2_WS/install/power_measurement/share/power_measurement/cmake/power_measurement__rosidl_generator_cExport-noconfig.cmake
-- Installing: /home/illuminance_measurement_robot/ROS2_WS/install/power_measurement/share/power_measurement/cmake/power_measurement__rosidl_typesupport_introspection_cExport.cmake
-- Installing: /home/illuminance_measurement_robot/ROS2_WS/install/power_measurement/share/power_measurement/cmake/power_measurement__rosidl_typesupport_introspection_cExport-noconfig.cmake
-- Installing: /home/illuminance_measurement_robot/ROS2_WS/install/power_measurement/share/power_measurement/cmake/power_measurement__rosidl_typesupport_cExport.cmake
-- Installing: /home/illuminance_measurement_robot/ROS2_WS/install/power_measurement/share/power_measurement/cmake/power_measurement__rosidl_typesupport_cExport-noconfig.cmake
-- Installing: /home/illuminance_measurement_robot/ROS2_WS/install/power_measurement/share/power_measurement/cmake/power_measurement__rosidl_generator_cppExport.cmake
-- Installing: /home/illuminance_measurement_robot/ROS2_WS/install/power_measurement/share/power_measurement/cmake/power_measurement__rosidl_typesupport_introspection_cppExport.cmake
-- Installing: /home/illuminance_measurement_robot/ROS2_WS/install/power_measurement/share/power_measurement/cmake/power_measurement__rosidl_typesupport_introspection_cppExport-noconfig.cmake
-- Installing: /home/illuminance_measurement_robot/ROS2_WS/install/power_measurement/share/power_measurement/cmake/power_measurement__rosidl_typesupport_cppExport.cmake
-- Installing: /home/illuminance_measurement_robot/ROS2_WS/install/power_measurement/share/power_measurement/cmake/power_measurement__rosidl_typesupport_cppExport-noconfig.cmake
-- Installing: /home/illuminance_measurement_robot/ROS2_WS/install/power_measurement/share/power_measurement/cmake/rosidl_cmake-extras.cmake
-- Installing: /home/illuminance_measurement_robot/ROS2_WS/install/power_measurement/share/power_measurement/cmake/ament_cmake_export_dependencies-extras.cmake
-- Installing: /home/illuminance_measurement_robot/ROS2_WS/install/power_measurement/share/power_measurement/cmake/ament_cmake_export_libraries-extras.cmake
-- Installing: /home/illuminance_measurement_robot/ROS2_WS/install/power_measurement/share/power_measurement/cmake/ament_cmake_export_targets-extras.cmake
-- Installing: /home/illuminance_measurement_robot/ROS2_WS/install/power_measurement/share/power_measurement/cmake/ament_cmake_export_include_directories-extras.cmake
-- Installing: /home/illuminance_measurement_robot/ROS2_WS/install/power_measurement/share/power_measurement/cmake/rosidl_cmake_export_typesupport_libraries-extras.cmake
-- Installing: /home/illuminance_measurement_robot/ROS2_WS/install/power_measurement/share/power_measurement/cmake/rosidl_cmake_export_typesupport_targets-extras.cmake
-- Installing: /home/illuminance_measurement_robot/ROS2_WS/install/power_measurement/share/power_measurement/cmake/power_measurementConfig.cmake
-- Installing: /home/illuminance_measurement_robot/ROS2_WS/install/power_measurement/share/power_measurement/cmake/power_measurementConfig-version.cmake
-- Installing: /home/illuminance_measurement_robot/ROS2_WS/install/power_measurement/share/power_measurement/package.xml
-- Installing: /home/illuminance_measurement_robot/ROS2_WS/install/power_measurement/lib/power_measurement/power_measurement_node.py
-- Up-to-date: /home/illuminance_measurement_robot/ROS2_WS/install/power_measurement/lib/python3.8/site-packages/power_measurement
-- Installing: /home/illuminance_measurement_robot/ROS2_WS/install/power_measurement/lib/python3.8/site-packages/power_measurement/ina228_driver.py
-- Installing: /home/illuminance_measurement_robot/ROS2_WS/install/power_measurement/lib/python3.8/site-packages/power_measurement/__init__.py
-- Installing: /home/illuminance_measurement_robot/ROS2_WS/install/power_measurement/lib/python3.8/site-packages/power_measurement/power_measurement_node.py
