[0.332s] Invoking command in '/home/illuminance_measurement_robot/ROS2_WS/build/power_measurement': CMAKE_PREFIX_PATH=${CMAKE_PREFIX_PATH}:/home/illuminance_measurement_robot/ROS2_WS/install/motor_control:/opt/ros/foxy /usr/bin/cmake /home/illuminance_measurement_robot/ROS2_WS/src/power_measurement -DCMAKE_INSTALL_PREFIX=/home/illuminance_measurement_robot/ROS2_WS/install/power_measurement
[0.451s] -- The C compiler identification is GNU 9.4.0
[0.552s] -- The CXX compiler identification is GNU 9.4.0
[0.558s] -- Check for working C compiler: /usr/bin/cc
[0.696s] -- Check for working C compiler: /usr/bin/cc -- works
[0.697s] -- Detecting C compiler ABI info
[0.834s] -- Detecting C compiler ABI info - done
[0.849s] -- Detecting C compile features
[0.849s] -- Detecting C compile features - done
[0.853s] -- Check for working CXX compiler: /usr/bin/c++
[1.021s] -- Check for working CXX compiler: /usr/bin/c++ -- works
[1.023s] -- Detecting CXX compiler ABI info
[1.186s] -- Detecting CXX compiler ABI info - done
[1.202s] -- Detecting CXX compile features
[1.203s] -- Detecting CXX compile features - done
[1.206s] -- Found ament_cmake: 0.9.12 (/opt/ros/foxy/share/ament_cmake/cmake)
[1.244s] -- Found PythonInterp: /usr/bin/python3 (found suitable version "3.8.10", minimum required is "3") 
[1.244s] -- Using PYTHON_EXECUTABLE: /usr/bin/python3
[1.547s] -- Found rosidl_default_generators: 1.0.1 (/opt/ros/foxy/share/rosidl_default_generators/cmake)
[1.552s] -- Using all available rosidl_typesupport_c: rosidl_typesupport_fastrtps_c;rosidl_typesupport_introspection_c
[1.562s] -- Found rosidl_adapter: 1.3.1 (/opt/ros/foxy/share/rosidl_adapter/cmake)
[1.779s] -- Found OpenSSL: /usr/lib/aarch64-linux-gnu/libcrypto.so (found version "1.1.1f")  
[1.846s] -- Found FastRTPS: /opt/ros/foxy/include  
[1.991s] -- Using all available rosidl_typesupport_cpp: rosidl_typesupport_fastrtps_cpp;rosidl_typesupport_introspection_cpp
[2.060s] -- Found PythonInterp: /usr/bin/python3 (found version "3.8.10") 
[2.234s] -- Found ament_cmake_ros: 0.9.2 (/opt/ros/foxy/share/ament_cmake_ros/cmake)
[2.453s] -- Using all available rosidl_typesupport_c: rosidl_typesupport_fastrtps_c;rosidl_typesupport_introspection_c
[2.462s] -- Using all available rosidl_typesupport_cpp: rosidl_typesupport_fastrtps_cpp;rosidl_typesupport_introspection_cpp
[2.502s] -- Found PythonInterp: /usr/bin/python3 (found suitable version "3.8.10", minimum required is "3.5") 
[2.505s] -- Found python_cmake_module: 0.8.1 (/opt/ros/foxy/share/python_cmake_module/cmake)
[2.549s] -- Found PythonLibs: /usr/lib/aarch64-linux-gnu/libpython3.8.so (found suitable version "3.8.10", minimum required is "3.5") 
[2.549s] -- Using PYTHON_EXECUTABLE: /usr/bin/python3
[2.549s] -- Using PYTHON_INCLUDE_DIRS: /usr/include/python3.8
[2.549s] -- Using PYTHON_LIBRARIES: /usr/lib/aarch64-linux-gnu/libpython3.8.so
[2.583s] -- Found PythonExtra: .so  
[2.644s] -- Found ament_lint_auto: 0.9.8 (/opt/ros/foxy/share/ament_lint_auto/cmake)
[2.670s] -- Added test 'copyright' to check source files copyright and LICENSE
[2.674s] -- Added test 'flake8' to check Python code syntax and style conventions
[2.675s] -- Added test 'lint_cmake' to check CMake code style
[2.675s] -- Added test 'pep257' to check Python code against some of the style conventions in PEP 257
[2.677s] -- Added test 'xmllint' to check XML markup files
[2.684s] -- Configuring done
[2.732s] -- Generating done
[2.749s] -- Build files have been written to: /home/illuminance_measurement_robot/ROS2_WS/build/power_measurement
[2.762s] Invoked command in '/home/illuminance_measurement_robot/ROS2_WS/build/power_measurement' returned '0': CMAKE_PREFIX_PATH=${CMAKE_PREFIX_PATH}:/home/illuminance_measurement_robot/ROS2_WS/install/motor_control:/opt/ros/foxy /usr/bin/cmake /home/illuminance_measurement_robot/ROS2_WS/src/power_measurement -DCMAKE_INSTALL_PREFIX=/home/illuminance_measurement_robot/ROS2_WS/install/power_measurement
[2.767s] Invoking command in '/home/illuminance_measurement_robot/ROS2_WS/build/power_measurement': CMAKE_PREFIX_PATH=${CMAKE_PREFIX_PATH}:/home/illuminance_measurement_robot/ROS2_WS/install/motor_control:/opt/ros/foxy /usr/bin/cmake --build /home/illuminance_measurement_robot/ROS2_WS/build/power_measurement -- -j4 -l4
[2.847s] [  3%] [34m[1mGenerating C code for ROS interfaces[0m
[2.847s] [35m[1mScanning dependencies of target power_measurement__cpp[0m
[2.868s] [  6%] [34m[1mGenerating C++ code for ROS interfaces[0m
[3.214s] [35m[1mScanning dependencies of target power_measurement__rosidl_generator_c[0m
[3.232s] [  6%] Built target power_measurement__cpp
[3.240s] [  9%] [32mBuilding C object CMakeFiles/power_measurement__rosidl_generator_c.dir/rosidl_generator_c/power_measurement/msg/detail/ina228_sensor__functions.c.o[0m
[3.254s] [ 19%] [34m[1mGenerating C++ introspection for ROS interfaces[0m
[3.255s] [ 19%] [34m[1mGenerating C++ type support dispatch for ROS interfaces[0m
[3.257s] [ 19%] [34m[1mGenerating C++ type support for eProsima Fast-RTPS[0m
[3.360s] [ 22%] [32m[1mLinking C shared library libpower_measurement__rosidl_generator_c.so[0m
[3.443s] [ 22%] Built target power_measurement__rosidl_generator_c
[3.467s] [ 25%] [34m[1mGenerating C introspection for ROS interfaces[0m
[3.671s] [35m[1mScanning dependencies of target power_measurement__rosidl_typesupport_cpp[0m
[3.692s] [35m[1mScanning dependencies of target power_measurement__rosidl_typesupport_introspection_cpp[0m
[3.698s] [ 29%] [32mBuilding CXX object CMakeFiles/power_measurement__rosidl_typesupport_cpp.dir/rosidl_typesupport_cpp/power_measurement/msg/ina228_sensor__type_support.cpp.o[0m
[3.709s] [35m[1mScanning dependencies of target power_measurement__rosidl_typesupport_fastrtps_cpp[0m
[3.726s] [ 32%] [32mBuilding CXX object CMakeFiles/power_measurement__rosidl_typesupport_introspection_cpp.dir/rosidl_typesupport_introspection_cpp/power_measurement/msg/detail/ina228_sensor__type_support.cpp.o[0m
[3.752s] [ 35%] [32mBuilding CXX object CMakeFiles/power_measurement__rosidl_typesupport_fastrtps_cpp.dir/rosidl_typesupport_fastrtps_cpp/power_measurement/msg/detail/dds_fastrtps/ina228_sensor__type_support.cpp.o[0m
[3.910s] [35m[1mScanning dependencies of target power_measurement__rosidl_typesupport_introspection_c[0m
[3.940s] [ 38%] [32mBuilding C object CMakeFiles/power_measurement__rosidl_typesupport_introspection_c.dir/rosidl_typesupport_introspection_c/power_measurement/msg/detail/ina228_sensor__type_support.c.o[0m
[4.026s] [ 41%] [32m[1mLinking C shared library libpower_measurement__rosidl_typesupport_introspection_c.so[0m
[4.100s] [ 41%] Built target power_measurement__rosidl_typesupport_introspection_c
[4.127s] [ 45%] [34m[1mGenerating C type support dispatch for ROS interfaces[0m
[4.284s] [ 48%] [32m[1mLinking CXX shared library libpower_measurement__rosidl_typesupport_cpp.so[0m
[4.307s] [ 51%] [32m[1mLinking CXX shared library libpower_measurement__rosidl_typesupport_introspection_cpp.so[0m
[4.375s] [ 51%] Built target power_measurement__rosidl_typesupport_cpp
[4.395s] [ 51%] Built target power_measurement__rosidl_typesupport_introspection_cpp
[4.518s] [35m[1mScanning dependencies of target power_measurement__rosidl_typesupport_c[0m
[4.541s] [ 54%] [32mBuilding CXX object CMakeFiles/power_measurement__rosidl_typesupport_c.dir/rosidl_typesupport_c/power_measurement/msg/ina228_sensor__type_support.cpp.o[0m
[4.578s] [ 58%] [32m[1mLinking CXX shared library libpower_measurement__rosidl_typesupport_fastrtps_cpp.so[0m
[4.612s] [ 61%] [32m[1mLinking CXX shared library libpower_measurement__rosidl_typesupport_c.so[0m
[4.702s] [ 61%] Built target power_measurement__rosidl_typesupport_c
[4.781s] [ 61%] Built target power_measurement__rosidl_typesupport_fastrtps_cpp
[4.801s] [ 64%] [34m[1mGenerating C type support for eProsima Fast-RTPS[0m
[5.100s] [35m[1mScanning dependencies of target power_measurement__rosidl_typesupport_fastrtps_c[0m
[5.125s] [ 67%] [32mBuilding CXX object CMakeFiles/power_measurement__rosidl_typesupport_fastrtps_c.dir/rosidl_typesupport_fastrtps_c/power_measurement/msg/detail/ina228_sensor__type_support_c.cpp.o[0m
[5.617s] [ 70%] [32m[1mLinking CXX shared library libpower_measurement__rosidl_typesupport_fastrtps_c.so[0m
[5.803s] [ 70%] Built target power_measurement__rosidl_typesupport_fastrtps_c
[5.823s] [35m[1mScanning dependencies of target power_measurement[0m
[5.843s] [ 70%] Built target power_measurement
[5.863s] [35m[1mScanning dependencies of target power_measurement__py[0m
[5.883s] [ 74%] [34m[1mGenerating Python code for ROS interfaces[0m
[6.424s] [ 74%] Built target power_measurement__py
[6.444s] [35m[1mScanning dependencies of target power_measurement__python[0m
[6.477s] [ 77%] [32mBuilding C object CMakeFiles/power_measurement__python.dir/rosidl_generator_py/power_measurement/msg/_ina228_sensor_s.c.o[0m
[6.629s] [ 80%] [32m[1mLinking C shared library rosidl_generator_py/power_measurement/libpower_measurement__python.so[0m
[6.700s] [ 80%] Built target power_measurement__python
[6.721s] [35m[1mScanning dependencies of target power_measurement__rosidl_typesupport_fastrtps_c__pyext[0m
[6.721s] [35m[1mScanning dependencies of target power_measurement__rosidl_typesupport_introspection_c__pyext[0m
[6.721s] [35m[1mScanning dependencies of target power_measurement__rosidl_typesupport_c__pyext[0m
[6.754s] [ 90%] [32mBuilding C object CMakeFiles/power_measurement__rosidl_typesupport_fastrtps_c__pyext.dir/rosidl_generator_py/power_measurement/_power_measurement_s.ep.rosidl_typesupport_fastrtps_c.c.o[0m
[6.755s] [ 90%] [32mBuilding C object CMakeFiles/power_measurement__rosidl_typesupport_c__pyext.dir/rosidl_generator_py/power_measurement/_power_measurement_s.ep.rosidl_typesupport_c.c.o[0m
[6.755s] [ 90%] [32mBuilding C object CMakeFiles/power_measurement__rosidl_typesupport_introspection_c__pyext.dir/rosidl_generator_py/power_measurement/_power_measurement_s.ep.rosidl_typesupport_introspection_c.c.o[0m
[6.922s] [ 93%] [32m[1mLinking C shared library rosidl_generator_py/power_measurement/power_measurement_s__rosidl_typesupport_introspection_c.cpython-38-aarch64-linux-gnu.so[0m
[6.924s] [100%] [32m[1mLinking C shared library rosidl_generator_py/power_measurement/power_measurement_s__rosidl_typesupport_c.cpython-38-aarch64-linux-gnu.so[0m
[6.924s] [100%] [32m[1mLinking CXX shared library rosidl_generator_py/power_measurement/power_measurement_s__rosidl_typesupport_fastrtps_c.cpython-38-aarch64-linux-gnu.so[0m
[7.012s] [100%] Built target power_measurement__rosidl_typesupport_introspection_c__pyext
[7.012s] [100%] Built target power_measurement__rosidl_typesupport_c__pyext
[7.054s] [100%] Built target power_measurement__rosidl_typesupport_fastrtps_c__pyext
[7.077s] Invoked command in '/home/illuminance_measurement_robot/ROS2_WS/build/power_measurement' returned '0': CMAKE_PREFIX_PATH=${CMAKE_PREFIX_PATH}:/home/illuminance_measurement_robot/ROS2_WS/install/motor_control:/opt/ros/foxy /usr/bin/cmake --build /home/illuminance_measurement_robot/ROS2_WS/build/power_measurement -- -j4 -l4
[7.104s] Invoking command in '/home/illuminance_measurement_robot/ROS2_WS/build/power_measurement': CMAKE_PREFIX_PATH=${CMAKE_PREFIX_PATH}:/home/illuminance_measurement_robot/ROS2_WS/install/motor_control:/opt/ros/foxy /usr/bin/cmake --install /home/illuminance_measurement_robot/ROS2_WS/build/power_measurement
[7.124s] -- Install configuration: ""
[7.124s] -- Installing: /home/illuminance_measurement_robot/ROS2_WS/install/power_measurement/share/ament_index/resource_index/rosidl_interfaces/power_measurement
[7.124s] -- Installing: /home/illuminance_measurement_robot/ROS2_WS/install/power_measurement/include/power_measurement
[7.125s] -- Installing: /home/illuminance_measurement_robot/ROS2_WS/install/power_measurement/include/power_measurement/msg
[7.125s] -- Installing: /home/illuminance_measurement_robot/ROS2_WS/install/power_measurement/include/power_measurement/msg/rosidl_generator_c__visibility_control.h
[7.125s] -- Installing: /home/illuminance_measurement_robot/ROS2_WS/install/power_measurement/include/power_measurement/msg/detail
[7.125s] -- Installing: /home/illuminance_measurement_robot/ROS2_WS/install/power_measurement/include/power_measurement/msg/detail/ina228_sensor__type_support.h
[7.125s] -- Installing: /home/illuminance_measurement_robot/ROS2_WS/install/power_measurement/include/power_measurement/msg/detail/ina228_sensor__functions.c
[7.125s] -- Installing: /home/illuminance_measurement_robot/ROS2_WS/install/power_measurement/include/power_measurement/msg/detail/ina228_sensor__struct.h
[7.126s] -- Installing: /home/illuminance_measurement_robot/ROS2_WS/install/power_measurement/include/power_measurement/msg/detail/ina228_sensor__functions.h
[7.126s] -- Installing: /home/illuminance_measurement_robot/ROS2_WS/install/power_measurement/include/power_measurement/msg/ina228_sensor.h
[7.126s] -- Installing: /home/illuminance_measurement_robot/ROS2_WS/install/power_measurement/share/power_measurement/environment/library_path.sh
[7.126s] -- Installing: /home/illuminance_measurement_robot/ROS2_WS/install/power_measurement/share/power_measurement/environment/library_path.dsv
[7.127s] -- Installing: /home/illuminance_measurement_robot/ROS2_WS/install/power_measurement/lib/libpower_measurement__rosidl_generator_c.so
[7.127s] -- Set runtime path of "/home/illuminance_measurement_robot/ROS2_WS/install/power_measurement/lib/libpower_measurement__rosidl_generator_c.so" to ""
[7.127s] -- Up-to-date: /home/illuminance_measurement_robot/ROS2_WS/install/power_measurement/include/power_measurement
[7.128s] -- Up-to-date: /home/illuminance_measurement_robot/ROS2_WS/install/power_measurement/include/power_measurement/msg
[7.128s] -- Installing: /home/illuminance_measurement_robot/ROS2_WS/install/power_measurement/include/power_measurement/msg/rosidl_typesupport_fastrtps_c__visibility_control.h
[7.128s] -- Up-to-date: /home/illuminance_measurement_robot/ROS2_WS/install/power_measurement/include/power_measurement/msg/detail
[7.128s] -- Installing: /home/illuminance_measurement_robot/ROS2_WS/install/power_measurement/include/power_measurement/msg/detail/ina228_sensor__rosidl_typesupport_fastrtps_c.h
[7.128s] -- Installing: /home/illuminance_measurement_robot/ROS2_WS/install/power_measurement/lib/libpower_measurement__rosidl_typesupport_fastrtps_c.so
[7.129s] -- Set runtime path of "/home/illuminance_measurement_robot/ROS2_WS/install/power_measurement/lib/libpower_measurement__rosidl_typesupport_fastrtps_c.so" to ""
[7.129s] -- Up-to-date: /home/illuminance_measurement_robot/ROS2_WS/install/power_measurement/include/power_measurement
[7.129s] -- Up-to-date: /home/illuminance_measurement_robot/ROS2_WS/install/power_measurement/include/power_measurement/msg
[7.129s] -- Up-to-date: /home/illuminance_measurement_robot/ROS2_WS/install/power_measurement/include/power_measurement/msg/detail
[7.129s] -- Installing: /home/illuminance_measurement_robot/ROS2_WS/install/power_measurement/include/power_measurement/msg/detail/dds_fastrtps
[7.129s] -- Installing: /home/illuminance_measurement_robot/ROS2_WS/install/power_measurement/include/power_measurement/msg/detail/ina228_sensor__rosidl_typesupport_fastrtps_cpp.hpp
[7.130s] -- Installing: /home/illuminance_measurement_robot/ROS2_WS/install/power_measurement/include/power_measurement/msg/rosidl_typesupport_fastrtps_cpp__visibility_control.h
[7.130s] -- Installing: /home/illuminance_measurement_robot/ROS2_WS/install/power_measurement/lib/libpower_measurement__rosidl_typesupport_fastrtps_cpp.so
[7.130s] -- Set runtime path of "/home/illuminance_measurement_robot/ROS2_WS/install/power_measurement/lib/libpower_measurement__rosidl_typesupport_fastrtps_cpp.so" to ""
[7.131s] -- Up-to-date: /home/illuminance_measurement_robot/ROS2_WS/install/power_measurement/include/power_measurement
[7.131s] -- Up-to-date: /home/illuminance_measurement_robot/ROS2_WS/install/power_measurement/include/power_measurement/msg
[7.131s] -- Up-to-date: /home/illuminance_measurement_robot/ROS2_WS/install/power_measurement/include/power_measurement/msg/detail
[7.131s] -- Installing: /home/illuminance_measurement_robot/ROS2_WS/install/power_measurement/include/power_measurement/msg/detail/ina228_sensor__type_support.c
[7.131s] -- Installing: /home/illuminance_measurement_robot/ROS2_WS/install/power_measurement/include/power_measurement/msg/detail/ina228_sensor__rosidl_typesupport_introspection_c.h
[7.131s] -- Installing: /home/illuminance_measurement_robot/ROS2_WS/install/power_measurement/include/power_measurement/msg/rosidl_typesupport_introspection_c__visibility_control.h
[7.132s] -- Installing: /home/illuminance_measurement_robot/ROS2_WS/install/power_measurement/lib/libpower_measurement__rosidl_typesupport_introspection_c.so
[7.132s] -- Set runtime path of "/home/illuminance_measurement_robot/ROS2_WS/install/power_measurement/lib/libpower_measurement__rosidl_typesupport_introspection_c.so" to ""
[7.132s] -- Installing: /home/illuminance_measurement_robot/ROS2_WS/install/power_measurement/lib/libpower_measurement__rosidl_typesupport_c.so
[7.133s] -- Set runtime path of "/home/illuminance_measurement_robot/ROS2_WS/install/power_measurement/lib/libpower_measurement__rosidl_typesupport_c.so" to ""
[7.133s] -- Up-to-date: /home/illuminance_measurement_robot/ROS2_WS/install/power_measurement/include/power_measurement
[7.133s] -- Up-to-date: /home/illuminance_measurement_robot/ROS2_WS/install/power_measurement/include/power_measurement/msg
[7.133s] -- Up-to-date: /home/illuminance_measurement_robot/ROS2_WS/install/power_measurement/include/power_measurement/msg/detail
[7.133s] -- Installing: /home/illuminance_measurement_robot/ROS2_WS/install/power_measurement/include/power_measurement/msg/detail/ina228_sensor__type_support.hpp
[7.133s] -- Installing: /home/illuminance_measurement_robot/ROS2_WS/install/power_measurement/include/power_measurement/msg/detail/ina228_sensor__struct.hpp
[7.134s] -- Installing: /home/illuminance_measurement_robot/ROS2_WS/install/power_measurement/include/power_measurement/msg/detail/ina228_sensor__traits.hpp
[7.134s] -- Installing: /home/illuminance_measurement_robot/ROS2_WS/install/power_measurement/include/power_measurement/msg/detail/ina228_sensor__builder.hpp
[7.134s] -- Installing: /home/illuminance_measurement_robot/ROS2_WS/install/power_measurement/include/power_measurement/msg/ina228_sensor.hpp
[7.134s] -- Installing: /home/illuminance_measurement_robot/ROS2_WS/install/power_measurement/include/power_measurement/msg/rosidl_generator_cpp__visibility_control.hpp
[7.134s] -- Up-to-date: /home/illuminance_measurement_robot/ROS2_WS/install/power_measurement/include/power_measurement
[7.134s] -- Up-to-date: /home/illuminance_measurement_robot/ROS2_WS/install/power_measurement/include/power_measurement/msg
[7.135s] -- Up-to-date: /home/illuminance_measurement_robot/ROS2_WS/install/power_measurement/include/power_measurement/msg/detail
[7.135s] -- Installing: /home/illuminance_measurement_robot/ROS2_WS/install/power_measurement/include/power_measurement/msg/detail/ina228_sensor__type_support.cpp
[7.135s] -- Installing: /home/illuminance_measurement_robot/ROS2_WS/install/power_measurement/include/power_measurement/msg/detail/ina228_sensor__rosidl_typesupport_introspection_cpp.hpp
[7.135s] -- Installing: /home/illuminance_measurement_robot/ROS2_WS/install/power_measurement/lib/libpower_measurement__rosidl_typesupport_introspection_cpp.so
[7.136s] -- Set runtime path of "/home/illuminance_measurement_robot/ROS2_WS/install/power_measurement/lib/libpower_measurement__rosidl_typesupport_introspection_cpp.so" to ""
[7.136s] -- Installing: /home/illuminance_measurement_robot/ROS2_WS/install/power_measurement/lib/libpower_measurement__rosidl_typesupport_cpp.so
[7.136s] -- Set runtime path of "/home/illuminance_measurement_robot/ROS2_WS/install/power_measurement/lib/libpower_measurement__rosidl_typesupport_cpp.so" to ""
[7.136s] -- Installing: /home/illuminance_measurement_robot/ROS2_WS/install/power_measurement/share/power_measurement/environment/pythonpath.sh
[7.137s] -- Installing: /home/illuminance_measurement_robot/ROS2_WS/install/power_measurement/share/power_measurement/environment/pythonpath.dsv
[7.137s] -- Installing: /home/illuminance_measurement_robot/ROS2_WS/install/power_measurement/lib/python3.8/site-packages/power_measurement/__init__.py
[7.181s] Compiling '/home/illuminance_measurement_robot/ROS2_WS/install/power_measurement/lib/python3.8/site-packages/power_measurement/__init__.py'...
[7.190s] -- Installing: /home/illuminance_measurement_robot/ROS2_WS/install/power_measurement/lib/python3.8/site-packages/power_measurement/msg
[7.190s] -- Installing: /home/illuminance_measurement_robot/ROS2_WS/install/power_measurement/lib/python3.8/site-packages/power_measurement/msg/_ina228_sensor.py
[7.190s] -- Installing: /home/illuminance_measurement_robot/ROS2_WS/install/power_measurement/lib/python3.8/site-packages/power_measurement/msg/_ina228_sensor_s.c
[7.190s] -- Installing: /home/illuminance_measurement_robot/ROS2_WS/install/power_measurement/lib/python3.8/site-packages/power_measurement/msg/__init__.py
[7.191s] -- Installing: /home/illuminance_measurement_robot/ROS2_WS/install/power_measurement/lib/python3.8/site-packages/power_measurement/power_measurement_s__rosidl_typesupport_fastrtps_c.cpython-38-aarch64-linux-gnu.so
[7.192s] -- Set runtime path of "/home/illuminance_measurement_robot/ROS2_WS/install/power_measurement/lib/python3.8/site-packages/power_measurement/power_measurement_s__rosidl_typesupport_fastrtps_c.cpython-38-aarch64-linux-gnu.so" to ""
[7.192s] -- Installing: /home/illuminance_measurement_robot/ROS2_WS/install/power_measurement/lib/python3.8/site-packages/power_measurement/power_measurement_s__rosidl_typesupport_introspection_c.cpython-38-aarch64-linux-gnu.so
[7.193s] -- Set runtime path of "/home/illuminance_measurement_robot/ROS2_WS/install/power_measurement/lib/python3.8/site-packages/power_measurement/power_measurement_s__rosidl_typesupport_introspection_c.cpython-38-aarch64-linux-gnu.so" to ""
[7.193s] -- Installing: /home/illuminance_measurement_robot/ROS2_WS/install/power_measurement/lib/python3.8/site-packages/power_measurement/power_measurement_s__rosidl_typesupport_c.cpython-38-aarch64-linux-gnu.so
[7.194s] -- Set runtime path of "/home/illuminance_measurement_robot/ROS2_WS/install/power_measurement/lib/python3.8/site-packages/power_measurement/power_measurement_s__rosidl_typesupport_c.cpython-38-aarch64-linux-gnu.so" to ""
[7.194s] -- Installing: /home/illuminance_measurement_robot/ROS2_WS/install/power_measurement/lib/libpower_measurement__python.so
[7.195s] -- Set runtime path of "/home/illuminance_measurement_robot/ROS2_WS/install/power_measurement/lib/libpower_measurement__python.so" to ""
[7.195s] -- Installing: /home/illuminance_measurement_robot/ROS2_WS/install/power_measurement/share/power_measurement/msg/Ina228Sensor.idl
[7.195s] -- Installing: /home/illuminance_measurement_robot/ROS2_WS/install/power_measurement/share/power_measurement/msg/Ina228Sensor.msg
[7.195s] -- Installing: /home/illuminance_measurement_robot/ROS2_WS/install/power_measurement/share/ament_index/resource_index/package_run_dependencies/power_measurement
[7.196s] -- Installing: /home/illuminance_measurement_robot/ROS2_WS/install/power_measurement/share/ament_index/resource_index/parent_prefix_path/power_measurement
[7.196s] -- Installing: /home/illuminance_measurement_robot/ROS2_WS/install/power_measurement/share/power_measurement/environment/ament_prefix_path.sh
[7.196s] -- Installing: /home/illuminance_measurement_robot/ROS2_WS/install/power_measurement/share/power_measurement/environment/ament_prefix_path.dsv
[7.197s] -- Installing: /home/illuminance_measurement_robot/ROS2_WS/install/power_measurement/share/power_measurement/environment/path.sh
[7.197s] -- Installing: /home/illuminance_measurement_robot/ROS2_WS/install/power_measurement/share/power_measurement/environment/path.dsv
[7.197s] -- Installing: /home/illuminance_measurement_robot/ROS2_WS/install/power_measurement/share/power_measurement/local_setup.bash
[7.197s] -- Installing: /home/illuminance_measurement_robot/ROS2_WS/install/power_measurement/share/power_measurement/local_setup.sh
[7.198s] -- Installing: /home/illuminance_measurement_robot/ROS2_WS/install/power_measurement/share/power_measurement/local_setup.zsh
[7.198s] -- Installing: /home/illuminance_measurement_robot/ROS2_WS/install/power_measurement/share/power_measurement/local_setup.dsv
[7.198s] -- Installing: /home/illuminance_measurement_robot/ROS2_WS/install/power_measurement/share/power_measurement/package.dsv
[7.198s] -- Installing: /home/illuminance_measurement_robot/ROS2_WS/install/power_measurement/share/ament_index/resource_index/packages/power_measurement
[7.199s] -- Installing: /home/illuminance_measurement_robot/ROS2_WS/install/power_measurement/share/power_measurement/cmake/power_measurement__rosidl_generator_cExport.cmake
[7.199s] -- Installing: /home/illuminance_measurement_robot/ROS2_WS/install/power_measurement/share/power_measurement/cmake/power_measurement__rosidl_generator_cExport-noconfig.cmake
[7.199s] -- Installing: /home/illuminance_measurement_robot/ROS2_WS/install/power_measurement/share/power_measurement/cmake/power_measurement__rosidl_typesupport_introspection_cExport.cmake
[7.200s] -- Installing: /home/illuminance_measurement_robot/ROS2_WS/install/power_measurement/share/power_measurement/cmake/power_measurement__rosidl_typesupport_introspection_cExport-noconfig.cmake
[7.200s] -- Installing: /home/illuminance_measurement_robot/ROS2_WS/install/power_measurement/share/power_measurement/cmake/power_measurement__rosidl_typesupport_cExport.cmake
[7.200s] -- Installing: /home/illuminance_measurement_robot/ROS2_WS/install/power_measurement/share/power_measurement/cmake/power_measurement__rosidl_typesupport_cExport-noconfig.cmake
[7.201s] -- Installing: /home/illuminance_measurement_robot/ROS2_WS/install/power_measurement/share/power_measurement/cmake/power_measurement__rosidl_generator_cppExport.cmake
[7.201s] -- Installing: /home/illuminance_measurement_robot/ROS2_WS/install/power_measurement/share/power_measurement/cmake/power_measurement__rosidl_typesupport_introspection_cppExport.cmake
[7.201s] -- Installing: /home/illuminance_measurement_robot/ROS2_WS/install/power_measurement/share/power_measurement/cmake/power_measurement__rosidl_typesupport_introspection_cppExport-noconfig.cmake
[7.202s] -- Installing: /home/illuminance_measurement_robot/ROS2_WS/install/power_measurement/share/power_measurement/cmake/power_measurement__rosidl_typesupport_cppExport.cmake
[7.202s] -- Installing: /home/illuminance_measurement_robot/ROS2_WS/install/power_measurement/share/power_measurement/cmake/power_measurement__rosidl_typesupport_cppExport-noconfig.cmake
[7.202s] -- Installing: /home/illuminance_measurement_robot/ROS2_WS/install/power_measurement/share/power_measurement/cmake/rosidl_cmake-extras.cmake
[7.202s] -- Installing: /home/illuminance_measurement_robot/ROS2_WS/install/power_measurement/share/power_measurement/cmake/ament_cmake_export_dependencies-extras.cmake
[7.203s] -- Installing: /home/illuminance_measurement_robot/ROS2_WS/install/power_measurement/share/power_measurement/cmake/ament_cmake_export_libraries-extras.cmake
[7.203s] -- Installing: /home/illuminance_measurement_robot/ROS2_WS/install/power_measurement/share/power_measurement/cmake/ament_cmake_export_targets-extras.cmake
[7.203s] -- Installing: /home/illuminance_measurement_robot/ROS2_WS/install/power_measurement/share/power_measurement/cmake/ament_cmake_export_include_directories-extras.cmake
[7.203s] -- Installing: /home/illuminance_measurement_robot/ROS2_WS/install/power_measurement/share/power_measurement/cmake/rosidl_cmake_export_typesupport_libraries-extras.cmake
[7.204s] -- Installing: /home/illuminance_measurement_robot/ROS2_WS/install/power_measurement/share/power_measurement/cmake/rosidl_cmake_export_typesupport_targets-extras.cmake
[7.204s] -- Installing: /home/illuminance_measurement_robot/ROS2_WS/install/power_measurement/share/power_measurement/cmake/power_measurementConfig.cmake
[7.204s] -- Installing: /home/illuminance_measurement_robot/ROS2_WS/install/power_measurement/share/power_measurement/cmake/power_measurementConfig-version.cmake
[7.204s] -- Installing: /home/illuminance_measurement_robot/ROS2_WS/install/power_measurement/share/power_measurement/package.xml
[7.205s] -- Installing: /home/illuminance_measurement_robot/ROS2_WS/install/power_measurement/lib/power_measurement/power_measurement_node.py
[7.205s] -- Up-to-date: /home/illuminance_measurement_robot/ROS2_WS/install/power_measurement/lib/python3.8/site-packages/power_measurement
[7.205s] -- Installing: /home/illuminance_measurement_robot/ROS2_WS/install/power_measurement/lib/python3.8/site-packages/power_measurement/ina228_driver.py
[7.205s] -- Installing: /home/illuminance_measurement_robot/ROS2_WS/install/power_measurement/lib/python3.8/site-packages/power_measurement/__init__.py
[7.205s] -- Installing: /home/illuminance_measurement_robot/ROS2_WS/install/power_measurement/lib/python3.8/site-packages/power_measurement/power_measurement_node.py
[7.211s] Invoked command in '/home/illuminance_measurement_robot/ROS2_WS/build/power_measurement' returned '0': CMAKE_PREFIX_PATH=${CMAKE_PREFIX_PATH}:/home/illuminance_measurement_robot/ROS2_WS/install/motor_control:/opt/ros/foxy /usr/bin/cmake --install /home/illuminance_measurement_robot/ROS2_WS/build/power_measurement
