[0.961s] Invoking command in '/home/illuminance_measurement_robot/ROS2_WS/build/power_measurement': CMAKE_PREFIX_PATH=/opt/ros/foxy /usr/bin/cmake /home/illuminance_measurement_robot/ROS2_WS/src/power_measurement -DCMAKE_INSTALL_PREFIX=/home/illuminance_measurement_robot/ROS2_WS/install/power_measurement
[1.003s] -- Found ament_cmake: 0.9.12 (/opt/ros/foxy/share/ament_cmake/cmake)
[1.069s] -- Found PythonInterp: /usr/bin/python3 (found suitable version "3.8.10", minimum required is "3") 
[1.070s] -- Using PYTHON_EXECUTABLE: /usr/bin/python3
[1.560s] -- Found rosidl_default_generators: 1.0.1 (/opt/ros/foxy/share/rosidl_default_generators/cmake)
[1.569s] -- Using all available rosidl_typesupport_c: rosidl_typesupport_fastrtps_c;rosidl_typesupport_introspection_c
[1.584s] -- Found rosidl_adapter: 1.3.1 (/opt/ros/foxy/share/rosidl_adapter/cmake)
[2.017s] -- Found OpenSSL: /usr/lib/aarch64-linux-gnu/libcrypto.so (found version "1.1.1f")  
[2.135s] -- Found FastRTPS: /opt/ros/foxy/include  
[2.441s] -- Using all available rosidl_typesupport_cpp: rosidl_typesupport_fastrtps_cpp;rosidl_typesupport_introspection_cpp
[2.562s] -- Found PythonInterp: /usr/bin/python3 (found version "3.8.10") 
[2.816s] -- Found ament_cmake_ros: 0.9.2 (/opt/ros/foxy/share/ament_cmake_ros/cmake)
[3.055s] -- Using all available rosidl_typesupport_c: rosidl_typesupport_fastrtps_c;rosidl_typesupport_introspection_c
[3.066s] -- Using all available rosidl_typesupport_cpp: rosidl_typesupport_fastrtps_cpp;rosidl_typesupport_introspection_cpp
[3.103s] -- Found PythonInterp: /usr/bin/python3 (found suitable version "3.8.10", minimum required is "3.5") 
[3.105s] -- Found python_cmake_module: 0.8.1 (/opt/ros/foxy/share/python_cmake_module/cmake)
[3.149s] -- Found PythonLibs: /usr/lib/aarch64-linux-gnu/libpython3.8.so (found suitable version "3.8.10", minimum required is "3.5") 
[3.149s] -- Using PYTHON_EXECUTABLE: /usr/bin/python3
[3.149s] -- Using PYTHON_INCLUDE_DIRS: /usr/include/python3.8
[3.150s] -- Using PYTHON_LIBRARIES: /usr/lib/aarch64-linux-gnu/libpython3.8.so
[3.186s] -- Found PythonExtra: .so  
[3.246s] -- Found ament_lint_auto: 0.9.8 (/opt/ros/foxy/share/ament_lint_auto/cmake)
[3.281s] -- Added test 'copyright' to check source files copyright and LICENSE
[3.285s] -- Added test 'flake8' to check Python code syntax and style conventions
[3.286s] -- Added test 'lint_cmake' to check CMake code style
[3.287s] -- Added test 'pep257' to check Python code against some of the style conventions in PEP 257
[3.289s] -- Added test 'xmllint' to check XML markup files
[3.298s] -- Configuring done
[3.351s] -- Generating done
[3.373s] -- Build files have been written to: /home/illuminance_measurement_robot/ROS2_WS/build/power_measurement
[3.389s] Invoked command in '/home/illuminance_measurement_robot/ROS2_WS/build/power_measurement' returned '0': CMAKE_PREFIX_PATH=/opt/ros/foxy /usr/bin/cmake /home/illuminance_measurement_robot/ROS2_WS/src/power_measurement -DCMAKE_INSTALL_PREFIX=/home/illuminance_measurement_robot/ROS2_WS/install/power_measurement
[3.398s] Invoking command in '/home/illuminance_measurement_robot/ROS2_WS/build/power_measurement': CMAKE_PREFIX_PATH=/opt/ros/foxy /usr/bin/cmake --build /home/illuminance_measurement_robot/ROS2_WS/build/power_measurement -- -j4 -l4
[3.479s] [  3%] [34m[1mGenerating C code for ROS interfaces[0m
[3.480s] [35m[1mScanning dependencies of target power_measurement__cpp[0m
[3.501s] [  6%] [34m[1mGenerating C++ code for ROS interfaces[0m
[3.889s] [35m[1mScanning dependencies of target power_measurement__rosidl_generator_c[0m
[3.895s] [  6%] Built target power_measurement__cpp
[3.917s] [ 16%] [34m[1mGenerating C++ type support for eProsima Fast-RTPS[0m
[3.918s] [ 16%] [34m[1mGenerating C++ introspection for ROS interfaces[0m
[3.918s] [ 16%] [32mBuilding C object CMakeFiles/power_measurement__rosidl_generator_c.dir/rosidl_generator_c/power_measurement/msg/detail/ina228_sensor__functions.c.o[0m
[3.927s] [ 19%] [34m[1mGenerating C++ type support dispatch for ROS interfaces[0m
[4.042s] [ 22%] [32m[1mLinking C shared library libpower_measurement__rosidl_generator_c.so[0m
[4.130s] [ 22%] Built target power_measurement__rosidl_generator_c
[4.155s] [ 25%] [34m[1mGenerating C introspection for ROS interfaces[0m
[4.355s] [35m[1mScanning dependencies of target power_measurement__rosidl_typesupport_introspection_cpp[0m
[4.365s] [35m[1mScanning dependencies of target power_measurement__rosidl_typesupport_cpp[0m
[4.386s] [ 29%] [32mBuilding CXX object CMakeFiles/power_measurement__rosidl_typesupport_introspection_cpp.dir/rosidl_typesupport_introspection_cpp/power_measurement/msg/detail/ina228_sensor__type_support.cpp.o[0m
[4.398s] [35m[1mScanning dependencies of target power_measurement__rosidl_typesupport_fastrtps_cpp[0m
[4.430s] [ 32%] [32mBuilding CXX object CMakeFiles/power_measurement__rosidl_typesupport_cpp.dir/rosidl_typesupport_cpp/power_measurement/msg/ina228_sensor__type_support.cpp.o[0m
[4.470s] [ 35%] [32mBuilding CXX object CMakeFiles/power_measurement__rosidl_typesupport_fastrtps_cpp.dir/rosidl_typesupport_fastrtps_cpp/power_measurement/msg/detail/dds_fastrtps/ina228_sensor__type_support.cpp.o[0m
[4.625s] [35m[1mScanning dependencies of target power_measurement__rosidl_typesupport_introspection_c[0m
[4.672s] [ 38%] [32mBuilding C object CMakeFiles/power_measurement__rosidl_typesupport_introspection_c.dir/rosidl_typesupport_introspection_c/power_measurement/msg/detail/ina228_sensor__type_support.c.o[0m
[4.755s] [ 41%] [32m[1mLinking C shared library libpower_measurement__rosidl_typesupport_introspection_c.so[0m
[4.829s] [ 41%] Built target power_measurement__rosidl_typesupport_introspection_c
[4.858s] [ 45%] [34m[1mGenerating C type support dispatch for ROS interfaces[0m
[5.064s] [ 48%] [32m[1mLinking CXX shared library libpower_measurement__rosidl_typesupport_introspection_cpp.so[0m
[5.155s] [ 51%] [32m[1mLinking CXX shared library libpower_measurement__rosidl_typesupport_cpp.so[0m
[5.166s] [ 51%] Built target power_measurement__rosidl_typesupport_introspection_cpp
[5.244s] [ 51%] Built target power_measurement__rosidl_typesupport_cpp
[5.280s] [35m[1mScanning dependencies of target power_measurement__rosidl_typesupport_c[0m
[5.303s] [ 54%] [32mBuilding CXX object CMakeFiles/power_measurement__rosidl_typesupport_c.dir/rosidl_typesupport_c/power_measurement/msg/ina228_sensor__type_support.cpp.o[0m
[5.375s] [ 58%] [32m[1mLinking CXX shared library libpower_measurement__rosidl_typesupport_c.so[0m
[5.377s] [ 61%] [32m[1mLinking CXX shared library libpower_measurement__rosidl_typesupport_fastrtps_cpp.so[0m
[5.471s] [ 61%] Built target power_measurement__rosidl_typesupport_c
[5.581s] [ 61%] Built target power_measurement__rosidl_typesupport_fastrtps_cpp
[5.602s] [ 64%] [34m[1mGenerating C type support for eProsima Fast-RTPS[0m
[5.910s] [35m[1mScanning dependencies of target power_measurement__rosidl_typesupport_fastrtps_c[0m
[5.937s] [ 67%] [32mBuilding CXX object CMakeFiles/power_measurement__rosidl_typesupport_fastrtps_c.dir/rosidl_typesupport_fastrtps_c/power_measurement/msg/detail/ina228_sensor__type_support_c.cpp.o[0m
[6.442s] [ 70%] [32m[1mLinking CXX shared library libpower_measurement__rosidl_typesupport_fastrtps_c.so[0m
[6.632s] [ 70%] Built target power_measurement__rosidl_typesupport_fastrtps_c
[6.652s] [35m[1mScanning dependencies of target power_measurement[0m
[6.674s] [ 70%] Built target power_measurement
[6.695s] [35m[1mScanning dependencies of target power_measurement__py[0m
[6.716s] [ 74%] [34m[1mGenerating Python code for ROS interfaces[0m
[7.315s] [ 74%] Built target power_measurement__py
[7.335s] [35m[1mScanning dependencies of target power_measurement__python[0m
[7.369s] [ 77%] [32mBuilding C object CMakeFiles/power_measurement__python.dir/rosidl_generator_py/power_measurement/msg/_ina228_sensor_s.c.o[0m
[7.526s] [ 80%] [32m[1mLinking C shared library rosidl_generator_py/power_measurement/libpower_measurement__python.so[0m
[7.609s] [ 80%] Built target power_measurement__python
[7.632s] [35m[1mScanning dependencies of target power_measurement__rosidl_typesupport_c__pyext[0m
[7.635s] [35m[1mScanning dependencies of target power_measurement__rosidl_typesupport_introspection_c__pyext[0m
[7.638s] [35m[1mScanning dependencies of target power_measurement__rosidl_typesupport_fastrtps_c__pyext[0m
[7.683s] [ 87%] [32mBuilding C object CMakeFiles/power_measurement__rosidl_typesupport_fastrtps_c__pyext.dir/rosidl_generator_py/power_measurement/_power_measurement_s.ep.rosidl_typesupport_fastrtps_c.c.o[0m
[7.683s] [ 87%] [32mBuilding C object CMakeFiles/power_measurement__rosidl_typesupport_c__pyext.dir/rosidl_generator_py/power_measurement/_power_measurement_s.ep.rosidl_typesupport_c.c.o[0m
[7.686s] [ 90%] [32mBuilding C object CMakeFiles/power_measurement__rosidl_typesupport_introspection_c__pyext.dir/rosidl_generator_py/power_measurement/_power_measurement_s.ep.rosidl_typesupport_introspection_c.c.o[0m
[7.857s] [ 93%] [32m[1mLinking C shared library rosidl_generator_py/power_measurement/power_measurement_s__rosidl_typesupport_c.cpython-38-aarch64-linux-gnu.so[0m
[7.867s] [ 96%] [32m[1mLinking CXX shared library rosidl_generator_py/power_measurement/power_measurement_s__rosidl_typesupport_fastrtps_c.cpython-38-aarch64-linux-gnu.so[0m
[7.875s] [100%] [32m[1mLinking C shared library rosidl_generator_py/power_measurement/power_measurement_s__rosidl_typesupport_introspection_c.cpython-38-aarch64-linux-gnu.so[0m
[7.941s] [100%] Built target power_measurement__rosidl_typesupport_c__pyext
[7.958s] [100%] Built target power_measurement__rosidl_typesupport_introspection_c__pyext
[7.999s] [100%] Built target power_measurement__rosidl_typesupport_fastrtps_c__pyext
[8.024s] Invoked command in '/home/illuminance_measurement_robot/ROS2_WS/build/power_measurement' returned '0': CMAKE_PREFIX_PATH=/opt/ros/foxy /usr/bin/cmake --build /home/illuminance_measurement_robot/ROS2_WS/build/power_measurement -- -j4 -l4
[8.054s] Invoking command in '/home/illuminance_measurement_robot/ROS2_WS/build/power_measurement': CMAKE_PREFIX_PATH=/opt/ros/foxy /usr/bin/cmake --install /home/illuminance_measurement_robot/ROS2_WS/build/power_measurement
[8.071s] -- Install configuration: ""
[8.072s] -- Installing: /home/illuminance_measurement_robot/ROS2_WS/install/power_measurement/share/ament_index/resource_index/rosidl_interfaces/power_measurement
[8.072s] -- Installing: /home/illuminance_measurement_robot/ROS2_WS/install/power_measurement/include/power_measurement
[8.073s] -- Installing: /home/illuminance_measurement_robot/ROS2_WS/install/power_measurement/include/power_measurement/msg
[8.073s] -- Installing: /home/illuminance_measurement_robot/ROS2_WS/install/power_measurement/include/power_measurement/msg/rosidl_generator_c__visibility_control.h
[8.073s] -- Installing: /home/illuminance_measurement_robot/ROS2_WS/install/power_measurement/include/power_measurement/msg/detail
[8.073s] -- Installing: /home/illuminance_measurement_robot/ROS2_WS/install/power_measurement/include/power_measurement/msg/detail/ina228_sensor__type_support.h
[8.074s] -- Installing: /home/illuminance_measurement_robot/ROS2_WS/install/power_measurement/include/power_measurement/msg/detail/ina228_sensor__functions.c
[8.074s] -- Installing: /home/illuminance_measurement_robot/ROS2_WS/install/power_measurement/include/power_measurement/msg/detail/ina228_sensor__struct.h
[8.074s] -- Installing: /home/illuminance_measurement_robot/ROS2_WS/install/power_measurement/include/power_measurement/msg/detail/ina228_sensor__functions.h
[8.074s] -- Installing: /home/illuminance_measurement_robot/ROS2_WS/install/power_measurement/include/power_measurement/msg/ina228_sensor.h
[8.075s] -- Installing: /home/illuminance_measurement_robot/ROS2_WS/install/power_measurement/share/power_measurement/environment/library_path.sh
[8.075s] -- Installing: /home/illuminance_measurement_robot/ROS2_WS/install/power_measurement/share/power_measurement/environment/library_path.dsv
[8.077s] -- Installing: /home/illuminance_measurement_robot/ROS2_WS/install/power_measurement/lib/libpower_measurement__rosidl_generator_c.so
[8.078s] -- Set runtime path of "/home/illuminance_measurement_robot/ROS2_WS/install/power_measurement/lib/libpower_measurement__rosidl_generator_c.so" to ""
[8.078s] -- Up-to-date: /home/illuminance_measurement_robot/ROS2_WS/install/power_measurement/include/power_measurement
[8.078s] -- Up-to-date: /home/illuminance_measurement_robot/ROS2_WS/install/power_measurement/include/power_measurement/msg
[8.078s] -- Installing: /home/illuminance_measurement_robot/ROS2_WS/install/power_measurement/include/power_measurement/msg/rosidl_typesupport_fastrtps_c__visibility_control.h
[8.079s] -- Up-to-date: /home/illuminance_measurement_robot/ROS2_WS/install/power_measurement/include/power_measurement/msg/detail
[8.079s] -- Installing: /home/illuminance_measurement_robot/ROS2_WS/install/power_measurement/include/power_measurement/msg/detail/ina228_sensor__rosidl_typesupport_fastrtps_c.h
[8.082s] -- Installing: /home/illuminance_measurement_robot/ROS2_WS/install/power_measurement/lib/libpower_measurement__rosidl_typesupport_fastrtps_c.so
[8.084s] -- Set runtime path of "/home/illuminance_measurement_robot/ROS2_WS/install/power_measurement/lib/libpower_measurement__rosidl_typesupport_fastrtps_c.so" to ""
[8.084s] -- Up-to-date: /home/illuminance_measurement_robot/ROS2_WS/install/power_measurement/include/power_measurement
[8.084s] -- Up-to-date: /home/illuminance_measurement_robot/ROS2_WS/install/power_measurement/include/power_measurement/msg
[8.084s] -- Up-to-date: /home/illuminance_measurement_robot/ROS2_WS/install/power_measurement/include/power_measurement/msg/detail
[8.084s] -- Installing: /home/illuminance_measurement_robot/ROS2_WS/install/power_measurement/include/power_measurement/msg/detail/dds_fastrtps
[8.087s] -- Installing: /home/illuminance_measurement_robot/ROS2_WS/install/power_measurement/include/power_measurement/msg/detail/ina228_sensor__rosidl_typesupport_fastrtps_cpp.hpp
[8.087s] -- Installing: /home/illuminance_measurement_robot/ROS2_WS/install/power_measurement/include/power_measurement/msg/rosidl_typesupport_fastrtps_cpp__visibility_control.h
[8.087s] -- Installing: /home/illuminance_measurement_robot/ROS2_WS/install/power_measurement/lib/libpower_measurement__rosidl_typesupport_fastrtps_cpp.so
[8.087s] -- Set runtime path of "/home/illuminance_measurement_robot/ROS2_WS/install/power_measurement/lib/libpower_measurement__rosidl_typesupport_fastrtps_cpp.so" to ""
[8.088s] -- Up-to-date: /home/illuminance_measurement_robot/ROS2_WS/install/power_measurement/include/power_measurement
[8.088s] -- Up-to-date: /home/illuminance_measurement_robot/ROS2_WS/install/power_measurement/include/power_measurement/msg
[8.088s] -- Up-to-date: /home/illuminance_measurement_robot/ROS2_WS/install/power_measurement/include/power_measurement/msg/detail
[8.088s] -- Installing: /home/illuminance_measurement_robot/ROS2_WS/install/power_measurement/include/power_measurement/msg/detail/ina228_sensor__type_support.c
[8.088s] -- Installing: /home/illuminance_measurement_robot/ROS2_WS/install/power_measurement/include/power_measurement/msg/detail/ina228_sensor__rosidl_typesupport_introspection_c.h
[8.089s] -- Installing: /home/illuminance_measurement_robot/ROS2_WS/install/power_measurement/include/power_measurement/msg/rosidl_typesupport_introspection_c__visibility_control.h
[8.089s] -- Installing: /home/illuminance_measurement_robot/ROS2_WS/install/power_measurement/lib/libpower_measurement__rosidl_typesupport_introspection_c.so
[8.089s] -- Set runtime path of "/home/illuminance_measurement_robot/ROS2_WS/install/power_measurement/lib/libpower_measurement__rosidl_typesupport_introspection_c.so" to ""
[8.090s] -- Installing: /home/illuminance_measurement_robot/ROS2_WS/install/power_measurement/lib/libpower_measurement__rosidl_typesupport_c.so
[8.090s] -- Set runtime path of "/home/illuminance_measurement_robot/ROS2_WS/install/power_measurement/lib/libpower_measurement__rosidl_typesupport_c.so" to ""
[8.091s] -- Up-to-date: /home/illuminance_measurement_robot/ROS2_WS/install/power_measurement/include/power_measurement
[8.091s] -- Up-to-date: /home/illuminance_measurement_robot/ROS2_WS/install/power_measurement/include/power_measurement/msg
[8.091s] -- Up-to-date: /home/illuminance_measurement_robot/ROS2_WS/install/power_measurement/include/power_measurement/msg/detail
[8.091s] -- Installing: /home/illuminance_measurement_robot/ROS2_WS/install/power_measurement/include/power_measurement/msg/detail/ina228_sensor__type_support.hpp
[8.091s] -- Installing: /home/illuminance_measurement_robot/ROS2_WS/install/power_measurement/include/power_measurement/msg/detail/ina228_sensor__struct.hpp
[8.093s] -- Installing: /home/illuminance_measurement_robot/ROS2_WS/install/power_measurement/include/power_measurement/msg/detail/ina228_sensor__traits.hpp
[8.094s] -- Installing: /home/illuminance_measurement_robot/ROS2_WS/install/power_measurement/include/power_measurement/msg/detail/ina228_sensor__builder.hpp
[8.094s] -- Installing: /home/illuminance_measurement_robot/ROS2_WS/install/power_measurement/include/power_measurement/msg/ina228_sensor.hpp
[8.094s] -- Installing: /home/illuminance_measurement_robot/ROS2_WS/install/power_measurement/include/power_measurement/msg/rosidl_generator_cpp__visibility_control.hpp
[8.094s] -- Up-to-date: /home/illuminance_measurement_robot/ROS2_WS/install/power_measurement/include/power_measurement
[8.095s] -- Up-to-date: /home/illuminance_measurement_robot/ROS2_WS/install/power_measurement/include/power_measurement/msg
[8.095s] -- Up-to-date: /home/illuminance_measurement_robot/ROS2_WS/install/power_measurement/include/power_measurement/msg/detail
[8.095s] -- Installing: /home/illuminance_measurement_robot/ROS2_WS/install/power_measurement/include/power_measurement/msg/detail/ina228_sensor__type_support.cpp
[8.095s] -- Installing: /home/illuminance_measurement_robot/ROS2_WS/install/power_measurement/include/power_measurement/msg/detail/ina228_sensor__rosidl_typesupport_introspection_cpp.hpp
[8.095s] -- Installing: /home/illuminance_measurement_robot/ROS2_WS/install/power_measurement/lib/libpower_measurement__rosidl_typesupport_introspection_cpp.so
[8.095s] -- Set runtime path of "/home/illuminance_measurement_robot/ROS2_WS/install/power_measurement/lib/libpower_measurement__rosidl_typesupport_introspection_cpp.so" to ""
[8.095s] -- Installing: /home/illuminance_measurement_robot/ROS2_WS/install/power_measurement/lib/libpower_measurement__rosidl_typesupport_cpp.so
[8.095s] -- Set runtime path of "/home/illuminance_measurement_robot/ROS2_WS/install/power_measurement/lib/libpower_measurement__rosidl_typesupport_cpp.so" to ""
[8.095s] -- Installing: /home/illuminance_measurement_robot/ROS2_WS/install/power_measurement/share/power_measurement/environment/pythonpath.sh
[8.095s] -- Installing: /home/illuminance_measurement_robot/ROS2_WS/install/power_measurement/share/power_measurement/environment/pythonpath.dsv
[8.096s] -- Installing: /home/illuminance_measurement_robot/ROS2_WS/install/power_measurement/lib/python3.8/site-packages/power_measurement/__init__.py
[8.145s] Compiling '/home/illuminance_measurement_robot/ROS2_WS/install/power_measurement/lib/python3.8/site-packages/power_measurement/__init__.py'...
[8.156s] -- Installing: /home/illuminance_measurement_robot/ROS2_WS/install/power_measurement/lib/python3.8/site-packages/power_measurement/msg
[8.156s] -- Installing: /home/illuminance_measurement_robot/ROS2_WS/install/power_measurement/lib/python3.8/site-packages/power_measurement/msg/_ina228_sensor.py
[8.157s] -- Installing: /home/illuminance_measurement_robot/ROS2_WS/install/power_measurement/lib/python3.8/site-packages/power_measurement/msg/_ina228_sensor_s.c
[8.158s] -- Installing: /home/illuminance_measurement_robot/ROS2_WS/install/power_measurement/lib/python3.8/site-packages/power_measurement/msg/__init__.py
[8.158s] -- Installing: /home/illuminance_measurement_robot/ROS2_WS/install/power_measurement/lib/python3.8/site-packages/power_measurement/power_measurement_s__rosidl_typesupport_fastrtps_c.cpython-38-aarch64-linux-gnu.so
[8.158s] -- Set runtime path of "/home/illuminance_measurement_robot/ROS2_WS/install/power_measurement/lib/python3.8/site-packages/power_measurement/power_measurement_s__rosidl_typesupport_fastrtps_c.cpython-38-aarch64-linux-gnu.so" to ""
[8.159s] -- Installing: /home/illuminance_measurement_robot/ROS2_WS/install/power_measurement/lib/python3.8/site-packages/power_measurement/power_measurement_s__rosidl_typesupport_introspection_c.cpython-38-aarch64-linux-gnu.so
[8.159s] -- Set runtime path of "/home/illuminance_measurement_robot/ROS2_WS/install/power_measurement/lib/python3.8/site-packages/power_measurement/power_measurement_s__rosidl_typesupport_introspection_c.cpython-38-aarch64-linux-gnu.so" to ""
[8.160s] -- Installing: /home/illuminance_measurement_robot/ROS2_WS/install/power_measurement/lib/python3.8/site-packages/power_measurement/power_measurement_s__rosidl_typesupport_c.cpython-38-aarch64-linux-gnu.so
[8.160s] -- Set runtime path of "/home/illuminance_measurement_robot/ROS2_WS/install/power_measurement/lib/python3.8/site-packages/power_measurement/power_measurement_s__rosidl_typesupport_c.cpython-38-aarch64-linux-gnu.so" to ""
[8.161s] -- Installing: /home/illuminance_measurement_robot/ROS2_WS/install/power_measurement/lib/libpower_measurement__python.so
[8.161s] -- Set runtime path of "/home/illuminance_measurement_robot/ROS2_WS/install/power_measurement/lib/libpower_measurement__python.so" to ""
[8.162s] -- Installing: /home/illuminance_measurement_robot/ROS2_WS/install/power_measurement/share/power_measurement/msg/Ina228Sensor.idl
[8.162s] -- Installing: /home/illuminance_measurement_robot/ROS2_WS/install/power_measurement/share/power_measurement/msg/Ina228Sensor.msg
[8.162s] -- Installing: /home/illuminance_measurement_robot/ROS2_WS/install/power_measurement/share/ament_index/resource_index/package_run_dependencies/power_measurement
[8.163s] -- Installing: /home/illuminance_measurement_robot/ROS2_WS/install/power_measurement/share/ament_index/resource_index/parent_prefix_path/power_measurement
[8.163s] -- Installing: /home/illuminance_measurement_robot/ROS2_WS/install/power_measurement/share/power_measurement/environment/ament_prefix_path.sh
[8.163s] -- Installing: /home/illuminance_measurement_robot/ROS2_WS/install/power_measurement/share/power_measurement/environment/ament_prefix_path.dsv
[8.163s] -- Installing: /home/illuminance_measurement_robot/ROS2_WS/install/power_measurement/share/power_measurement/environment/path.sh
[8.164s] -- Installing: /home/illuminance_measurement_robot/ROS2_WS/install/power_measurement/share/power_measurement/environment/path.dsv
[8.164s] -- Installing: /home/illuminance_measurement_robot/ROS2_WS/install/power_measurement/share/power_measurement/local_setup.bash
[8.164s] -- Installing: /home/illuminance_measurement_robot/ROS2_WS/install/power_measurement/share/power_measurement/local_setup.sh
[8.164s] -- Installing: /home/illuminance_measurement_robot/ROS2_WS/install/power_measurement/share/power_measurement/local_setup.zsh
[8.165s] -- Installing: /home/illuminance_measurement_robot/ROS2_WS/install/power_measurement/share/power_measurement/local_setup.dsv
[8.165s] -- Installing: /home/illuminance_measurement_robot/ROS2_WS/install/power_measurement/share/power_measurement/package.dsv
[8.165s] -- Installing: /home/illuminance_measurement_robot/ROS2_WS/install/power_measurement/share/ament_index/resource_index/packages/power_measurement
[8.166s] -- Installing: /home/illuminance_measurement_robot/ROS2_WS/install/power_measurement/share/power_measurement/cmake/power_measurement__rosidl_generator_cExport.cmake
[8.166s] -- Installing: /home/illuminance_measurement_robot/ROS2_WS/install/power_measurement/share/power_measurement/cmake/power_measurement__rosidl_generator_cExport-noconfig.cmake
[8.166s] -- Installing: /home/illuminance_measurement_robot/ROS2_WS/install/power_measurement/share/power_measurement/cmake/power_measurement__rosidl_typesupport_introspection_cExport.cmake
[8.166s] -- Installing: /home/illuminance_measurement_robot/ROS2_WS/install/power_measurement/share/power_measurement/cmake/power_measurement__rosidl_typesupport_introspection_cExport-noconfig.cmake
[8.167s] -- Installing: /home/illuminance_measurement_robot/ROS2_WS/install/power_measurement/share/power_measurement/cmake/power_measurement__rosidl_typesupport_cExport.cmake
[8.167s] -- Installing: /home/illuminance_measurement_robot/ROS2_WS/install/power_measurement/share/power_measurement/cmake/power_measurement__rosidl_typesupport_cExport-noconfig.cmake
[8.167s] -- Installing: /home/illuminance_measurement_robot/ROS2_WS/install/power_measurement/share/power_measurement/cmake/power_measurement__rosidl_generator_cppExport.cmake
[8.168s] -- Installing: /home/illuminance_measurement_robot/ROS2_WS/install/power_measurement/share/power_measurement/cmake/power_measurement__rosidl_typesupport_introspection_cppExport.cmake
[8.168s] -- Installing: /home/illuminance_measurement_robot/ROS2_WS/install/power_measurement/share/power_measurement/cmake/power_measurement__rosidl_typesupport_introspection_cppExport-noconfig.cmake
[8.168s] -- Installing: /home/illuminance_measurement_robot/ROS2_WS/install/power_measurement/share/power_measurement/cmake/power_measurement__rosidl_typesupport_cppExport.cmake
[8.169s] -- Installing: /home/illuminance_measurement_robot/ROS2_WS/install/power_measurement/share/power_measurement/cmake/power_measurement__rosidl_typesupport_cppExport-noconfig.cmake
[8.169s] -- Installing: /home/illuminance_measurement_robot/ROS2_WS/install/power_measurement/share/power_measurement/cmake/rosidl_cmake-extras.cmake
[8.169s] -- Installing: /home/illuminance_measurement_robot/ROS2_WS/install/power_measurement/share/power_measurement/cmake/ament_cmake_export_dependencies-extras.cmake
[8.169s] -- Installing: /home/illuminance_measurement_robot/ROS2_WS/install/power_measurement/share/power_measurement/cmake/ament_cmake_export_libraries-extras.cmake
[8.170s] -- Installing: /home/illuminance_measurement_robot/ROS2_WS/install/power_measurement/share/power_measurement/cmake/ament_cmake_export_targets-extras.cmake
[8.170s] -- Installing: /home/illuminance_measurement_robot/ROS2_WS/install/power_measurement/share/power_measurement/cmake/ament_cmake_export_include_directories-extras.cmake
[8.170s] -- Installing: /home/illuminance_measurement_robot/ROS2_WS/install/power_measurement/share/power_measurement/cmake/rosidl_cmake_export_typesupport_libraries-extras.cmake
[8.170s] -- Installing: /home/illuminance_measurement_robot/ROS2_WS/install/power_measurement/share/power_measurement/cmake/rosidl_cmake_export_typesupport_targets-extras.cmake
[8.171s] -- Installing: /home/illuminance_measurement_robot/ROS2_WS/install/power_measurement/share/power_measurement/cmake/power_measurementConfig.cmake
[8.171s] -- Installing: /home/illuminance_measurement_robot/ROS2_WS/install/power_measurement/share/power_measurement/cmake/power_measurementConfig-version.cmake
[8.171s] -- Installing: /home/illuminance_measurement_robot/ROS2_WS/install/power_measurement/share/power_measurement/package.xml
[8.171s] -- Installing: /home/illuminance_measurement_robot/ROS2_WS/install/power_measurement/lib/power_measurement/power_measurement_node.py
[8.172s] -- Up-to-date: /home/illuminance_measurement_robot/ROS2_WS/install/power_measurement/lib/python3.8/site-packages/power_measurement
[8.172s] -- Installing: /home/illuminance_measurement_robot/ROS2_WS/install/power_measurement/lib/python3.8/site-packages/power_measurement/ina228_driver.py
[8.172s] -- Installing: /home/illuminance_measurement_robot/ROS2_WS/install/power_measurement/lib/python3.8/site-packages/power_measurement/__init__.py
[8.172s] -- Installing: /home/illuminance_measurement_robot/ROS2_WS/install/power_measurement/lib/python3.8/site-packages/power_measurement/power_measurement_node.py
[8.177s] Invoked command in '/home/illuminance_measurement_robot/ROS2_WS/build/power_measurement' returned '0': CMAKE_PREFIX_PATH=/opt/ros/foxy /usr/bin/cmake --install /home/illuminance_measurement_robot/ROS2_WS/build/power_measurement
