running egg_info
creating ../../build/brightness_measurement/brightness_measurement.egg-info
writing ../../build/brightness_measurement/brightness_measurement.egg-info/PKG-INFO
writing dependency_links to ../../build/brightness_measurement/brightness_measurement.egg-info/dependency_links.txt
writing entry points to ../../build/brightness_measurement/brightness_measurement.egg-info/entry_points.txt
writing requirements to ../../build/brightness_measurement/brightness_measurement.egg-info/requires.txt
writing top-level names to ../../build/brightness_measurement/brightness_measurement.egg-info/top_level.txt
writing manifest file '../../build/brightness_measurement/brightness_measurement.egg-info/SOURCES.txt'
reading manifest file '../../build/brightness_measurement/brightness_measurement.egg-info/SOURCES.txt'
writing manifest file '../../build/brightness_measurement/brightness_measurement.egg-info/SOURCES.txt'
running build
running build_py
creating /home/illuminance_measurement_robot/ROS2_WS/build/brightness_measurement/build
creating /home/illuminance_measurement_robot/ROS2_WS/build/brightness_measurement/build/lib
creating /home/illuminance_measurement_robot/ROS2_WS/build/brightness_measurement/build/lib/brightness_measurement
copying brightness_measurement/__init__.py -> /home/illuminance_measurement_robot/ROS2_WS/build/brightness_measurement/build/lib/brightness_measurement
copying brightness_measurement/brightness_measurement_node.py -> /home/illuminance_measurement_robot/ROS2_WS/build/brightness_measurement/build/lib/brightness_measurement
copying brightness_measurement/VEML7700_driver.py -> /home/illuminance_measurement_robot/ROS2_WS/build/brightness_measurement/build/lib/brightness_measurement
running install
running install_lib
creating /home/illuminance_measurement_robot/ROS2_WS/install/brightness_measurement/lib/python3.8/site-packages/brightness_measurement
copying /home/illuminance_measurement_robot/ROS2_WS/build/brightness_measurement/build/lib/brightness_measurement/__init__.py -> /home/illuminance_measurement_robot/ROS2_WS/install/brightness_measurement/lib/python3.8/site-packages/brightness_measurement
copying /home/illuminance_measurement_robot/ROS2_WS/build/brightness_measurement/build/lib/brightness_measurement/brightness_measurement_node.py -> /home/illuminance_measurement_robot/ROS2_WS/install/brightness_measurement/lib/python3.8/site-packages/brightness_measurement
copying /home/illuminance_measurement_robot/ROS2_WS/build/brightness_measurement/build/lib/brightness_measurement/VEML7700_driver.py -> /home/illuminance_measurement_robot/ROS2_WS/install/brightness_measurement/lib/python3.8/site-packages/brightness_measurement
byte-compiling /home/illuminance_measurement_robot/ROS2_WS/install/brightness_measurement/lib/python3.8/site-packages/brightness_measurement/__init__.py to __init__.cpython-38.pyc
byte-compiling /home/illuminance_measurement_robot/ROS2_WS/install/brightness_measurement/lib/python3.8/site-packages/brightness_measurement/brightness_measurement_node.py to brightness_measurement_node.cpython-38.pyc
byte-compiling /home/illuminance_measurement_robot/ROS2_WS/install/brightness_measurement/lib/python3.8/site-packages/brightness_measurement/VEML7700_driver.py to VEML7700_driver.cpython-38.pyc
running install_data
creating /home/illuminance_measurement_robot/ROS2_WS/install/brightness_measurement/share/ament_index
creating /home/illuminance_measurement_robot/ROS2_WS/install/brightness_measurement/share/ament_index/resource_index
creating /home/illuminance_measurement_robot/ROS2_WS/install/brightness_measurement/share/ament_index/resource_index/packages
copying resource/brightness_measurement -> /home/illuminance_measurement_robot/ROS2_WS/install/brightness_measurement/share/ament_index/resource_index/packages
copying package.xml -> /home/illuminance_measurement_robot/ROS2_WS/install/brightness_measurement/share/brightness_measurement
running install_egg_info
Copying ../../build/brightness_measurement/brightness_measurement.egg-info to /home/illuminance_measurement_robot/ROS2_WS/install/brightness_measurement/lib/python3.8/site-packages/brightness_measurement-0.0.0-py3.8.egg-info
running install_scripts
Installing brightness_measurement_node script to /home/illuminance_measurement_robot/ROS2_WS/install/brightness_measurement/lib/brightness_measurement
writing list of installed files to '/home/illuminance_measurement_robot/ROS2_WS/build/brightness_measurement/install.log'
