[1.475s] Invoking command in '/home/illuminance_measurement_robot/ROS2_WS/src/brightness_measurement': PYTHONPATH=/home/illuminance_measurement_robot/ROS2_WS/build/brightness_measurement/prefix_override:/usr/lib/python3/dist-packages/colcon_core/task/python/colcon_distutils_commands:/home/illuminance_measurement_robot/ROS2_WS/install/brightness_measurement/lib/python3.8/site-packages:${PYTHONPATH} /usr/bin/python3 -W ignore:setup.py install is deprecated -W ignore:easy_install command is deprecated setup.py egg_info --egg-base ../../build/brightness_measurement build --build-base /home/illuminance_measurement_robot/ROS2_WS/build/brightness_measurement/build install --record /home/illuminance_measurement_robot/ROS2_WS/build/brightness_measurement/install.log --install-scripts $base/lib/brightness_measurement --single-version-externally-managed install_data
[1.812s] running egg_info
[1.813s] creating ../../build/brightness_measurement/brightness_measurement.egg-info
[1.813s] writing ../../build/brightness_measurement/brightness_measurement.egg-info/PKG-INFO
[1.813s] writing dependency_links to ../../build/brightness_measurement/brightness_measurement.egg-info/dependency_links.txt
[1.814s] writing entry points to ../../build/brightness_measurement/brightness_measurement.egg-info/entry_points.txt
[1.815s] writing requirements to ../../build/brightness_measurement/brightness_measurement.egg-info/requires.txt
[1.815s] writing top-level names to ../../build/brightness_measurement/brightness_measurement.egg-info/top_level.txt
[1.817s] writing manifest file '../../build/brightness_measurement/brightness_measurement.egg-info/SOURCES.txt'
[1.863s] reading manifest file '../../build/brightness_measurement/brightness_measurement.egg-info/SOURCES.txt'
[1.864s] writing manifest file '../../build/brightness_measurement/brightness_measurement.egg-info/SOURCES.txt'
[1.864s] running build
[1.865s] running build_py
[1.866s] creating /home/illuminance_measurement_robot/ROS2_WS/build/brightness_measurement/build
[1.866s] creating /home/illuminance_measurement_robot/ROS2_WS/build/brightness_measurement/build/lib
[1.866s] creating /home/illuminance_measurement_robot/ROS2_WS/build/brightness_measurement/build/lib/brightness_measurement
[1.866s] copying brightness_measurement/__init__.py -> /home/illuminance_measurement_robot/ROS2_WS/build/brightness_measurement/build/lib/brightness_measurement
[1.867s] copying brightness_measurement/brightness_measurement_node.py -> /home/illuminance_measurement_robot/ROS2_WS/build/brightness_measurement/build/lib/brightness_measurement
[1.867s] copying brightness_measurement/VEML7700_driver.py -> /home/illuminance_measurement_robot/ROS2_WS/build/brightness_measurement/build/lib/brightness_measurement
[1.867s] running install
[1.869s] running install_lib
[1.871s] creating /home/illuminance_measurement_robot/ROS2_WS/install/brightness_measurement/lib/python3.8/site-packages/brightness_measurement
[1.871s] copying /home/illuminance_measurement_robot/ROS2_WS/build/brightness_measurement/build/lib/brightness_measurement/__init__.py -> /home/illuminance_measurement_robot/ROS2_WS/install/brightness_measurement/lib/python3.8/site-packages/brightness_measurement
[1.871s] copying /home/illuminance_measurement_robot/ROS2_WS/build/brightness_measurement/build/lib/brightness_measurement/brightness_measurement_node.py -> /home/illuminance_measurement_robot/ROS2_WS/install/brightness_measurement/lib/python3.8/site-packages/brightness_measurement
[1.871s] copying /home/illuminance_measurement_robot/ROS2_WS/build/brightness_measurement/build/lib/brightness_measurement/VEML7700_driver.py -> /home/illuminance_measurement_robot/ROS2_WS/install/brightness_measurement/lib/python3.8/site-packages/brightness_measurement
[1.872s] byte-compiling /home/illuminance_measurement_robot/ROS2_WS/install/brightness_measurement/lib/python3.8/site-packages/brightness_measurement/__init__.py to __init__.cpython-38.pyc
[1.875s] byte-compiling /home/illuminance_measurement_robot/ROS2_WS/install/brightness_measurement/lib/python3.8/site-packages/brightness_measurement/brightness_measurement_node.py to brightness_measurement_node.cpython-38.pyc
[1.875s] byte-compiling /home/illuminance_measurement_robot/ROS2_WS/install/brightness_measurement/lib/python3.8/site-packages/brightness_measurement/VEML7700_driver.py to VEML7700_driver.cpython-38.pyc
[1.876s] running install_data
[1.877s] creating /home/illuminance_measurement_robot/ROS2_WS/install/brightness_measurement/share/ament_index
[1.877s] creating /home/illuminance_measurement_robot/ROS2_WS/install/brightness_measurement/share/ament_index/resource_index
[1.877s] creating /home/illuminance_measurement_robot/ROS2_WS/install/brightness_measurement/share/ament_index/resource_index/packages
[1.877s] copying resource/brightness_measurement -> /home/illuminance_measurement_robot/ROS2_WS/install/brightness_measurement/share/ament_index/resource_index/packages
[1.877s] copying package.xml -> /home/illuminance_measurement_robot/ROS2_WS/install/brightness_measurement/share/brightness_measurement
[1.878s] running install_egg_info
[1.881s] Copying ../../build/brightness_measurement/brightness_measurement.egg-info to /home/illuminance_measurement_robot/ROS2_WS/install/brightness_measurement/lib/python3.8/site-packages/brightness_measurement-0.0.0-py3.8.egg-info
[1.883s] running install_scripts
[1.917s] Installing brightness_measurement_node script to /home/illuminance_measurement_robot/ROS2_WS/install/brightness_measurement/lib/brightness_measurement
[1.917s] writing list of installed files to '/home/illuminance_measurement_robot/ROS2_WS/build/brightness_measurement/install.log'
[1.999s] Invoked command in '/home/illuminance_measurement_robot/ROS2_WS/src/brightness_measurement' returned '0': PYTHONPATH=/home/illuminance_measurement_robot/ROS2_WS/build/brightness_measurement/prefix_override:/usr/lib/python3/dist-packages/colcon_core/task/python/colcon_distutils_commands:/home/illuminance_measurement_robot/ROS2_WS/install/brightness_measurement/lib/python3.8/site-packages:${PYTHONPATH} /usr/bin/python3 -W ignore:setup.py install is deprecated -W ignore:easy_install command is deprecated setup.py egg_info --egg-base ../../build/brightness_measurement build --build-base /home/illuminance_measurement_robot/ROS2_WS/build/brightness_measurement/build install --record /home/illuminance_measurement_robot/ROS2_WS/build/brightness_measurement/install.log --install-scripts $base/lib/brightness_measurement --single-version-externally-managed install_data
