[2.183s] Invoking command in '/home/illuminance_measurement_robot/ROS2_WS/src/motor_control': PYTHONPATH=/home/illuminance_measurement_robot/ROS2_WS/build/motor_control/prefix_override:/usr/lib/python3/dist-packages/colcon_core/task/python/colcon_distutils_commands:/home/illuminance_measurement_robot/ROS2_WS/install/motor_control/lib/python3.8/site-packages:${PYTHONPATH} /usr/bin/python3 -W ignore:setup.py install is deprecated -W ignore:easy_install command is deprecated setup.py egg_info --egg-base ../../build/motor_control build --build-base /home/illuminance_measurement_robot/ROS2_WS/build/motor_control/build install --record /home/illuminance_measurement_robot/ROS2_WS/build/motor_control/install.log --install-scripts $base/lib/motor_control --single-version-externally-managed install_data
[2.542s] running egg_info
[2.545s] writing ../../build/motor_control/motor_control.egg-info/PKG-INFO
[2.545s] writing dependency_links to ../../build/motor_control/motor_control.egg-info/dependency_links.txt
[2.546s] writing entry points to ../../build/motor_control/motor_control.egg-info/entry_points.txt
[2.549s] writing requirements to ../../build/motor_control/motor_control.egg-info/requires.txt
[2.549s] writing top-level names to ../../build/motor_control/motor_control.egg-info/top_level.txt
[2.598s] reading manifest file '../../build/motor_control/motor_control.egg-info/SOURCES.txt'
[2.600s] writing manifest file '../../build/motor_control/motor_control.egg-info/SOURCES.txt'
[2.601s] running build
[2.601s] running build_py
[2.602s] running install
[2.603s] running install_lib
[2.606s] running install_data
[2.607s] running install_egg_info
[2.612s] removing '/home/illuminance_measurement_robot/ROS2_WS/install/motor_control/lib/python3.8/site-packages/motor_control-0.0.0-py3.8.egg-info' (and everything under it)
[2.612s] Copying ../../build/motor_control/motor_control.egg-info to /home/illuminance_measurement_robot/ROS2_WS/install/motor_control/lib/python3.8/site-packages/motor_control-0.0.0-py3.8.egg-info
[2.615s] running install_scripts
[2.654s] Installing remote_control script to /home/illuminance_measurement_robot/ROS2_WS/install/motor_control/lib/motor_control
[2.654s] Installing twist_listener script to /home/illuminance_measurement_robot/ROS2_WS/install/motor_control/lib/motor_control
[2.655s] writing list of installed files to '/home/illuminance_measurement_robot/ROS2_WS/build/motor_control/install.log'
[2.733s] Invoked command in '/home/illuminance_measurement_robot/ROS2_WS/src/motor_control' returned '0': PYTHONPATH=/home/illuminance_measurement_robot/ROS2_WS/build/motor_control/prefix_override:/usr/lib/python3/dist-packages/colcon_core/task/python/colcon_distutils_commands:/home/illuminance_measurement_robot/ROS2_WS/install/motor_control/lib/python3.8/site-packages:${PYTHONPATH} /usr/bin/python3 -W ignore:setup.py install is deprecated -W ignore:easy_install command is deprecated setup.py egg_info --egg-base ../../build/motor_control build --build-base /home/illuminance_measurement_robot/ROS2_WS/build/motor_control/build install --record /home/illuminance_measurement_robot/ROS2_WS/build/motor_control/install.log --install-scripts $base/lib/motor_control --single-version-externally-managed install_data
