[0.242s] DEBUG:colcon:Command line arguments: ['/usr/bin/colcon', 'build']
[0.242s] DEBUG:colcon:Parsed command line arguments: Namespace(allow_overriding=[], ament_cmake_args=None, base_paths=['.'], build_base='build', catkin_cmake_args=None, catkin_skip_building_tests=False, cmake_args=None, cmake_clean_cache=False, cmake_clean_first=False, cmake_force_configure=False, cmake_target=None, cmake_target_skip_unavailable=False, continue_on_error=False, event_handlers=None, executor='parallel', ignore_user_meta=False, install_base='install', log_base=None, log_level=None, main=<bound method BuildVerb.main of <colcon_core.verb.build.BuildVerb object at 0xffff9bfbcc10>>, merge_install=False, metas=['./colcon.meta'], packages_above=None, packages_above_and_dependencies=None, packages_above_depth=None, packages_end=None, packages_ignore=None, packages_ignore_regex=None, packages_select=None, packages_select_build_failed=False, packages_select_by_dep=None, packages_select_regex=None, packages_select_test_failures=False, packages_skip=None, packages_skip_build_finished=False, packages_skip_by_dep=None, packages_skip_regex=None, packages_skip_test_passed=False, packages_skip_up_to=None, packages_start=None, packages_up_to=None, packages_up_to_regex=None, parallel_workers=4, paths=None, symlink_install=False, test_result_base=None, verb_extension=<colcon_core.verb.build.BuildVerb object at 0xffff9bfbcc10>, verb_name='build', verb_parser=<colcon_defaults.argument_parser.defaults.DefaultArgumentsDecorator object at 0xffff9beaa4f0>)
[0.425s] Level 1:colcon.colcon_core.package_discovery:discover_packages(colcon_meta) check parameters
[0.425s] Level 1:colcon.colcon_core.package_discovery:discover_packages(recursive) check parameters
[0.425s] Level 1:colcon.colcon_core.package_discovery:discover_packages(ignore) check parameters
[0.425s] Level 1:colcon.colcon_core.package_discovery:discover_packages(path) check parameters
[0.425s] Level 1:colcon.colcon_core.package_discovery:discover_packages(colcon_meta) discover
[0.425s] Level 1:colcon.colcon_core.package_discovery:discover_packages(recursive) discover
[0.425s] INFO:colcon.colcon_core.package_discovery:Crawling recursively for packages in '/home/illuminance_measurement_robot/ROS2_WS'
[0.426s] Level 1:colcon.colcon_core.package_identification:_identify(.) by extensions ['ignore', 'ignore_ament_install']
[0.426s] Level 1:colcon.colcon_core.package_identification:_identify(.) by extension 'ignore'
[0.426s] Level 1:colcon.colcon_core.package_identification:_identify(.) by extension 'ignore_ament_install'
[0.426s] Level 1:colcon.colcon_core.package_identification:_identify(.) by extensions ['colcon_pkg']
[0.426s] Level 1:colcon.colcon_core.package_identification:_identify(.) by extension 'colcon_pkg'
[0.426s] Level 1:colcon.colcon_core.package_identification:_identify(.) by extensions ['colcon_meta']
[0.426s] Level 1:colcon.colcon_core.package_identification:_identify(.) by extension 'colcon_meta'
[0.426s] Level 1:colcon.colcon_core.package_identification:_identify(.) by extensions ['ros']
[0.426s] Level 1:colcon.colcon_core.package_identification:_identify(.) by extension 'ros'
[0.443s] Level 1:colcon.colcon_core.package_identification:_identify(.) by extensions ['cmake', 'python']
[0.443s] Level 1:colcon.colcon_core.package_identification:_identify(.) by extension 'cmake'
[0.443s] Level 1:colcon.colcon_core.package_identification:_identify(.) by extension 'python'
[0.443s] Level 1:colcon.colcon_core.package_identification:_identify(.) by extensions ['python_setup_py']
[0.443s] Level 1:colcon.colcon_core.package_identification:_identify(.) by extension 'python_setup_py'
[0.443s] Level 1:colcon.colcon_core.package_identification:_identify(build) by extensions ['ignore', 'ignore_ament_install']
[0.443s] Level 1:colcon.colcon_core.package_identification:_identify(build) by extension 'ignore'
[0.444s] Level 1:colcon.colcon_core.package_identification:_identify(build) ignored
[0.444s] Level 1:colcon.colcon_core.package_identification:_identify(install) by extensions ['ignore', 'ignore_ament_install']
[0.444s] Level 1:colcon.colcon_core.package_identification:_identify(install) by extension 'ignore'
[0.444s] Level 1:colcon.colcon_core.package_identification:_identify(install) ignored
[0.444s] Level 1:colcon.colcon_core.package_identification:_identify(log) by extensions ['ignore', 'ignore_ament_install']
[0.444s] Level 1:colcon.colcon_core.package_identification:_identify(log) by extension 'ignore'
[0.444s] Level 1:colcon.colcon_core.package_identification:_identify(log) ignored
[0.444s] Level 1:colcon.colcon_core.package_identification:_identify(src) by extensions ['ignore', 'ignore_ament_install']
[0.444s] Level 1:colcon.colcon_core.package_identification:_identify(src) by extension 'ignore'
[0.444s] Level 1:colcon.colcon_core.package_identification:_identify(src) by extension 'ignore_ament_install'
[0.445s] Level 1:colcon.colcon_core.package_identification:_identify(src) by extensions ['colcon_pkg']
[0.445s] Level 1:colcon.colcon_core.package_identification:_identify(src) by extension 'colcon_pkg'
[0.445s] Level 1:colcon.colcon_core.package_identification:_identify(src) by extensions ['colcon_meta']
[0.445s] Level 1:colcon.colcon_core.package_identification:_identify(src) by extension 'colcon_meta'
[0.445s] Level 1:colcon.colcon_core.package_identification:_identify(src) by extensions ['ros']
[0.445s] Level 1:colcon.colcon_core.package_identification:_identify(src) by extension 'ros'
[0.445s] Level 1:colcon.colcon_core.package_identification:_identify(src) by extensions ['cmake', 'python']
[0.445s] Level 1:colcon.colcon_core.package_identification:_identify(src) by extension 'cmake'
[0.445s] Level 1:colcon.colcon_core.package_identification:_identify(src) by extension 'python'
[0.445s] Level 1:colcon.colcon_core.package_identification:_identify(src) by extensions ['python_setup_py']
[0.445s] Level 1:colcon.colcon_core.package_identification:_identify(src) by extension 'python_setup_py'
[0.445s] Level 1:colcon.colcon_core.package_identification:_identify(src/brightness_measurement) by extensions ['ignore', 'ignore_ament_install']
[0.445s] Level 1:colcon.colcon_core.package_identification:_identify(src/brightness_measurement) by extension 'ignore'
[0.445s] Level 1:colcon.colcon_core.package_identification:_identify(src/brightness_measurement) by extension 'ignore_ament_install'
[0.445s] Level 1:colcon.colcon_core.package_identification:_identify(src/brightness_measurement) by extensions ['colcon_pkg']
[0.445s] Level 1:colcon.colcon_core.package_identification:_identify(src/brightness_measurement) by extension 'colcon_pkg'
[0.445s] Level 1:colcon.colcon_core.package_identification:_identify(src/brightness_measurement) by extensions ['colcon_meta']
[0.445s] Level 1:colcon.colcon_core.package_identification:_identify(src/brightness_measurement) by extension 'colcon_meta'
[0.445s] Level 1:colcon.colcon_core.package_identification:_identify(src/brightness_measurement) by extensions ['ros']
[0.445s] Level 1:colcon.colcon_core.package_identification:_identify(src/brightness_measurement) by extension 'ros'
[0.449s] DEBUG:colcon.colcon_core.package_identification:Package 'src/brightness_measurement' with type 'ros.ament_python' and name 'brightness_measurement'
[0.449s] Level 1:colcon.colcon_core.package_identification:_identify(src/motor_control) by extensions ['ignore', 'ignore_ament_install']
[0.449s] Level 1:colcon.colcon_core.package_identification:_identify(src/motor_control) by extension 'ignore'
[0.449s] Level 1:colcon.colcon_core.package_identification:_identify(src/motor_control) by extension 'ignore_ament_install'
[0.449s] Level 1:colcon.colcon_core.package_identification:_identify(src/motor_control) by extensions ['colcon_pkg']
[0.449s] Level 1:colcon.colcon_core.package_identification:_identify(src/motor_control) by extension 'colcon_pkg'
[0.449s] Level 1:colcon.colcon_core.package_identification:_identify(src/motor_control) by extensions ['colcon_meta']
[0.449s] Level 1:colcon.colcon_core.package_identification:_identify(src/motor_control) by extension 'colcon_meta'
[0.449s] Level 1:colcon.colcon_core.package_identification:_identify(src/motor_control) by extensions ['ros']
[0.449s] Level 1:colcon.colcon_core.package_identification:_identify(src/motor_control) by extension 'ros'
[0.450s] DEBUG:colcon.colcon_core.package_identification:Package 'src/motor_control' with type 'ros.ament_python' and name 'motor_control'
[0.450s] Level 1:colcon.colcon_core.package_identification:_identify(src/power_measurement) by extensions ['ignore', 'ignore_ament_install']
[0.450s] Level 1:colcon.colcon_core.package_identification:_identify(src/power_measurement) by extension 'ignore'
[0.450s] Level 1:colcon.colcon_core.package_identification:_identify(src/power_measurement) by extension 'ignore_ament_install'
[0.450s] Level 1:colcon.colcon_core.package_identification:_identify(src/power_measurement) by extensions ['colcon_pkg']
[0.451s] Level 1:colcon.colcon_core.package_identification:_identify(src/power_measurement) by extension 'colcon_pkg'
[0.451s] Level 1:colcon.colcon_core.package_identification:_identify(src/power_measurement) by extensions ['colcon_meta']
[0.451s] Level 1:colcon.colcon_core.package_identification:_identify(src/power_measurement) by extension 'colcon_meta'
[0.451s] Level 1:colcon.colcon_core.package_identification:_identify(src/power_measurement) by extensions ['ros']
[0.451s] Level 1:colcon.colcon_core.package_identification:_identify(src/power_measurement) by extension 'ros'
[0.451s] DEBUG:colcon.colcon_core.package_identification:Package 'src/power_measurement' with type 'ros.ament_cmake' and name 'power_measurement'
[0.451s] Level 1:colcon.colcon_core.package_discovery:discover_packages(recursive) using defaults
[0.451s] Level 1:colcon.colcon_core.package_discovery:discover_packages(ignore) discover
[0.451s] Level 1:colcon.colcon_core.package_discovery:discover_packages(ignore) using defaults
[0.451s] Level 1:colcon.colcon_core.package_discovery:discover_packages(path) discover
[0.451s] Level 1:colcon.colcon_core.package_discovery:discover_packages(path) using defaults
[0.472s] Level 1:colcon.colcon_core.package_discovery:discover_packages(prefix_path) check parameters
[0.472s] Level 1:colcon.colcon_core.package_discovery:discover_packages(prefix_path) discover
[0.473s] WARNING:colcon.colcon_ros.prefix_path.ament:The path '/home/illuminance_measurement_robot/ROS2_WS/install/brightness_measurement' in the environment variable AMENT_PREFIX_PATH doesn't exist
[0.473s] WARNING:colcon.colcon_ros.prefix_path.ament:The path '/home/illuminance_measurement_robot/ROS2_WS/install/power_measurement' in the environment variable AMENT_PREFIX_PATH doesn't exist
[0.473s] WARNING:colcon.colcon_ros.prefix_path.ament:The path '/home/illuminance_measurement_robot/ROS2_WS/install/motor_control' in the environment variable AMENT_PREFIX_PATH doesn't exist
[0.473s] WARNING:colcon.colcon_ros.prefix_path.catkin:The path '/home/illuminance_measurement_robot/ROS2_WS/install/power_measurement' in the environment variable CMAKE_PREFIX_PATH doesn't exist
[0.474s] DEBUG:colcon.colcon_installed_package_information.package_discovery:Found 0 installed packages in /home/illuminance_measurement_robot/ROS2_WS/install
[0.476s] DEBUG:colcon.colcon_installed_package_information.package_discovery:Found 258 installed packages in /opt/ros/foxy
[0.478s] Level 1:colcon.colcon_core.package_discovery:discover_packages(prefix_path) using defaults
[0.575s] Level 5:colcon.colcon_core.verb:set package 'brightness_measurement' build argument 'cmake_args' from command line to 'None'
[0.576s] Level 5:colcon.colcon_core.verb:set package 'brightness_measurement' build argument 'cmake_target' from command line to 'None'
[0.576s] Level 5:colcon.colcon_core.verb:set package 'brightness_measurement' build argument 'cmake_target_skip_unavailable' from command line to 'False'
[0.576s] Level 5:colcon.colcon_core.verb:set package 'brightness_measurement' build argument 'cmake_clean_cache' from command line to 'False'
[0.576s] Level 5:colcon.colcon_core.verb:set package 'brightness_measurement' build argument 'cmake_clean_first' from command line to 'False'
[0.576s] Level 5:colcon.colcon_core.verb:set package 'brightness_measurement' build argument 'cmake_force_configure' from command line to 'False'
[0.576s] Level 5:colcon.colcon_core.verb:set package 'brightness_measurement' build argument 'ament_cmake_args' from command line to 'None'
[0.576s] Level 5:colcon.colcon_core.verb:set package 'brightness_measurement' build argument 'catkin_cmake_args' from command line to 'None'
[0.576s] Level 5:colcon.colcon_core.verb:set package 'brightness_measurement' build argument 'catkin_skip_building_tests' from command line to 'False'
[0.576s] DEBUG:colcon.colcon_core.verb:Building package 'brightness_measurement' with the following arguments: {'ament_cmake_args': None, 'build_base': '/home/illuminance_measurement_robot/ROS2_WS/build/brightness_measurement', 'catkin_cmake_args': None, 'catkin_skip_building_tests': False, 'cmake_args': None, 'cmake_clean_cache': False, 'cmake_clean_first': False, 'cmake_force_configure': False, 'cmake_target': None, 'cmake_target_skip_unavailable': False, 'install_base': '/home/illuminance_measurement_robot/ROS2_WS/install/brightness_measurement', 'merge_install': False, 'path': '/home/illuminance_measurement_robot/ROS2_WS/src/brightness_measurement', 'symlink_install': False, 'test_result_base': None}
[0.576s] Level 5:colcon.colcon_core.verb:set package 'motor_control' build argument 'cmake_args' from command line to 'None'
[0.576s] Level 5:colcon.colcon_core.verb:set package 'motor_control' build argument 'cmake_target' from command line to 'None'
[0.576s] Level 5:colcon.colcon_core.verb:set package 'motor_control' build argument 'cmake_target_skip_unavailable' from command line to 'False'
[0.576s] Level 5:colcon.colcon_core.verb:set package 'motor_control' build argument 'cmake_clean_cache' from command line to 'False'
[0.576s] Level 5:colcon.colcon_core.verb:set package 'motor_control' build argument 'cmake_clean_first' from command line to 'False'
[0.576s] Level 5:colcon.colcon_core.verb:set package 'motor_control' build argument 'cmake_force_configure' from command line to 'False'
[0.576s] Level 5:colcon.colcon_core.verb:set package 'motor_control' build argument 'ament_cmake_args' from command line to 'None'
[0.576s] Level 5:colcon.colcon_core.verb:set package 'motor_control' build argument 'catkin_cmake_args' from command line to 'None'
[0.576s] Level 5:colcon.colcon_core.verb:set package 'motor_control' build argument 'catkin_skip_building_tests' from command line to 'False'
[0.576s] DEBUG:colcon.colcon_core.verb:Building package 'motor_control' with the following arguments: {'ament_cmake_args': None, 'build_base': '/home/illuminance_measurement_robot/ROS2_WS/build/motor_control', 'catkin_cmake_args': None, 'catkin_skip_building_tests': False, 'cmake_args': None, 'cmake_clean_cache': False, 'cmake_clean_first': False, 'cmake_force_configure': False, 'cmake_target': None, 'cmake_target_skip_unavailable': False, 'install_base': '/home/illuminance_measurement_robot/ROS2_WS/install/motor_control', 'merge_install': False, 'path': '/home/illuminance_measurement_robot/ROS2_WS/src/motor_control', 'symlink_install': False, 'test_result_base': None}
[0.577s] Level 5:colcon.colcon_core.verb:set package 'power_measurement' build argument 'cmake_args' from command line to 'None'
[0.577s] Level 5:colcon.colcon_core.verb:set package 'power_measurement' build argument 'cmake_target' from command line to 'None'
[0.577s] Level 5:colcon.colcon_core.verb:set package 'power_measurement' build argument 'cmake_target_skip_unavailable' from command line to 'False'
[0.577s] Level 5:colcon.colcon_core.verb:set package 'power_measurement' build argument 'cmake_clean_cache' from command line to 'False'
[0.577s] Level 5:colcon.colcon_core.verb:set package 'power_measurement' build argument 'cmake_clean_first' from command line to 'False'
[0.577s] Level 5:colcon.colcon_core.verb:set package 'power_measurement' build argument 'cmake_force_configure' from command line to 'False'
[0.577s] Level 5:colcon.colcon_core.verb:set package 'power_measurement' build argument 'ament_cmake_args' from command line to 'None'
[0.577s] Level 5:colcon.colcon_core.verb:set package 'power_measurement' build argument 'catkin_cmake_args' from command line to 'None'
[0.577s] Level 5:colcon.colcon_core.verb:set package 'power_measurement' build argument 'catkin_skip_building_tests' from command line to 'False'
[0.577s] DEBUG:colcon.colcon_core.verb:Building package 'power_measurement' with the following arguments: {'ament_cmake_args': None, 'build_base': '/home/illuminance_measurement_robot/ROS2_WS/build/power_measurement', 'catkin_cmake_args': None, 'catkin_skip_building_tests': False, 'cmake_args': None, 'cmake_clean_cache': False, 'cmake_clean_first': False, 'cmake_force_configure': False, 'cmake_target': None, 'cmake_target_skip_unavailable': False, 'install_base': '/home/illuminance_measurement_robot/ROS2_WS/install/power_measurement', 'merge_install': False, 'path': '/home/illuminance_measurement_robot/ROS2_WS/src/power_measurement', 'symlink_install': False, 'test_result_base': None}
[0.577s] INFO:colcon.colcon_core.executor:Executing jobs using 'parallel' executor
[0.579s] DEBUG:colcon.colcon_parallel_executor.executor.parallel:run_until_complete
[0.579s] INFO:colcon.colcon_ros.task.ament_python.build:Building ROS package in '/home/illuminance_measurement_robot/ROS2_WS/src/brightness_measurement' with build type 'ament_python'
[0.579s] Level 1:colcon.colcon_core.shell:create_environment_hook('brightness_measurement', 'ament_prefix_path')
[0.582s] INFO:colcon.colcon_core.plugin_system:Skipping extension 'colcon_core.shell.bat': Not used on non-Windows systems
[0.582s] INFO:colcon.colcon_core.shell:Creating environment hook '/home/illuminance_measurement_robot/ROS2_WS/install/brightness_measurement/share/brightness_measurement/hook/ament_prefix_path.ps1'
[0.583s] INFO:colcon.colcon_core.shell:Creating environment descriptor '/home/illuminance_measurement_robot/ROS2_WS/install/brightness_measurement/share/brightness_measurement/hook/ament_prefix_path.dsv'
[0.584s] INFO:colcon.colcon_core.shell:Creating environment hook '/home/illuminance_measurement_robot/ROS2_WS/install/brightness_measurement/share/brightness_measurement/hook/ament_prefix_path.sh'
[0.585s] INFO:colcon.colcon_core.shell:Skip shell extension 'powershell' for command environment: Not usable outside of PowerShell
[0.585s] DEBUG:colcon.colcon_core.shell:Skip shell extension 'dsv' for command environment
[0.593s] INFO:colcon.colcon_ros.task.ament_python.build:Building ROS package in '/home/illuminance_measurement_robot/ROS2_WS/src/motor_control' with build type 'ament_python'
[0.594s] Level 1:colcon.colcon_core.shell:create_environment_hook('motor_control', 'ament_prefix_path')
[0.595s] INFO:colcon.colcon_core.shell:Creating environment hook '/home/illuminance_measurement_robot/ROS2_WS/install/motor_control/share/motor_control/hook/ament_prefix_path.ps1'
[0.596s] INFO:colcon.colcon_core.shell:Creating environment descriptor '/home/illuminance_measurement_robot/ROS2_WS/install/motor_control/share/motor_control/hook/ament_prefix_path.dsv'
[0.597s] INFO:colcon.colcon_core.shell:Creating environment hook '/home/illuminance_measurement_robot/ROS2_WS/install/motor_control/share/motor_control/hook/ament_prefix_path.sh'
[0.598s] INFO:colcon.colcon_core.shell:Skip shell extension 'powershell' for command environment: Not usable outside of PowerShell
[0.598s] DEBUG:colcon.colcon_core.shell:Skip shell extension 'dsv' for command environment
[0.606s] INFO:colcon.colcon_ros.task.ament_cmake.build:Building ROS package in '/home/illuminance_measurement_robot/ROS2_WS/src/power_measurement' with build type 'ament_cmake'
[0.607s] INFO:colcon.colcon_cmake.task.cmake.build:Building CMake package in '/home/illuminance_measurement_robot/ROS2_WS/src/power_measurement'
[0.608s] INFO:colcon.colcon_core.shell:Skip shell extension 'powershell' for command environment: Not usable outside of PowerShell
[0.608s] DEBUG:colcon.colcon_core.shell:Skip shell extension 'dsv' for command environment
[0.916s] INFO:colcon.colcon_core.task.python.build:Building Python package in '/home/illuminance_measurement_robot/ROS2_WS/src/brightness_measurement'
[0.916s] INFO:colcon.colcon_core.shell:Skip shell extension 'powershell' for command environment: Not usable outside of PowerShell
[0.917s] DEBUG:colcon.colcon_core.shell:Skip shell extension 'dsv' for command environment
[1.230s] INFO:colcon.colcon_core.task.python.build:Building Python package in '/home/illuminance_measurement_robot/ROS2_WS/src/motor_control'
[1.230s] INFO:colcon.colcon_core.shell:Skip shell extension 'powershell' for command environment: Not usable outside of PowerShell
[1.231s] DEBUG:colcon.colcon_core.shell:Skip shell extension 'dsv' for command environment
[1.249s] DEBUG:colcon.colcon_core.event_handler.log_command:Invoking command in '/home/illuminance_measurement_robot/ROS2_WS/build/power_measurement': CMAKE_PREFIX_PATH=${CMAKE_PREFIX_PATH}:/home/illuminance_measurement_robot/ROS2_WS/install/brightness_measurement:/home/illuminance_measurement_robot/ROS2_WS/install/motor_control:/opt/ros/foxy /usr/bin/cmake /home/illuminance_measurement_robot/ROS2_WS/src/power_measurement -DCMAKE_INSTALL_PREFIX=/home/illuminance_measurement_robot/ROS2_WS/install/power_measurement
[2.054s] DEBUG:colcon.colcon_core.event_handler.log_command:Invoking command in '/home/illuminance_measurement_robot/ROS2_WS/src/brightness_measurement': PYTHONPATH=/home/illuminance_measurement_robot/ROS2_WS/build/brightness_measurement/prefix_override:/usr/lib/python3/dist-packages/colcon_core/task/python/colcon_distutils_commands:/home/illuminance_measurement_robot/ROS2_WS/install/brightness_measurement/lib/python3.8/site-packages:${PYTHONPATH} /usr/bin/python3 -W ignore:setup.py install is deprecated -W ignore:easy_install command is deprecated setup.py egg_info --egg-base ../../build/brightness_measurement build --build-base /home/illuminance_measurement_robot/ROS2_WS/build/brightness_measurement/build install --record /home/illuminance_measurement_robot/ROS2_WS/build/brightness_measurement/install.log --install-scripts $base/lib/brightness_measurement --single-version-externally-managed install_data
[2.080s] DEBUG:colcon.colcon_core.event_handler.log_command:Invoking command in '/home/illuminance_measurement_robot/ROS2_WS/src/motor_control': PYTHONPATH=/home/illuminance_measurement_robot/ROS2_WS/build/motor_control/prefix_override:/usr/lib/python3/dist-packages/colcon_core/task/python/colcon_distutils_commands:/home/illuminance_measurement_robot/ROS2_WS/install/motor_control/lib/python3.8/site-packages:${PYTHONPATH} /usr/bin/python3 -W ignore:setup.py install is deprecated -W ignore:easy_install command is deprecated setup.py egg_info --egg-base ../../build/motor_control build --build-base /home/illuminance_measurement_robot/ROS2_WS/build/motor_control/build install --record /home/illuminance_measurement_robot/ROS2_WS/build/motor_control/install.log --install-scripts $base/lib/motor_control --single-version-externally-managed install_data
[2.579s] DEBUG:colcon.colcon_core.event_handler.log_command:Invoked command in '/home/illuminance_measurement_robot/ROS2_WS/src/brightness_measurement' returned '0': PYTHONPATH=/home/illuminance_measurement_robot/ROS2_WS/build/brightness_measurement/prefix_override:/usr/lib/python3/dist-packages/colcon_core/task/python/colcon_distutils_commands:/home/illuminance_measurement_robot/ROS2_WS/install/brightness_measurement/lib/python3.8/site-packages:${PYTHONPATH} /usr/bin/python3 -W ignore:setup.py install is deprecated -W ignore:easy_install command is deprecated setup.py egg_info --egg-base ../../build/brightness_measurement build --build-base /home/illuminance_measurement_robot/ROS2_WS/build/brightness_measurement/build install --record /home/illuminance_measurement_robot/ROS2_WS/build/brightness_measurement/install.log --install-scripts $base/lib/brightness_measurement --single-version-externally-managed install_data
[2.584s] Level 1:colcon.colcon_core.environment:checking '/home/illuminance_measurement_robot/ROS2_WS/install/brightness_measurement' for CMake module files
[2.585s] Level 1:colcon.colcon_core.environment:checking '/home/illuminance_measurement_robot/ROS2_WS/install/brightness_measurement' for CMake config files
[2.586s] Level 1:colcon.colcon_core.environment:checking '/home/illuminance_measurement_robot/ROS2_WS/install/brightness_measurement/lib'
[2.587s] Level 1:colcon.colcon_core.environment:checking '/home/illuminance_measurement_robot/ROS2_WS/install/brightness_measurement/bin'
[2.587s] Level 1:colcon.colcon_core.environment:checking '/home/illuminance_measurement_robot/ROS2_WS/install/brightness_measurement/lib/pkgconfig/brightness_measurement.pc'
[2.587s] Level 1:colcon.colcon_core.environment:checking '/home/illuminance_measurement_robot/ROS2_WS/install/brightness_measurement/lib/python3.8/site-packages'
[2.587s] Level 1:colcon.colcon_core.shell:create_environment_hook('brightness_measurement', 'pythonpath')
[2.588s] INFO:colcon.colcon_core.shell:Creating environment hook '/home/illuminance_measurement_robot/ROS2_WS/install/brightness_measurement/share/brightness_measurement/hook/pythonpath.ps1'
[2.591s] INFO:colcon.colcon_core.shell:Creating environment descriptor '/home/illuminance_measurement_robot/ROS2_WS/install/brightness_measurement/share/brightness_measurement/hook/pythonpath.dsv'
[2.592s] INFO:colcon.colcon_core.shell:Creating environment hook '/home/illuminance_measurement_robot/ROS2_WS/install/brightness_measurement/share/brightness_measurement/hook/pythonpath.sh'
[2.593s] Level 1:colcon.colcon_core.environment:checking '/home/illuminance_measurement_robot/ROS2_WS/install/brightness_measurement/bin'
[2.594s] Level 1:colcon.colcon_core.environment:create_environment_scripts_only(brightness_measurement)
[2.594s] INFO:colcon.colcon_core.shell:Creating package script '/home/illuminance_measurement_robot/ROS2_WS/install/brightness_measurement/share/brightness_measurement/package.ps1'
[2.597s] INFO:colcon.colcon_core.shell:Creating package descriptor '/home/illuminance_measurement_robot/ROS2_WS/install/brightness_measurement/share/brightness_measurement/package.dsv'
[2.599s] INFO:colcon.colcon_core.shell:Creating package script '/home/illuminance_measurement_robot/ROS2_WS/install/brightness_measurement/share/brightness_measurement/package.sh'
[2.600s] INFO:colcon.colcon_core.shell:Creating package script '/home/illuminance_measurement_robot/ROS2_WS/install/brightness_measurement/share/brightness_measurement/package.bash'
[2.602s] INFO:colcon.colcon_core.shell:Creating package script '/home/illuminance_measurement_robot/ROS2_WS/install/brightness_measurement/share/brightness_measurement/package.zsh'
[2.604s] Level 1:colcon.colcon_core.environment:create_file_with_runtime_dependencies(/home/illuminance_measurement_robot/ROS2_WS/install/brightness_measurement/share/colcon-core/packages/brightness_measurement)
[2.609s] Level 1:colcon.colcon_core.environment:checking '/home/illuminance_measurement_robot/ROS2_WS/install/motor_control' for CMake module files
[2.610s] DEBUG:colcon.colcon_core.event_handler.log_command:Invoked command in '/home/illuminance_measurement_robot/ROS2_WS/src/motor_control' returned '0': PYTHONPATH=/home/illuminance_measurement_robot/ROS2_WS/build/motor_control/prefix_override:/usr/lib/python3/dist-packages/colcon_core/task/python/colcon_distutils_commands:/home/illuminance_measurement_robot/ROS2_WS/install/motor_control/lib/python3.8/site-packages:${PYTHONPATH} /usr/bin/python3 -W ignore:setup.py install is deprecated -W ignore:easy_install command is deprecated setup.py egg_info --egg-base ../../build/motor_control build --build-base /home/illuminance_measurement_robot/ROS2_WS/build/motor_control/build install --record /home/illuminance_measurement_robot/ROS2_WS/build/motor_control/install.log --install-scripts $base/lib/motor_control --single-version-externally-managed install_data
[2.610s] Level 1:colcon.colcon_core.environment:checking '/home/illuminance_measurement_robot/ROS2_WS/install/motor_control' for CMake config files
[2.611s] Level 1:colcon.colcon_core.environment:checking '/home/illuminance_measurement_robot/ROS2_WS/install/motor_control/lib'
[2.611s] Level 1:colcon.colcon_core.environment:checking '/home/illuminance_measurement_robot/ROS2_WS/install/motor_control/bin'
[2.611s] Level 1:colcon.colcon_core.environment:checking '/home/illuminance_measurement_robot/ROS2_WS/install/motor_control/lib/pkgconfig/motor_control.pc'
[2.612s] Level 1:colcon.colcon_core.environment:checking '/home/illuminance_measurement_robot/ROS2_WS/install/motor_control/lib/python3.8/site-packages'
[2.612s] Level 1:colcon.colcon_core.shell:create_environment_hook('motor_control', 'pythonpath')
[2.612s] INFO:colcon.colcon_core.shell:Creating environment hook '/home/illuminance_measurement_robot/ROS2_WS/install/motor_control/share/motor_control/hook/pythonpath.ps1'
[2.613s] INFO:colcon.colcon_core.shell:Creating environment descriptor '/home/illuminance_measurement_robot/ROS2_WS/install/motor_control/share/motor_control/hook/pythonpath.dsv'
[2.613s] INFO:colcon.colcon_core.shell:Creating environment hook '/home/illuminance_measurement_robot/ROS2_WS/install/motor_control/share/motor_control/hook/pythonpath.sh'
[2.614s] Level 1:colcon.colcon_core.environment:checking '/home/illuminance_measurement_robot/ROS2_WS/install/motor_control/bin'
[2.614s] Level 1:colcon.colcon_core.environment:create_environment_scripts_only(motor_control)
[2.615s] INFO:colcon.colcon_core.shell:Creating package script '/home/illuminance_measurement_robot/ROS2_WS/install/motor_control/share/motor_control/package.ps1'
[2.615s] INFO:colcon.colcon_core.shell:Creating package descriptor '/home/illuminance_measurement_robot/ROS2_WS/install/motor_control/share/motor_control/package.dsv'
[2.616s] INFO:colcon.colcon_core.shell:Creating package script '/home/illuminance_measurement_robot/ROS2_WS/install/motor_control/share/motor_control/package.sh'
[2.616s] INFO:colcon.colcon_core.shell:Creating package script '/home/illuminance_measurement_robot/ROS2_WS/install/motor_control/share/motor_control/package.bash'
[2.617s] INFO:colcon.colcon_core.shell:Creating package script '/home/illuminance_measurement_robot/ROS2_WS/install/motor_control/share/motor_control/package.zsh'
[2.617s] Level 1:colcon.colcon_core.environment:create_file_with_runtime_dependencies(/home/illuminance_measurement_robot/ROS2_WS/install/motor_control/share/colcon-core/packages/motor_control)
[3.874s] DEBUG:colcon.colcon_core.event_handler.log_command:Invoked command in '/home/illuminance_measurement_robot/ROS2_WS/build/power_measurement' returned '0': CMAKE_PREFIX_PATH=${CMAKE_PREFIX_PATH}:/home/illuminance_measurement_robot/ROS2_WS/install/brightness_measurement:/home/illuminance_measurement_robot/ROS2_WS/install/motor_control:/opt/ros/foxy /usr/bin/cmake /home/illuminance_measurement_robot/ROS2_WS/src/power_measurement -DCMAKE_INSTALL_PREFIX=/home/illuminance_measurement_robot/ROS2_WS/install/power_measurement
[3.879s] DEBUG:colcon.colcon_core.event_handler.log_command:Invoking command in '/home/illuminance_measurement_robot/ROS2_WS/build/power_measurement': CMAKE_PREFIX_PATH=${CMAKE_PREFIX_PATH}:/home/illuminance_measurement_robot/ROS2_WS/install/brightness_measurement:/home/illuminance_measurement_robot/ROS2_WS/install/motor_control:/opt/ros/foxy /usr/bin/cmake --build /home/illuminance_measurement_robot/ROS2_WS/build/power_measurement -- -j4 -l4
[8.168s] DEBUG:colcon.colcon_core.event_handler.log_command:Invoked command in '/home/illuminance_measurement_robot/ROS2_WS/build/power_measurement' returned '0': CMAKE_PREFIX_PATH=${CMAKE_PREFIX_PATH}:/home/illuminance_measurement_robot/ROS2_WS/install/brightness_measurement:/home/illuminance_measurement_robot/ROS2_WS/install/motor_control:/opt/ros/foxy /usr/bin/cmake --build /home/illuminance_measurement_robot/ROS2_WS/build/power_measurement -- -j4 -l4
[8.196s] DEBUG:colcon.colcon_core.event_handler.log_command:Invoking command in '/home/illuminance_measurement_robot/ROS2_WS/build/power_measurement': CMAKE_PREFIX_PATH=${CMAKE_PREFIX_PATH}:/home/illuminance_measurement_robot/ROS2_WS/install/brightness_measurement:/home/illuminance_measurement_robot/ROS2_WS/install/motor_control:/opt/ros/foxy /usr/bin/cmake --install /home/illuminance_measurement_robot/ROS2_WS/build/power_measurement
[8.304s] Level 1:colcon.colcon_core.environment:create_environment_scripts_only(power_measurement)
[8.305s] Level 1:colcon.colcon_core.environment:checking '/home/illuminance_measurement_robot/ROS2_WS/install/power_measurement' for CMake module files
[8.305s] DEBUG:colcon.colcon_core.event_handler.log_command:Invoked command in '/home/illuminance_measurement_robot/ROS2_WS/build/power_measurement' returned '0': CMAKE_PREFIX_PATH=${CMAKE_PREFIX_PATH}:/home/illuminance_measurement_robot/ROS2_WS/install/brightness_measurement:/home/illuminance_measurement_robot/ROS2_WS/install/motor_control:/opt/ros/foxy /usr/bin/cmake --install /home/illuminance_measurement_robot/ROS2_WS/build/power_measurement
[8.306s] Level 1:colcon.colcon_core.environment:checking '/home/illuminance_measurement_robot/ROS2_WS/install/power_measurement' for CMake config files
[8.306s] Level 1:colcon.colcon_core.shell:create_environment_hook('power_measurement', 'cmake_prefix_path')
[8.307s] INFO:colcon.colcon_core.shell:Creating environment hook '/home/illuminance_measurement_robot/ROS2_WS/install/power_measurement/share/power_measurement/hook/cmake_prefix_path.ps1'
[8.308s] INFO:colcon.colcon_core.shell:Creating environment descriptor '/home/illuminance_measurement_robot/ROS2_WS/install/power_measurement/share/power_measurement/hook/cmake_prefix_path.dsv'
[8.308s] INFO:colcon.colcon_core.shell:Creating environment hook '/home/illuminance_measurement_robot/ROS2_WS/install/power_measurement/share/power_measurement/hook/cmake_prefix_path.sh'
[8.309s] Level 1:colcon.colcon_core.environment:checking '/home/illuminance_measurement_robot/ROS2_WS/install/power_measurement/lib'
[8.309s] Level 1:colcon.colcon_core.shell:create_environment_hook('power_measurement', 'ld_library_path_lib')
[8.310s] INFO:colcon.colcon_core.shell:Creating environment hook '/home/illuminance_measurement_robot/ROS2_WS/install/power_measurement/share/power_measurement/hook/ld_library_path_lib.ps1'
[8.310s] INFO:colcon.colcon_core.shell:Creating environment descriptor '/home/illuminance_measurement_robot/ROS2_WS/install/power_measurement/share/power_measurement/hook/ld_library_path_lib.dsv'
[8.311s] INFO:colcon.colcon_core.shell:Creating environment hook '/home/illuminance_measurement_robot/ROS2_WS/install/power_measurement/share/power_measurement/hook/ld_library_path_lib.sh'
[8.312s] Level 1:colcon.colcon_core.environment:checking '/home/illuminance_measurement_robot/ROS2_WS/install/power_measurement/bin'
[8.312s] Level 1:colcon.colcon_core.environment:checking '/home/illuminance_measurement_robot/ROS2_WS/install/power_measurement/lib/pkgconfig/power_measurement.pc'
[8.312s] Level 1:colcon.colcon_core.environment:checking '/home/illuminance_measurement_robot/ROS2_WS/install/power_measurement/lib/python3.8/site-packages'
[8.312s] Level 1:colcon.colcon_core.shell:create_environment_hook('power_measurement', 'pythonpath')
[8.313s] INFO:colcon.colcon_core.shell:Creating environment hook '/home/illuminance_measurement_robot/ROS2_WS/install/power_measurement/share/power_measurement/hook/pythonpath.ps1'
[8.313s] INFO:colcon.colcon_core.shell:Creating environment descriptor '/home/illuminance_measurement_robot/ROS2_WS/install/power_measurement/share/power_measurement/hook/pythonpath.dsv'
[8.314s] INFO:colcon.colcon_core.shell:Creating environment hook '/home/illuminance_measurement_robot/ROS2_WS/install/power_measurement/share/power_measurement/hook/pythonpath.sh'
[8.314s] Level 1:colcon.colcon_core.environment:checking '/home/illuminance_measurement_robot/ROS2_WS/install/power_measurement/bin'
[8.315s] INFO:colcon.colcon_core.shell:Creating package script '/home/illuminance_measurement_robot/ROS2_WS/install/power_measurement/share/power_measurement/package.ps1'
[8.316s] INFO:colcon.colcon_core.shell:Creating package descriptor '/home/illuminance_measurement_robot/ROS2_WS/install/power_measurement/share/power_measurement/package.dsv'
[8.317s] INFO:colcon.colcon_core.shell:Creating package script '/home/illuminance_measurement_robot/ROS2_WS/install/power_measurement/share/power_measurement/package.sh'
[8.318s] INFO:colcon.colcon_core.shell:Creating package script '/home/illuminance_measurement_robot/ROS2_WS/install/power_measurement/share/power_measurement/package.bash'
[8.318s] INFO:colcon.colcon_core.shell:Creating package script '/home/illuminance_measurement_robot/ROS2_WS/install/power_measurement/share/power_measurement/package.zsh'
[8.319s] Level 1:colcon.colcon_core.environment:create_file_with_runtime_dependencies(/home/illuminance_measurement_robot/ROS2_WS/install/power_measurement/share/colcon-core/packages/power_measurement)
[8.320s] Level 1:colcon.colcon_core.environment:create_environment_scripts_only(power_measurement)
[8.320s] Level 1:colcon.colcon_core.environment:checking '/home/illuminance_measurement_robot/ROS2_WS/install/power_measurement' for CMake module files
[8.321s] Level 1:colcon.colcon_core.environment:checking '/home/illuminance_measurement_robot/ROS2_WS/install/power_measurement' for CMake config files
[8.321s] Level 1:colcon.colcon_core.shell:create_environment_hook('power_measurement', 'cmake_prefix_path')
[8.321s] INFO:colcon.colcon_core.shell:Creating environment hook '/home/illuminance_measurement_robot/ROS2_WS/install/power_measurement/share/power_measurement/hook/cmake_prefix_path.ps1'
[8.322s] INFO:colcon.colcon_core.shell:Creating environment descriptor '/home/illuminance_measurement_robot/ROS2_WS/install/power_measurement/share/power_measurement/hook/cmake_prefix_path.dsv'
[8.322s] INFO:colcon.colcon_core.shell:Creating environment hook '/home/illuminance_measurement_robot/ROS2_WS/install/power_measurement/share/power_measurement/hook/cmake_prefix_path.sh'
[8.323s] Level 1:colcon.colcon_core.environment:checking '/home/illuminance_measurement_robot/ROS2_WS/install/power_measurement/lib'
[8.323s] Level 1:colcon.colcon_core.shell:create_environment_hook('power_measurement', 'ld_library_path_lib')
[8.323s] INFO:colcon.colcon_core.shell:Creating environment hook '/home/illuminance_measurement_robot/ROS2_WS/install/power_measurement/share/power_measurement/hook/ld_library_path_lib.ps1'
[8.324s] INFO:colcon.colcon_core.shell:Creating environment descriptor '/home/illuminance_measurement_robot/ROS2_WS/install/power_measurement/share/power_measurement/hook/ld_library_path_lib.dsv'
[8.324s] INFO:colcon.colcon_core.shell:Creating environment hook '/home/illuminance_measurement_robot/ROS2_WS/install/power_measurement/share/power_measurement/hook/ld_library_path_lib.sh'
[8.325s] Level 1:colcon.colcon_core.environment:checking '/home/illuminance_measurement_robot/ROS2_WS/install/power_measurement/bin'
[8.325s] Level 1:colcon.colcon_core.environment:checking '/home/illuminance_measurement_robot/ROS2_WS/install/power_measurement/lib/pkgconfig/power_measurement.pc'
[8.325s] Level 1:colcon.colcon_core.environment:checking '/home/illuminance_measurement_robot/ROS2_WS/install/power_measurement/lib/python3.8/site-packages'
[8.325s] Level 1:colcon.colcon_core.shell:create_environment_hook('power_measurement', 'pythonpath')
[8.325s] INFO:colcon.colcon_core.shell:Creating environment hook '/home/illuminance_measurement_robot/ROS2_WS/install/power_measurement/share/power_measurement/hook/pythonpath.ps1'
[8.326s] INFO:colcon.colcon_core.shell:Creating environment descriptor '/home/illuminance_measurement_robot/ROS2_WS/install/power_measurement/share/power_measurement/hook/pythonpath.dsv'
[8.326s] INFO:colcon.colcon_core.shell:Creating environment hook '/home/illuminance_measurement_robot/ROS2_WS/install/power_measurement/share/power_measurement/hook/pythonpath.sh'
[8.327s] Level 1:colcon.colcon_core.environment:checking '/home/illuminance_measurement_robot/ROS2_WS/install/power_measurement/bin'
[8.327s] INFO:colcon.colcon_core.shell:Creating package script '/home/illuminance_measurement_robot/ROS2_WS/install/power_measurement/share/power_measurement/package.ps1'
[8.328s] INFO:colcon.colcon_core.shell:Creating package descriptor '/home/illuminance_measurement_robot/ROS2_WS/install/power_measurement/share/power_measurement/package.dsv'
[8.329s] INFO:colcon.colcon_core.shell:Creating package script '/home/illuminance_measurement_robot/ROS2_WS/install/power_measurement/share/power_measurement/package.sh'
[8.329s] INFO:colcon.colcon_core.shell:Creating package script '/home/illuminance_measurement_robot/ROS2_WS/install/power_measurement/share/power_measurement/package.bash'
[8.330s] INFO:colcon.colcon_core.shell:Creating package script '/home/illuminance_measurement_robot/ROS2_WS/install/power_measurement/share/power_measurement/package.zsh'
[8.330s] Level 1:colcon.colcon_core.environment:create_file_with_runtime_dependencies(/home/illuminance_measurement_robot/ROS2_WS/install/power_measurement/share/colcon-core/packages/power_measurement)
[8.331s] DEBUG:colcon.colcon_parallel_executor.executor.parallel:closing loop
[8.331s] DEBUG:colcon.colcon_parallel_executor.executor.parallel:loop closed
[8.331s] DEBUG:colcon.colcon_parallel_executor.executor.parallel:run_until_complete finished with '0'
[8.331s] DEBUG:colcon.colcon_core.event_reactor:joining thread
[8.341s] INFO:colcon.colcon_core.plugin_system:Skipping extension 'colcon_notification.desktop_notification.notify_send': Could not find 'notify-send'
[8.341s] INFO:colcon.colcon_core.plugin_system:Skipping extension 'colcon_notification.desktop_notification.terminal_notifier': Not used on non-Darwin systems
[8.341s] INFO:colcon.colcon_core.plugin_system:Skipping extension 'colcon_notification.desktop_notification.win32': Not used on non-Windows systems
[8.342s] INFO:colcon.colcon_notification.desktop_notification:Sending desktop notification using 'notify2'
[8.342s] DEBUG:colcon.colcon_notification.desktop_notification.notify2:Failed to initialize notify2: org.freedesktop.DBus.Error.NotSupported: Unable to autolaunch a dbus-daemon without a $DISPLAY for X11
[8.342s] DEBUG:colcon.colcon_core.event_reactor:joined thread
[8.342s] INFO:colcon.colcon_core.shell:Creating prefix script '/home/illuminance_measurement_robot/ROS2_WS/install/local_setup.ps1'
[8.344s] INFO:colcon.colcon_core.shell:Creating prefix util module '/home/illuminance_measurement_robot/ROS2_WS/install/_local_setup_util_ps1.py'
[8.346s] INFO:colcon.colcon_core.shell:Creating prefix chain script '/home/illuminance_measurement_robot/ROS2_WS/install/setup.ps1'
[8.347s] INFO:colcon.colcon_core.shell:Creating prefix script '/home/illuminance_measurement_robot/ROS2_WS/install/local_setup.sh'
[8.348s] INFO:colcon.colcon_core.shell:Creating prefix util module '/home/illuminance_measurement_robot/ROS2_WS/install/_local_setup_util_sh.py'
[8.349s] INFO:colcon.colcon_core.shell:Creating prefix chain script '/home/illuminance_measurement_robot/ROS2_WS/install/setup.sh'
[8.350s] INFO:colcon.colcon_core.shell:Creating prefix script '/home/illuminance_measurement_robot/ROS2_WS/install/local_setup.bash'
[8.351s] INFO:colcon.colcon_core.shell:Creating prefix chain script '/home/illuminance_measurement_robot/ROS2_WS/install/setup.bash'
[8.352s] INFO:colcon.colcon_core.shell:Creating prefix script '/home/illuminance_measurement_robot/ROS2_WS/install/local_setup.zsh'
[8.353s] INFO:colcon.colcon_core.shell:Creating prefix chain script '/home/illuminance_measurement_robot/ROS2_WS/install/setup.zsh'
