[  3%] Built target power_measurement__cpp
[ 12%] Built target power_measurement__rosidl_generator_c
[ 22%] Built target power_measurement__rosidl_typesupport_introspection_cpp
[ 32%] Built target power_measurement__rosidl_typesupport_cpp
[ 41%] Built target power_measurement__rosidl_typesupport_introspection_c
[ 51%] Built target power_measurement__rosidl_typesupport_fastrtps_cpp
[ 61%] Built target power_measurement__rosidl_typesupport_c
[ 70%] Built target power_measurement__rosidl_typesupport_fastrtps_c
[ 70%] Built target power_measurement
[ 74%] Built target power_measurement__py
[ 80%] Built target power_measurement__python
[ 87%] Built target power_measurement__rosidl_typesupport_c__pyext
[ 96%] Built target power_measurement__rosidl_typesupport_introspection_c__pyext
[100%] Built target power_measurement__rosidl_typesupport_fastrtps_c__pyext
-- Install configuration: ""
-- Up-to-date: /home/illuminance_measurement_robot/ROS2_WS/install/power_measurement/share/ament_index/resource_index/rosidl_interfaces/power_measurement
-- Up-to-date: /home/illuminance_measurement_robot/ROS2_WS/install/power_measurement/include/power_measurement
-- Up-to-date: /home/illuminance_measurement_robot/ROS2_WS/install/power_measurement/include/power_measurement/msg
-- Up-to-date: /home/illuminance_measurement_robot/ROS2_WS/install/power_measurement/include/power_measurement/msg/rosidl_generator_c__visibility_control.h
-- Up-to-date: /home/illuminance_measurement_robot/ROS2_WS/install/power_measurement/include/power_measurement/msg/detail
-- Up-to-date: /home/illuminance_measurement_robot/ROS2_WS/install/power_measurement/include/power_measurement/msg/detail/ina228_sensor__type_support.h
-- Up-to-date: /home/illuminance_measurement_robot/ROS2_WS/install/power_measurement/include/power_measurement/msg/detail/ina228_sensor__functions.c
-- Up-to-date: /home/illuminance_measurement_robot/ROS2_WS/install/power_measurement/include/power_measurement/msg/detail/ina228_sensor__struct.h
-- Up-to-date: /home/illuminance_measurement_robot/ROS2_WS/install/power_measurement/include/power_measurement/msg/detail/ina228_sensor__functions.h
-- Up-to-date: /home/illuminance_measurement_robot/ROS2_WS/install/power_measurement/include/power_measurement/msg/ina228_sensor.h
-- Up-to-date: /home/illuminance_measurement_robot/ROS2_WS/install/power_measurement/share/power_measurement/environment/library_path.sh
-- Up-to-date: /home/illuminance_measurement_robot/ROS2_WS/install/power_measurement/share/power_measurement/environment/library_path.dsv
-- Up-to-date: /home/illuminance_measurement_robot/ROS2_WS/install/power_measurement/lib/libpower_measurement__rosidl_generator_c.so
-- Up-to-date: /home/illuminance_measurement_robot/ROS2_WS/install/power_measurement/include/power_measurement
-- Up-to-date: /home/illuminance_measurement_robot/ROS2_WS/install/power_measurement/include/power_measurement/msg
-- Up-to-date: /home/illuminance_measurement_robot/ROS2_WS/install/power_measurement/include/power_measurement/msg/rosidl_typesupport_fastrtps_c__visibility_control.h
-- Up-to-date: /home/illuminance_measurement_robot/ROS2_WS/install/power_measurement/include/power_measurement/msg/detail
-- Up-to-date: /home/illuminance_measurement_robot/ROS2_WS/install/power_measurement/include/power_measurement/msg/detail/ina228_sensor__rosidl_typesupport_fastrtps_c.h
-- Up-to-date: /home/illuminance_measurement_robot/ROS2_WS/install/power_measurement/lib/libpower_measurement__rosidl_typesupport_fastrtps_c.so
-- Up-to-date: /home/illuminance_measurement_robot/ROS2_WS/install/power_measurement/include/power_measurement
-- Up-to-date: /home/illuminance_measurement_robot/ROS2_WS/install/power_measurement/include/power_measurement/msg
-- Up-to-date: /home/illuminance_measurement_robot/ROS2_WS/install/power_measurement/include/power_measurement/msg/detail
-- Up-to-date: /home/illuminance_measurement_robot/ROS2_WS/install/power_measurement/include/power_measurement/msg/detail/dds_fastrtps
-- Up-to-date: /home/illuminance_measurement_robot/ROS2_WS/install/power_measurement/include/power_measurement/msg/detail/ina228_sensor__rosidl_typesupport_fastrtps_cpp.hpp
-- Up-to-date: /home/illuminance_measurement_robot/ROS2_WS/install/power_measurement/include/power_measurement/msg/rosidl_typesupport_fastrtps_cpp__visibility_control.h
-- Up-to-date: /home/illuminance_measurement_robot/ROS2_WS/install/power_measurement/lib/libpower_measurement__rosidl_typesupport_fastrtps_cpp.so
-- Up-to-date: /home/illuminance_measurement_robot/ROS2_WS/install/power_measurement/include/power_measurement
-- Up-to-date: /home/illuminance_measurement_robot/ROS2_WS/install/power_measurement/include/power_measurement/msg
-- Up-to-date: /home/illuminance_measurement_robot/ROS2_WS/install/power_measurement/include/power_measurement/msg/detail
-- Up-to-date: /home/illuminance_measurement_robot/ROS2_WS/install/power_measurement/include/power_measurement/msg/detail/ina228_sensor__type_support.c
-- Up-to-date: /home/illuminance_measurement_robot/ROS2_WS/install/power_measurement/include/power_measurement/msg/detail/ina228_sensor__rosidl_typesupport_introspection_c.h
-- Up-to-date: /home/illuminance_measurement_robot/ROS2_WS/install/power_measurement/include/power_measurement/msg/rosidl_typesupport_introspection_c__visibility_control.h
-- Up-to-date: /home/illuminance_measurement_robot/ROS2_WS/install/power_measurement/lib/libpower_measurement__rosidl_typesupport_introspection_c.so
-- Up-to-date: /home/illuminance_measurement_robot/ROS2_WS/install/power_measurement/lib/libpower_measurement__rosidl_typesupport_c.so
-- Up-to-date: /home/illuminance_measurement_robot/ROS2_WS/install/power_measurement/include/power_measurement
-- Up-to-date: /home/illuminance_measurement_robot/ROS2_WS/install/power_measurement/include/power_measurement/msg
-- Up-to-date: /home/illuminance_measurement_robot/ROS2_WS/install/power_measurement/include/power_measurement/msg/detail
-- Up-to-date: /home/illuminance_measurement_robot/ROS2_WS/install/power_measurement/include/power_measurement/msg/detail/ina228_sensor__type_support.hpp
-- Up-to-date: /home/illuminance_measurement_robot/ROS2_WS/install/power_measurement/include/power_measurement/msg/detail/ina228_sensor__struct.hpp
-- Up-to-date: /home/illuminance_measurement_robot/ROS2_WS/install/power_measurement/include/power_measurement/msg/detail/ina228_sensor__traits.hpp
-- Up-to-date: /home/illuminance_measurement_robot/ROS2_WS/install/power_measurement/include/power_measurement/msg/detail/ina228_sensor__builder.hpp
-- Up-to-date: /home/illuminance_measurement_robot/ROS2_WS/install/power_measurement/include/power_measurement/msg/ina228_sensor.hpp
-- Up-to-date: /home/illuminance_measurement_robot/ROS2_WS/install/power_measurement/include/power_measurement/msg/rosidl_generator_cpp__visibility_control.hpp
-- Up-to-date: /home/illuminance_measurement_robot/ROS2_WS/install/power_measurement/include/power_measurement
-- Up-to-date: /home/illuminance_measurement_robot/ROS2_WS/install/power_measurement/include/power_measurement/msg
-- Up-to-date: /home/illuminance_measurement_robot/ROS2_WS/install/power_measurement/include/power_measurement/msg/detail
-- Up-to-date: /home/illuminance_measurement_robot/ROS2_WS/install/power_measurement/include/power_measurement/msg/detail/ina228_sensor__type_support.cpp
-- Up-to-date: /home/illuminance_measurement_robot/ROS2_WS/install/power_measurement/include/power_measurement/msg/detail/ina228_sensor__rosidl_typesupport_introspection_cpp.hpp
-- Up-to-date: /home/illuminance_measurement_robot/ROS2_WS/install/power_measurement/lib/libpower_measurement__rosidl_typesupport_introspection_cpp.so
-- Up-to-date: /home/illuminance_measurement_robot/ROS2_WS/install/power_measurement/lib/libpower_measurement__rosidl_typesupport_cpp.so
-- Up-to-date: /home/illuminance_measurement_robot/ROS2_WS/install/power_measurement/share/power_measurement/environment/pythonpath.sh
-- Up-to-date: /home/illuminance_measurement_robot/ROS2_WS/install/power_measurement/share/power_measurement/environment/pythonpath.dsv
-- Installing: /home/illuminance_measurement_robot/ROS2_WS/install/power_measurement/lib/python3.8/site-packages/power_measurement/__init__.py
-- Up-to-date: /home/illuminance_measurement_robot/ROS2_WS/install/power_measurement/lib/python3.8/site-packages/power_measurement/msg
-- Up-to-date: /home/illuminance_measurement_robot/ROS2_WS/install/power_measurement/lib/python3.8/site-packages/power_measurement/msg/_ina228_sensor.py
-- Up-to-date: /home/illuminance_measurement_robot/ROS2_WS/install/power_measurement/lib/python3.8/site-packages/power_measurement/msg/_ina228_sensor_s.c
-- Up-to-date: /home/illuminance_measurement_robot/ROS2_WS/install/power_measurement/lib/python3.8/site-packages/power_measurement/msg/__init__.py
-- Up-to-date: /home/illuminance_measurement_robot/ROS2_WS/install/power_measurement/lib/python3.8/site-packages/power_measurement/power_measurement_s__rosidl_typesupport_fastrtps_c.cpython-38-aarch64-linux-gnu.so
-- Up-to-date: /home/illuminance_measurement_robot/ROS2_WS/install/power_measurement/lib/python3.8/site-packages/power_measurement/power_measurement_s__rosidl_typesupport_introspection_c.cpython-38-aarch64-linux-gnu.so
-- Up-to-date: /home/illuminance_measurement_robot/ROS2_WS/install/power_measurement/lib/python3.8/site-packages/power_measurement/power_measurement_s__rosidl_typesupport_c.cpython-38-aarch64-linux-gnu.so
-- Up-to-date: /home/illuminance_measurement_robot/ROS2_WS/install/power_measurement/lib/libpower_measurement__python.so
-- Up-to-date: /home/illuminance_measurement_robot/ROS2_WS/install/power_measurement/share/power_measurement/msg/Ina228Sensor.idl
-- Up-to-date: /home/illuminance_measurement_robot/ROS2_WS/install/power_measurement/share/power_measurement/msg/Ina228Sensor.msg
-- Up-to-date: /home/illuminance_measurement_robot/ROS2_WS/install/power_measurement/share/ament_index/resource_index/package_run_dependencies/power_measurement
-- Up-to-date: /home/illuminance_measurement_robot/ROS2_WS/install/power_measurement/share/ament_index/resource_index/parent_prefix_path/power_measurement
-- Up-to-date: /home/illuminance_measurement_robot/ROS2_WS/install/power_measurement/share/power_measurement/environment/ament_prefix_path.sh
-- Up-to-date: /home/illuminance_measurement_robot/ROS2_WS/install/power_measurement/share/power_measurement/environment/ament_prefix_path.dsv
-- Up-to-date: /home/illuminance_measurement_robot/ROS2_WS/install/power_measurement/share/power_measurement/environment/path.sh
-- Up-to-date: /home/illuminance_measurement_robot/ROS2_WS/install/power_measurement/share/power_measurement/environment/path.dsv
-- Up-to-date: /home/illuminance_measurement_robot/ROS2_WS/install/power_measurement/share/power_measurement/local_setup.bash
-- Up-to-date: /home/illuminance_measurement_robot/ROS2_WS/install/power_measurement/share/power_measurement/local_setup.sh
-- Up-to-date: /home/illuminance_measurement_robot/ROS2_WS/install/power_measurement/share/power_measurement/local_setup.zsh
-- Up-to-date: /home/illuminance_measurement_robot/ROS2_WS/install/power_measurement/share/power_measurement/local_setup.dsv
-- Installing: /home/illuminance_measurement_robot/ROS2_WS/install/power_measurement/share/power_measurement/package.dsv
-- Up-to-date: /home/illuminance_measurement_robot/ROS2_WS/install/power_measurement/share/ament_index/resource_index/packages/power_measurement
-- Up-to-date: /home/illuminance_measurement_robot/ROS2_WS/install/power_measurement/share/power_measurement/cmake/power_measurement__rosidl_generator_cExport.cmake
-- Up-to-date: /home/illuminance_measurement_robot/ROS2_WS/install/power_measurement/share/power_measurement/cmake/power_measurement__rosidl_generator_cExport-noconfig.cmake
-- Up-to-date: /home/illuminance_measurement_robot/ROS2_WS/install/power_measurement/share/power_measurement/cmake/power_measurement__rosidl_typesupport_introspection_cExport.cmake
-- Up-to-date: /home/illuminance_measurement_robot/ROS2_WS/install/power_measurement/share/power_measurement/cmake/power_measurement__rosidl_typesupport_introspection_cExport-noconfig.cmake
-- Up-to-date: /home/illuminance_measurement_robot/ROS2_WS/install/power_measurement/share/power_measurement/cmake/power_measurement__rosidl_typesupport_cExport.cmake
-- Up-to-date: /home/illuminance_measurement_robot/ROS2_WS/install/power_measurement/share/power_measurement/cmake/power_measurement__rosidl_typesupport_cExport-noconfig.cmake
-- Up-to-date: /home/illuminance_measurement_robot/ROS2_WS/install/power_measurement/share/power_measurement/cmake/power_measurement__rosidl_generator_cppExport.cmake
-- Up-to-date: /home/illuminance_measurement_robot/ROS2_WS/install/power_measurement/share/power_measurement/cmake/power_measurement__rosidl_typesupport_introspection_cppExport.cmake
-- Up-to-date: /home/illuminance_measurement_robot/ROS2_WS/install/power_measurement/share/power_measurement/cmake/power_measurement__rosidl_typesupport_introspection_cppExport-noconfig.cmake
-- Up-to-date: /home/illuminance_measurement_robot/ROS2_WS/install/power_measurement/share/power_measurement/cmake/power_measurement__rosidl_typesupport_cppExport.cmake
-- Up-to-date: /home/illuminance_measurement_robot/ROS2_WS/install/power_measurement/share/power_measurement/cmake/power_measurement__rosidl_typesupport_cppExport-noconfig.cmake
-- Up-to-date: /home/illuminance_measurement_robot/ROS2_WS/install/power_measurement/share/power_measurement/cmake/rosidl_cmake-extras.cmake
-- Up-to-date: /home/illuminance_measurement_robot/ROS2_WS/install/power_measurement/share/power_measurement/cmake/ament_cmake_export_dependencies-extras.cmake
-- Up-to-date: /home/illuminance_measurement_robot/ROS2_WS/install/power_measurement/share/power_measurement/cmake/ament_cmake_export_libraries-extras.cmake
-- Up-to-date: /home/illuminance_measurement_robot/ROS2_WS/install/power_measurement/share/power_measurement/cmake/ament_cmake_export_targets-extras.cmake
-- Up-to-date: /home/illuminance_measurement_robot/ROS2_WS/install/power_measurement/share/power_measurement/cmake/ament_cmake_export_include_directories-extras.cmake
-- Up-to-date: /home/illuminance_measurement_robot/ROS2_WS/install/power_measurement/share/power_measurement/cmake/rosidl_cmake_export_typesupport_libraries-extras.cmake
-- Up-to-date: /home/illuminance_measurement_robot/ROS2_WS/install/power_measurement/share/power_measurement/cmake/rosidl_cmake_export_typesupport_targets-extras.cmake
-- Up-to-date: /home/illuminance_measurement_robot/ROS2_WS/install/power_measurement/share/power_measurement/cmake/power_measurementConfig.cmake
-- Up-to-date: /home/illuminance_measurement_robot/ROS2_WS/install/power_measurement/share/power_measurement/cmake/power_measurementConfig-version.cmake
-- Up-to-date: /home/illuminance_measurement_robot/ROS2_WS/install/power_measurement/share/power_measurement/package.xml
-- Up-to-date: /home/illuminance_measurement_robot/ROS2_WS/install/power_measurement/lib/power_measurement/power_measurement_node.py
-- Up-to-date: /home/illuminance_measurement_robot/ROS2_WS/install/power_measurement/lib/python3.8/site-packages/power_measurement
-- Up-to-date: /home/illuminance_measurement_robot/ROS2_WS/install/power_measurement/lib/python3.8/site-packages/power_measurement/ina228_driver.py
-- Installing: /home/illuminance_measurement_robot/ROS2_WS/install/power_measurement/lib/python3.8/site-packages/power_measurement/__init__.py
-- Up-to-date: /home/illuminance_measurement_robot/ROS2_WS/install/power_measurement/lib/python3.8/site-packages/power_measurement/power_measurement_node.py
