[2.093s] Invoking command in '/home/illuminance_measurement_robot/ROS2_WS/src/motor_control': PYTHONPATH=/home/illuminance_measurement_robot/ROS2_WS/build/motor_control/prefix_override:/usr/lib/python3/dist-packages/colcon_core/task/python/colcon_distutils_commands:/home/illuminance_measurement_robot/ROS2_WS/install/motor_control/lib/python3.8/site-packages: /usr/bin/python3 -W ignore:setup.py install is deprecated -W ignore:easy_install command is deprecated setup.py egg_info --egg-base ../../build/motor_control build --build-base /home/illuminance_measurement_robot/ROS2_WS/build/motor_control/build install --record /home/illuminance_measurement_robot/ROS2_WS/build/motor_control/install.log --install-scripts $base/lib/motor_control --single-version-externally-managed install_data
[2.527s] running egg_info
[2.528s] creating ../../build/motor_control/motor_control.egg-info
[2.529s] writing ../../build/motor_control/motor_control.egg-info/PKG-INFO
[2.530s] writing dependency_links to ../../build/motor_control/motor_control.egg-info/dependency_links.txt
[2.530s] writing entry points to ../../build/motor_control/motor_control.egg-info/entry_points.txt
[2.534s] writing requirements to ../../build/motor_control/motor_control.egg-info/requires.txt
[2.534s] writing top-level names to ../../build/motor_control/motor_control.egg-info/top_level.txt
[2.535s] writing manifest file '../../build/motor_control/motor_control.egg-info/SOURCES.txt'
[2.597s] reading manifest file '../../build/motor_control/motor_control.egg-info/SOURCES.txt'
[2.600s] writing manifest file '../../build/motor_control/motor_control.egg-info/SOURCES.txt'
[2.601s] running build
[2.601s] running build_py
[2.604s] creating /home/illuminance_measurement_robot/ROS2_WS/build/motor_control/build
[2.604s] creating /home/illuminance_measurement_robot/ROS2_WS/build/motor_control/build/lib
[2.605s] creating /home/illuminance_measurement_robot/ROS2_WS/build/motor_control/build/lib/motor_control
[2.605s] copying motor_control/remote_control.py -> /home/illuminance_measurement_robot/ROS2_WS/build/motor_control/build/lib/motor_control
[2.605s] copying motor_control/__init__.py -> /home/illuminance_measurement_robot/ROS2_WS/build/motor_control/build/lib/motor_control
[2.605s] copying motor_control/twist_listener.py -> /home/illuminance_measurement_robot/ROS2_WS/build/motor_control/build/lib/motor_control
[2.605s] running install
[2.605s] running install_lib
[2.610s] creating /home/illuminance_measurement_robot/ROS2_WS/install/motor_control/lib/python3.8/site-packages/motor_control
[2.610s] copying /home/illuminance_measurement_robot/ROS2_WS/build/motor_control/build/lib/motor_control/remote_control.py -> /home/illuminance_measurement_robot/ROS2_WS/install/motor_control/lib/python3.8/site-packages/motor_control
[2.610s] copying /home/illuminance_measurement_robot/ROS2_WS/build/motor_control/build/lib/motor_control/__init__.py -> /home/illuminance_measurement_robot/ROS2_WS/install/motor_control/lib/python3.8/site-packages/motor_control
[2.611s] copying /home/illuminance_measurement_robot/ROS2_WS/build/motor_control/build/lib/motor_control/twist_listener.py -> /home/illuminance_measurement_robot/ROS2_WS/install/motor_control/lib/python3.8/site-packages/motor_control
[2.611s] byte-compiling /home/illuminance_measurement_robot/ROS2_WS/install/motor_control/lib/python3.8/site-packages/motor_control/remote_control.py to remote_control.cpython-38.pyc
[2.615s] byte-compiling /home/illuminance_measurement_robot/ROS2_WS/install/motor_control/lib/python3.8/site-packages/motor_control/__init__.py to __init__.cpython-38.pyc
[2.615s] byte-compiling /home/illuminance_measurement_robot/ROS2_WS/install/motor_control/lib/python3.8/site-packages/motor_control/twist_listener.py to twist_listener.cpython-38.pyc
[2.616s] running install_data
[2.619s] creating /home/illuminance_measurement_robot/ROS2_WS/install/motor_control/share/ament_index
[2.619s] creating /home/illuminance_measurement_robot/ROS2_WS/install/motor_control/share/ament_index/resource_index
[2.619s] creating /home/illuminance_measurement_robot/ROS2_WS/install/motor_control/share/ament_index/resource_index/packages
[2.619s] copying resource/motor_control -> /home/illuminance_measurement_robot/ROS2_WS/install/motor_control/share/ament_index/resource_index/packages
[2.620s] copying package.xml -> /home/illuminance_measurement_robot/ROS2_WS/install/motor_control/share/motor_control
[2.620s] running install_egg_info
[2.622s] Copying ../../build/motor_control/motor_control.egg-info to /home/illuminance_measurement_robot/ROS2_WS/install/motor_control/lib/python3.8/site-packages/motor_control-0.0.0-py3.8.egg-info
[2.627s] running install_scripts
[2.688s] Installing remote_control script to /home/illuminance_measurement_robot/ROS2_WS/install/motor_control/lib/motor_control
[2.688s] Installing twist_listener script to /home/illuminance_measurement_robot/ROS2_WS/install/motor_control/lib/motor_control
[2.690s] writing list of installed files to '/home/illuminance_measurement_robot/ROS2_WS/build/motor_control/install.log'
[2.777s] Invoked command in '/home/illuminance_measurement_robot/ROS2_WS/src/motor_control' returned '0': PYTHONPATH=/home/illuminance_measurement_robot/ROS2_WS/build/motor_control/prefix_override:/usr/lib/python3/dist-packages/colcon_core/task/python/colcon_distutils_commands:/home/illuminance_measurement_robot/ROS2_WS/install/motor_control/lib/python3.8/site-packages: /usr/bin/python3 -W ignore:setup.py install is deprecated -W ignore:easy_install command is deprecated setup.py egg_info --egg-base ../../build/motor_control build --build-base /home/illuminance_measurement_robot/ROS2_WS/build/motor_control/build install --record /home/illuminance_measurement_robot/ROS2_WS/build/motor_control/install.log --install-scripts $base/lib/motor_control --single-version-externally-managed install_data
