[0.330s] Invoking command in '/home/illuminance_measurement_robot/ROS2_WS/build/power_measurement': CMAKE_PREFIX_PATH=/opt/ros/foxy /usr/bin/cmake /home/illuminance_measurement_robot/ROS2_WS/src/power_measurement -DCMAKE_INSTALL_PREFIX=/home/illuminance_measurement_robot/ROS2_WS/install/power_measurement
[0.451s] -- The C compiler identification is GNU 9.4.0
[0.550s] -- The CXX compiler identification is GNU 9.4.0
[0.556s] -- Check for working C compiler: /usr/bin/cc
[0.691s] -- Check for working C compiler: /usr/bin/cc -- works
[0.693s] -- Detecting C compiler ABI info
[0.831s] -- Detecting C compiler ABI info - done
[0.846s] -- Detecting C compile features
[0.847s] -- Detecting C compile features - done
[0.851s] -- Check for working CXX compiler: /usr/bin/c++
[1.017s] -- Check for working CXX compiler: /usr/bin/c++ -- works
[1.019s] -- Detecting CXX compiler ABI info
[1.179s] -- Detecting CXX compiler ABI info - done
[1.195s] -- Detecting CXX compile features
[1.196s] -- Detecting CXX compile features - done
[1.199s] -- Found ament_cmake: 0.9.12 (/opt/ros/foxy/share/ament_cmake/cmake)
[1.236s] -- Found PythonInterp: /usr/bin/python3 (found suitable version "3.8.10", minimum required is "3") 
[1.236s] -- Using PYTHON_EXECUTABLE: /usr/bin/python3
[1.531s] -- Found rosidl_default_generators: 1.0.1 (/opt/ros/foxy/share/rosidl_default_generators/cmake)
[1.535s] -- Using all available rosidl_typesupport_c: rosidl_typesupport_fastrtps_c;rosidl_typesupport_introspection_c
[1.544s] -- Found rosidl_adapter: 1.3.1 (/opt/ros/foxy/share/rosidl_adapter/cmake)
[1.760s] -- Found OpenSSL: /usr/lib/aarch64-linux-gnu/libcrypto.so (found version "1.1.1f")  
[1.827s] -- Found FastRTPS: /opt/ros/foxy/include  
[1.972s] -- Using all available rosidl_typesupport_cpp: rosidl_typesupport_fastrtps_cpp;rosidl_typesupport_introspection_cpp
[2.039s] -- Found PythonInterp: /usr/bin/python3 (found version "3.8.10") 
[2.211s] -- Found ament_cmake_ros: 0.9.2 (/opt/ros/foxy/share/ament_cmake_ros/cmake)
[2.430s] -- Using all available rosidl_typesupport_c: rosidl_typesupport_fastrtps_c;rosidl_typesupport_introspection_c
[2.440s] -- Using all available rosidl_typesupport_cpp: rosidl_typesupport_fastrtps_cpp;rosidl_typesupport_introspection_cpp
[2.475s] -- Found PythonInterp: /usr/bin/python3 (found suitable version "3.8.10", minimum required is "3.5") 
[2.477s] -- Found python_cmake_module: 0.8.1 (/opt/ros/foxy/share/python_cmake_module/cmake)
[2.519s] -- Found PythonLibs: /usr/lib/aarch64-linux-gnu/libpython3.8.so (found suitable version "3.8.10", minimum required is "3.5") 
[2.519s] -- Using PYTHON_EXECUTABLE: /usr/bin/python3
[2.520s] -- Using PYTHON_INCLUDE_DIRS: /usr/include/python3.8
[2.520s] -- Using PYTHON_LIBRARIES: /usr/lib/aarch64-linux-gnu/libpython3.8.so
[2.556s] -- Found PythonExtra: .so  
[2.615s] -- Found ament_lint_auto: 0.9.8 (/opt/ros/foxy/share/ament_lint_auto/cmake)
[2.640s] -- Added test 'copyright' to check source files copyright and LICENSE
[2.644s] -- Added test 'flake8' to check Python code syntax and style conventions
[2.644s] -- Added test 'lint_cmake' to check CMake code style
[2.645s] -- Added test 'pep257' to check Python code against some of the style conventions in PEP 257
[2.647s] -- Added test 'xmllint' to check XML markup files
[2.654s] -- Configuring done
[2.702s] -- Generating done
[2.718s] -- Build files have been written to: /home/illuminance_measurement_robot/ROS2_WS/build/power_measurement
[2.736s] Invoked command in '/home/illuminance_measurement_robot/ROS2_WS/build/power_measurement' returned '0': CMAKE_PREFIX_PATH=/opt/ros/foxy /usr/bin/cmake /home/illuminance_measurement_robot/ROS2_WS/src/power_measurement -DCMAKE_INSTALL_PREFIX=/home/illuminance_measurement_robot/ROS2_WS/install/power_measurement
[2.741s] Invoking command in '/home/illuminance_measurement_robot/ROS2_WS/build/power_measurement': CMAKE_PREFIX_PATH=/opt/ros/foxy /usr/bin/cmake --build /home/illuminance_measurement_robot/ROS2_WS/build/power_measurement -- -j4 -l4
[2.821s] [  3%] [34m[1mGenerating C code for ROS interfaces[0m
[2.821s] [35m[1mScanning dependencies of target power_measurement__cpp[0m
[2.842s] [  6%] [34m[1mGenerating C++ code for ROS interfaces[0m
[3.186s] [35m[1mScanning dependencies of target power_measurement__rosidl_generator_c[0m
[3.206s] [  6%] Built target power_measurement__cpp
[3.207s] [  9%] [32mBuilding C object CMakeFiles/power_measurement__rosidl_generator_c.dir/rosidl_generator_c/power_measurement/msg/detail/ina228_sensor__functions.c.o[0m
[3.231s] [ 19%] [34m[1mGenerating C++ type support for eProsima Fast-RTPS[0m
[3.231s] [ 19%] [34m[1mGenerating C++ introspection for ROS interfaces[0m
[3.231s] [ 19%] [34m[1mGenerating C++ type support dispatch for ROS interfaces[0m
[3.327s] [ 22%] [32m[1mLinking C shared library libpower_measurement__rosidl_generator_c.so[0m
[3.405s] [ 22%] Built target power_measurement__rosidl_generator_c
[3.431s] [ 25%] [34m[1mGenerating C introspection for ROS interfaces[0m
[3.613s] [35m[1mScanning dependencies of target power_measurement__rosidl_typesupport_cpp[0m
[3.648s] [ 29%] [32mBuilding CXX object CMakeFiles/power_measurement__rosidl_typesupport_cpp.dir/rosidl_typesupport_cpp/power_measurement/msg/ina228_sensor__type_support.cpp.o[0m
[3.672s] [35m[1mScanning dependencies of target power_measurement__rosidl_typesupport_fastrtps_cpp[0m
[3.682s] [35m[1mScanning dependencies of target power_measurement__rosidl_typesupport_introspection_cpp[0m
[3.712s] [ 32%] [32mBuilding CXX object CMakeFiles/power_measurement__rosidl_typesupport_introspection_cpp.dir/rosidl_typesupport_introspection_cpp/power_measurement/msg/detail/ina228_sensor__type_support.cpp.o[0m
[3.713s] [ 35%] [32mBuilding CXX object CMakeFiles/power_measurement__rosidl_typesupport_fastrtps_cpp.dir/rosidl_typesupport_fastrtps_cpp/power_measurement/msg/detail/dds_fastrtps/ina228_sensor__type_support.cpp.o[0m
[3.858s] [35m[1mScanning dependencies of target power_measurement__rosidl_typesupport_introspection_c[0m
[3.890s] [ 38%] [32mBuilding C object CMakeFiles/power_measurement__rosidl_typesupport_introspection_c.dir/rosidl_typesupport_introspection_c/power_measurement/msg/detail/ina228_sensor__type_support.c.o[0m
[3.972s] [ 41%] [32m[1mLinking C shared library libpower_measurement__rosidl_typesupport_introspection_c.so[0m
[4.046s] [ 41%] Built target power_measurement__rosidl_typesupport_introspection_c
[4.073s] [ 45%] [34m[1mGenerating C type support dispatch for ROS interfaces[0m
[4.226s] [ 48%] [32m[1mLinking CXX shared library libpower_measurement__rosidl_typesupport_cpp.so[0m
[4.323s] [ 48%] Built target power_measurement__rosidl_typesupport_cpp
[4.331s] [ 51%] [32m[1mLinking CXX shared library libpower_measurement__rosidl_typesupport_introspection_cpp.so[0m
[4.412s] [ 51%] Built target power_measurement__rosidl_typesupport_introspection_cpp
[4.465s] [35m[1mScanning dependencies of target power_measurement__rosidl_typesupport_c[0m
[4.490s] [ 54%] [32mBuilding CXX object CMakeFiles/power_measurement__rosidl_typesupport_c.dir/rosidl_typesupport_c/power_measurement/msg/ina228_sensor__type_support.cpp.o[0m
[4.541s] [ 58%] [32m[1mLinking CXX shared library libpower_measurement__rosidl_typesupport_fastrtps_cpp.so[0m
[4.557s] [ 61%] [32m[1mLinking CXX shared library libpower_measurement__rosidl_typesupport_c.so[0m
[4.640s] [ 61%] Built target power_measurement__rosidl_typesupport_c
[4.737s] [ 61%] Built target power_measurement__rosidl_typesupport_fastrtps_cpp
[4.758s] [ 64%] [34m[1mGenerating C type support for eProsima Fast-RTPS[0m
[5.066s] [35m[1mScanning dependencies of target power_measurement__rosidl_typesupport_fastrtps_c[0m
[5.092s] [ 67%] [32mBuilding CXX object CMakeFiles/power_measurement__rosidl_typesupport_fastrtps_c.dir/rosidl_typesupport_fastrtps_c/power_measurement/msg/detail/ina228_sensor__type_support_c.cpp.o[0m
[5.596s] [ 70%] [32m[1mLinking CXX shared library libpower_measurement__rosidl_typesupport_fastrtps_c.so[0m
[5.809s] [ 70%] Built target power_measurement__rosidl_typesupport_fastrtps_c
[5.829s] [35m[1mScanning dependencies of target power_measurement[0m
[5.849s] [ 70%] Built target power_measurement
[5.870s] [35m[1mScanning dependencies of target power_measurement__py[0m
[5.891s] [ 74%] [34m[1mGenerating Python code for ROS interfaces[0m
[6.497s] [ 74%] Built target power_measurement__py
[6.518s] [35m[1mScanning dependencies of target power_measurement__python[0m
[6.549s] [ 77%] [32mBuilding C object CMakeFiles/power_measurement__python.dir/rosidl_generator_py/power_measurement/msg/_ina228_sensor_s.c.o[0m
[6.718s] [ 80%] [32m[1mLinking C shared library rosidl_generator_py/power_measurement/libpower_measurement__python.so[0m
[6.804s] [ 80%] Built target power_measurement__python
[6.830s] [35m[1mScanning dependencies of target power_measurement__rosidl_typesupport_introspection_c__pyext[0m
[6.831s] [35m[1mScanning dependencies of target power_measurement__rosidl_typesupport_fastrtps_c__pyext[0m
[6.831s] [35m[1mScanning dependencies of target power_measurement__rosidl_typesupport_c__pyext[0m
[6.870s] [ 83%] [32mBuilding C object CMakeFiles/power_measurement__rosidl_typesupport_introspection_c__pyext.dir/rosidl_generator_py/power_measurement/_power_measurement_s.ep.rosidl_typesupport_introspection_c.c.o[0m
[6.870s] [ 90%] [32mBuilding C object CMakeFiles/power_measurement__rosidl_typesupport_c__pyext.dir/rosidl_generator_py/power_measurement/_power_measurement_s.ep.rosidl_typesupport_c.c.o[0m
[6.870s] [ 90%] [32mBuilding C object CMakeFiles/power_measurement__rosidl_typesupport_fastrtps_c__pyext.dir/rosidl_generator_py/power_measurement/_power_measurement_s.ep.rosidl_typesupport_fastrtps_c.c.o[0m
[7.058s] [ 93%] [32m[1mLinking C shared library rosidl_generator_py/power_measurement/power_measurement_s__rosidl_typesupport_c.cpython-38-aarch64-linux-gnu.so[0m
[7.058s] [ 96%] [32m[1mLinking CXX shared library rosidl_generator_py/power_measurement/power_measurement_s__rosidl_typesupport_fastrtps_c.cpython-38-aarch64-linux-gnu.so[0m
[7.065s] [100%] [32m[1mLinking C shared library rosidl_generator_py/power_measurement/power_measurement_s__rosidl_typesupport_introspection_c.cpython-38-aarch64-linux-gnu.so[0m
[7.165s] [100%] Built target power_measurement__rosidl_typesupport_introspection_c__pyext
[7.166s] [100%] Built target power_measurement__rosidl_typesupport_c__pyext
[7.215s] [100%] Built target power_measurement__rosidl_typesupport_fastrtps_c__pyext
[7.238s] Invoked command in '/home/illuminance_measurement_robot/ROS2_WS/build/power_measurement' returned '0': CMAKE_PREFIX_PATH=/opt/ros/foxy /usr/bin/cmake --build /home/illuminance_measurement_robot/ROS2_WS/build/power_measurement -- -j4 -l4
[7.273s] Invoking command in '/home/illuminance_measurement_robot/ROS2_WS/build/power_measurement': CMAKE_PREFIX_PATH=/opt/ros/foxy /usr/bin/cmake --install /home/illuminance_measurement_robot/ROS2_WS/build/power_measurement
[7.293s] -- Install configuration: ""
[7.294s] -- Installing: /home/illuminance_measurement_robot/ROS2_WS/install/power_measurement/share/ament_index/resource_index/rosidl_interfaces/power_measurement
[7.294s] -- Installing: /home/illuminance_measurement_robot/ROS2_WS/install/power_measurement/include/power_measurement
[7.294s] -- Installing: /home/illuminance_measurement_robot/ROS2_WS/install/power_measurement/include/power_measurement/msg
[7.294s] -- Installing: /home/illuminance_measurement_robot/ROS2_WS/install/power_measurement/include/power_measurement/msg/rosidl_generator_c__visibility_control.h
[7.295s] -- Installing: /home/illuminance_measurement_robot/ROS2_WS/install/power_measurement/include/power_measurement/msg/detail
[7.295s] -- Installing: /home/illuminance_measurement_robot/ROS2_WS/install/power_measurement/include/power_measurement/msg/detail/ina228_sensor__type_support.h
[7.295s] -- Installing: /home/illuminance_measurement_robot/ROS2_WS/install/power_measurement/include/power_measurement/msg/detail/ina228_sensor__functions.c
[7.295s] -- Installing: /home/illuminance_measurement_robot/ROS2_WS/install/power_measurement/include/power_measurement/msg/detail/ina228_sensor__struct.h
[7.295s] -- Installing: /home/illuminance_measurement_robot/ROS2_WS/install/power_measurement/include/power_measurement/msg/detail/ina228_sensor__functions.h
[7.296s] -- Installing: /home/illuminance_measurement_robot/ROS2_WS/install/power_measurement/include/power_measurement/msg/ina228_sensor.h
[7.296s] -- Installing: /home/illuminance_measurement_robot/ROS2_WS/install/power_measurement/share/power_measurement/environment/library_path.sh
[7.296s] -- Installing: /home/illuminance_measurement_robot/ROS2_WS/install/power_measurement/share/power_measurement/environment/library_path.dsv
[7.297s] -- Installing: /home/illuminance_measurement_robot/ROS2_WS/install/power_measurement/lib/libpower_measurement__rosidl_generator_c.so
[7.297s] -- Set runtime path of "/home/illuminance_measurement_robot/ROS2_WS/install/power_measurement/lib/libpower_measurement__rosidl_generator_c.so" to ""
[7.297s] -- Up-to-date: /home/illuminance_measurement_robot/ROS2_WS/install/power_measurement/include/power_measurement
[7.298s] -- Up-to-date: /home/illuminance_measurement_robot/ROS2_WS/install/power_measurement/include/power_measurement/msg
[7.298s] -- Installing: /home/illuminance_measurement_robot/ROS2_WS/install/power_measurement/include/power_measurement/msg/rosidl_typesupport_fastrtps_c__visibility_control.h
[7.298s] -- Up-to-date: /home/illuminance_measurement_robot/ROS2_WS/install/power_measurement/include/power_measurement/msg/detail
[7.298s] -- Installing: /home/illuminance_measurement_robot/ROS2_WS/install/power_measurement/include/power_measurement/msg/detail/ina228_sensor__rosidl_typesupport_fastrtps_c.h
[7.299s] -- Installing: /home/illuminance_measurement_robot/ROS2_WS/install/power_measurement/lib/libpower_measurement__rosidl_typesupport_fastrtps_c.so
[7.299s] -- Set runtime path of "/home/illuminance_measurement_robot/ROS2_WS/install/power_measurement/lib/libpower_measurement__rosidl_typesupport_fastrtps_c.so" to ""
[7.299s] -- Up-to-date: /home/illuminance_measurement_robot/ROS2_WS/install/power_measurement/include/power_measurement
[7.300s] -- Up-to-date: /home/illuminance_measurement_robot/ROS2_WS/install/power_measurement/include/power_measurement/msg
[7.300s] -- Up-to-date: /home/illuminance_measurement_robot/ROS2_WS/install/power_measurement/include/power_measurement/msg/detail
[7.300s] -- Installing: /home/illuminance_measurement_robot/ROS2_WS/install/power_measurement/include/power_measurement/msg/detail/dds_fastrtps
[7.300s] -- Installing: /home/illuminance_measurement_robot/ROS2_WS/install/power_measurement/include/power_measurement/msg/detail/ina228_sensor__rosidl_typesupport_fastrtps_cpp.hpp
[7.300s] -- Installing: /home/illuminance_measurement_robot/ROS2_WS/install/power_measurement/include/power_measurement/msg/rosidl_typesupport_fastrtps_cpp__visibility_control.h
[7.300s] -- Installing: /home/illuminance_measurement_robot/ROS2_WS/install/power_measurement/lib/libpower_measurement__rosidl_typesupport_fastrtps_cpp.so
[7.301s] -- Set runtime path of "/home/illuminance_measurement_robot/ROS2_WS/install/power_measurement/lib/libpower_measurement__rosidl_typesupport_fastrtps_cpp.so" to ""
[7.302s] -- Up-to-date: /home/illuminance_measurement_robot/ROS2_WS/install/power_measurement/include/power_measurement
[7.302s] -- Up-to-date: /home/illuminance_measurement_robot/ROS2_WS/install/power_measurement/include/power_measurement/msg
[7.302s] -- Up-to-date: /home/illuminance_measurement_robot/ROS2_WS/install/power_measurement/include/power_measurement/msg/detail
[7.302s] -- Installing: /home/illuminance_measurement_robot/ROS2_WS/install/power_measurement/include/power_measurement/msg/detail/ina228_sensor__type_support.c
[7.303s] -- Installing: /home/illuminance_measurement_robot/ROS2_WS/install/power_measurement/include/power_measurement/msg/detail/ina228_sensor__rosidl_typesupport_introspection_c.h
[7.303s] -- Installing: /home/illuminance_measurement_robot/ROS2_WS/install/power_measurement/include/power_measurement/msg/rosidl_typesupport_introspection_c__visibility_control.h
[7.303s] -- Installing: /home/illuminance_measurement_robot/ROS2_WS/install/power_measurement/lib/libpower_measurement__rosidl_typesupport_introspection_c.so
[7.304s] -- Set runtime path of "/home/illuminance_measurement_robot/ROS2_WS/install/power_measurement/lib/libpower_measurement__rosidl_typesupport_introspection_c.so" to ""
[7.304s] -- Installing: /home/illuminance_measurement_robot/ROS2_WS/install/power_measurement/lib/libpower_measurement__rosidl_typesupport_c.so
[7.305s] -- Set runtime path of "/home/illuminance_measurement_robot/ROS2_WS/install/power_measurement/lib/libpower_measurement__rosidl_typesupport_c.so" to ""
[7.305s] -- Up-to-date: /home/illuminance_measurement_robot/ROS2_WS/install/power_measurement/include/power_measurement
[7.305s] -- Up-to-date: /home/illuminance_measurement_robot/ROS2_WS/install/power_measurement/include/power_measurement/msg
[7.305s] -- Up-to-date: /home/illuminance_measurement_robot/ROS2_WS/install/power_measurement/include/power_measurement/msg/detail
[7.306s] -- Installing: /home/illuminance_measurement_robot/ROS2_WS/install/power_measurement/include/power_measurement/msg/detail/ina228_sensor__type_support.hpp
[7.306s] -- Installing: /home/illuminance_measurement_robot/ROS2_WS/install/power_measurement/include/power_measurement/msg/detail/ina228_sensor__struct.hpp
[7.306s] -- Installing: /home/illuminance_measurement_robot/ROS2_WS/install/power_measurement/include/power_measurement/msg/detail/ina228_sensor__traits.hpp
[7.306s] -- Installing: /home/illuminance_measurement_robot/ROS2_WS/install/power_measurement/include/power_measurement/msg/detail/ina228_sensor__builder.hpp
[7.306s] -- Installing: /home/illuminance_measurement_robot/ROS2_WS/install/power_measurement/include/power_measurement/msg/ina228_sensor.hpp
[7.307s] -- Installing: /home/illuminance_measurement_robot/ROS2_WS/install/power_measurement/include/power_measurement/msg/rosidl_generator_cpp__visibility_control.hpp
[7.307s] -- Up-to-date: /home/illuminance_measurement_robot/ROS2_WS/install/power_measurement/include/power_measurement
[7.307s] -- Up-to-date: /home/illuminance_measurement_robot/ROS2_WS/install/power_measurement/include/power_measurement/msg
[7.307s] -- Up-to-date: /home/illuminance_measurement_robot/ROS2_WS/install/power_measurement/include/power_measurement/msg/detail
[7.307s] -- Installing: /home/illuminance_measurement_robot/ROS2_WS/install/power_measurement/include/power_measurement/msg/detail/ina228_sensor__type_support.cpp
[7.308s] -- Installing: /home/illuminance_measurement_robot/ROS2_WS/install/power_measurement/include/power_measurement/msg/detail/ina228_sensor__rosidl_typesupport_introspection_cpp.hpp
[7.308s] -- Installing: /home/illuminance_measurement_robot/ROS2_WS/install/power_measurement/lib/libpower_measurement__rosidl_typesupport_introspection_cpp.so
[7.309s] -- Set runtime path of "/home/illuminance_measurement_robot/ROS2_WS/install/power_measurement/lib/libpower_measurement__rosidl_typesupport_introspection_cpp.so" to ""
[7.309s] -- Installing: /home/illuminance_measurement_robot/ROS2_WS/install/power_measurement/lib/libpower_measurement__rosidl_typesupport_cpp.so
[7.309s] -- Set runtime path of "/home/illuminance_measurement_robot/ROS2_WS/install/power_measurement/lib/libpower_measurement__rosidl_typesupport_cpp.so" to ""
[7.309s] -- Installing: /home/illuminance_measurement_robot/ROS2_WS/install/power_measurement/share/power_measurement/environment/pythonpath.sh
[7.310s] -- Installing: /home/illuminance_measurement_robot/ROS2_WS/install/power_measurement/share/power_measurement/environment/pythonpath.dsv
[7.310s] -- Installing: /home/illuminance_measurement_robot/ROS2_WS/install/power_measurement/lib/python3.8/site-packages/power_measurement/__init__.py
[7.366s] Compiling '/home/illuminance_measurement_robot/ROS2_WS/install/power_measurement/lib/python3.8/site-packages/power_measurement/__init__.py'...
[7.376s] -- Installing: /home/illuminance_measurement_robot/ROS2_WS/install/power_measurement/lib/python3.8/site-packages/power_measurement/msg
[7.376s] -- Installing: /home/illuminance_measurement_robot/ROS2_WS/install/power_measurement/lib/python3.8/site-packages/power_measurement/msg/_ina228_sensor.py
[7.376s] -- Installing: /home/illuminance_measurement_robot/ROS2_WS/install/power_measurement/lib/python3.8/site-packages/power_measurement/msg/_ina228_sensor_s.c
[7.376s] -- Installing: /home/illuminance_measurement_robot/ROS2_WS/install/power_measurement/lib/python3.8/site-packages/power_measurement/msg/__init__.py
[7.377s] -- Installing: /home/illuminance_measurement_robot/ROS2_WS/install/power_measurement/lib/python3.8/site-packages/power_measurement/power_measurement_s__rosidl_typesupport_fastrtps_c.cpython-38-aarch64-linux-gnu.so
[7.378s] -- Set runtime path of "/home/illuminance_measurement_robot/ROS2_WS/install/power_measurement/lib/python3.8/site-packages/power_measurement/power_measurement_s__rosidl_typesupport_fastrtps_c.cpython-38-aarch64-linux-gnu.so" to ""
[7.378s] -- Installing: /home/illuminance_measurement_robot/ROS2_WS/install/power_measurement/lib/python3.8/site-packages/power_measurement/power_measurement_s__rosidl_typesupport_introspection_c.cpython-38-aarch64-linux-gnu.so
[7.379s] -- Set runtime path of "/home/illuminance_measurement_robot/ROS2_WS/install/power_measurement/lib/python3.8/site-packages/power_measurement/power_measurement_s__rosidl_typesupport_introspection_c.cpython-38-aarch64-linux-gnu.so" to ""
[7.379s] -- Installing: /home/illuminance_measurement_robot/ROS2_WS/install/power_measurement/lib/python3.8/site-packages/power_measurement/power_measurement_s__rosidl_typesupport_c.cpython-38-aarch64-linux-gnu.so
[7.380s] -- Set runtime path of "/home/illuminance_measurement_robot/ROS2_WS/install/power_measurement/lib/python3.8/site-packages/power_measurement/power_measurement_s__rosidl_typesupport_c.cpython-38-aarch64-linux-gnu.so" to ""
[7.380s] -- Installing: /home/illuminance_measurement_robot/ROS2_WS/install/power_measurement/lib/libpower_measurement__python.so
[7.380s] -- Set runtime path of "/home/illuminance_measurement_robot/ROS2_WS/install/power_measurement/lib/libpower_measurement__python.so" to ""
[7.381s] -- Installing: /home/illuminance_measurement_robot/ROS2_WS/install/power_measurement/share/power_measurement/msg/Ina228Sensor.idl
[7.381s] -- Installing: /home/illuminance_measurement_robot/ROS2_WS/install/power_measurement/share/power_measurement/msg/Ina228Sensor.msg
[7.381s] -- Installing: /home/illuminance_measurement_robot/ROS2_WS/install/power_measurement/share/ament_index/resource_index/package_run_dependencies/power_measurement
[7.382s] -- Installing: /home/illuminance_measurement_robot/ROS2_WS/install/power_measurement/share/ament_index/resource_index/parent_prefix_path/power_measurement
[7.382s] -- Installing: /home/illuminance_measurement_robot/ROS2_WS/install/power_measurement/share/power_measurement/environment/ament_prefix_path.sh
[7.382s] -- Installing: /home/illuminance_measurement_robot/ROS2_WS/install/power_measurement/share/power_measurement/environment/ament_prefix_path.dsv
[7.382s] -- Installing: /home/illuminance_measurement_robot/ROS2_WS/install/power_measurement/share/power_measurement/environment/path.sh
[7.383s] -- Installing: /home/illuminance_measurement_robot/ROS2_WS/install/power_measurement/share/power_measurement/environment/path.dsv
[7.383s] -- Installing: /home/illuminance_measurement_robot/ROS2_WS/install/power_measurement/share/power_measurement/local_setup.bash
[7.383s] -- Installing: /home/illuminance_measurement_robot/ROS2_WS/install/power_measurement/share/power_measurement/local_setup.sh
[7.384s] -- Installing: /home/illuminance_measurement_robot/ROS2_WS/install/power_measurement/share/power_measurement/local_setup.zsh
[7.384s] -- Installing: /home/illuminance_measurement_robot/ROS2_WS/install/power_measurement/share/power_measurement/local_setup.dsv
[7.384s] -- Installing: /home/illuminance_measurement_robot/ROS2_WS/install/power_measurement/share/power_measurement/package.dsv
[7.385s] -- Installing: /home/illuminance_measurement_robot/ROS2_WS/install/power_measurement/share/ament_index/resource_index/packages/power_measurement
[7.385s] -- Installing: /home/illuminance_measurement_robot/ROS2_WS/install/power_measurement/share/power_measurement/cmake/power_measurement__rosidl_generator_cExport.cmake
[7.385s] -- Installing: /home/illuminance_measurement_robot/ROS2_WS/install/power_measurement/share/power_measurement/cmake/power_measurement__rosidl_generator_cExport-noconfig.cmake
[7.386s] -- Installing: /home/illuminance_measurement_robot/ROS2_WS/install/power_measurement/share/power_measurement/cmake/power_measurement__rosidl_typesupport_introspection_cExport.cmake
[7.386s] -- Installing: /home/illuminance_measurement_robot/ROS2_WS/install/power_measurement/share/power_measurement/cmake/power_measurement__rosidl_typesupport_introspection_cExport-noconfig.cmake
[7.387s] -- Installing: /home/illuminance_measurement_robot/ROS2_WS/install/power_measurement/share/power_measurement/cmake/power_measurement__rosidl_typesupport_cExport.cmake
[7.387s] -- Installing: /home/illuminance_measurement_robot/ROS2_WS/install/power_measurement/share/power_measurement/cmake/power_measurement__rosidl_typesupport_cExport-noconfig.cmake
[7.387s] -- Installing: /home/illuminance_measurement_robot/ROS2_WS/install/power_measurement/share/power_measurement/cmake/power_measurement__rosidl_generator_cppExport.cmake
[7.388s] -- Installing: /home/illuminance_measurement_robot/ROS2_WS/install/power_measurement/share/power_measurement/cmake/power_measurement__rosidl_typesupport_introspection_cppExport.cmake
[7.388s] -- Installing: /home/illuminance_measurement_robot/ROS2_WS/install/power_measurement/share/power_measurement/cmake/power_measurement__rosidl_typesupport_introspection_cppExport-noconfig.cmake
[7.388s] -- Installing: /home/illuminance_measurement_robot/ROS2_WS/install/power_measurement/share/power_measurement/cmake/power_measurement__rosidl_typesupport_cppExport.cmake
[7.389s] -- Installing: /home/illuminance_measurement_robot/ROS2_WS/install/power_measurement/share/power_measurement/cmake/power_measurement__rosidl_typesupport_cppExport-noconfig.cmake
[7.389s] -- Installing: /home/illuminance_measurement_robot/ROS2_WS/install/power_measurement/share/power_measurement/cmake/rosidl_cmake-extras.cmake
[7.389s] -- Installing: /home/illuminance_measurement_robot/ROS2_WS/install/power_measurement/share/power_measurement/cmake/ament_cmake_export_dependencies-extras.cmake
[7.390s] -- Installing: /home/illuminance_measurement_robot/ROS2_WS/install/power_measurement/share/power_measurement/cmake/ament_cmake_export_libraries-extras.cmake
[7.390s] -- Installing: /home/illuminance_measurement_robot/ROS2_WS/install/power_measurement/share/power_measurement/cmake/ament_cmake_export_targets-extras.cmake
[7.390s] -- Installing: /home/illuminance_measurement_robot/ROS2_WS/install/power_measurement/share/power_measurement/cmake/ament_cmake_export_include_directories-extras.cmake
[7.391s] -- Installing: /home/illuminance_measurement_robot/ROS2_WS/install/power_measurement/share/power_measurement/cmake/rosidl_cmake_export_typesupport_libraries-extras.cmake
[7.391s] -- Installing: /home/illuminance_measurement_robot/ROS2_WS/install/power_measurement/share/power_measurement/cmake/rosidl_cmake_export_typesupport_targets-extras.cmake
[7.391s] -- Installing: /home/illuminance_measurement_robot/ROS2_WS/install/power_measurement/share/power_measurement/cmake/power_measurementConfig.cmake
[7.391s] -- Installing: /home/illuminance_measurement_robot/ROS2_WS/install/power_measurement/share/power_measurement/cmake/power_measurementConfig-version.cmake
[7.392s] -- Installing: /home/illuminance_measurement_robot/ROS2_WS/install/power_measurement/share/power_measurement/package.xml
[7.392s] -- Installing: /home/illuminance_measurement_robot/ROS2_WS/install/power_measurement/lib/power_measurement/power_measurement_node.py
[7.392s] -- Up-to-date: /home/illuminance_measurement_robot/ROS2_WS/install/power_measurement/lib/python3.8/site-packages/power_measurement
[7.393s] -- Installing: /home/illuminance_measurement_robot/ROS2_WS/install/power_measurement/lib/python3.8/site-packages/power_measurement/ina228_driver.py
[7.393s] -- Installing: /home/illuminance_measurement_robot/ROS2_WS/install/power_measurement/lib/python3.8/site-packages/power_measurement/__init__.py
[7.393s] -- Installing: /home/illuminance_measurement_robot/ROS2_WS/install/power_measurement/lib/python3.8/site-packages/power_measurement/power_measurement_node.py
[7.398s] Invoked command in '/home/illuminance_measurement_robot/ROS2_WS/build/power_measurement' returned '0': CMAKE_PREFIX_PATH=/opt/ros/foxy /usr/bin/cmake --install /home/illuminance_measurement_robot/ROS2_WS/build/power_measurement
