running egg_info
creating ../../build/imu/imu.egg-info
writing ../../build/imu/imu.egg-info/PKG-INFO
writing dependency_links to ../../build/imu/imu.egg-info/dependency_links.txt
writing entry points to ../../build/imu/imu.egg-info/entry_points.txt
writing requirements to ../../build/imu/imu.egg-info/requires.txt
writing top-level names to ../../build/imu/imu.egg-info/top_level.txt
writing manifest file '../../build/imu/imu.egg-info/SOURCES.txt'
reading manifest file '../../build/imu/imu.egg-info/SOURCES.txt'
writing manifest file '../../build/imu/imu.egg-info/SOURCES.txt'
running build
running build_py
creating /home/illuminance_measurement_robot/ROS2_WS/build/imu/build
creating /home/illuminance_measurement_robot/ROS2_WS/build/imu/build/lib
creating /home/illuminance_measurement_robot/ROS2_WS/build/imu/build/lib/imu
copying imu/imu_driver.py -> /home/illuminance_measurement_robot/ROS2_WS/build/imu/build/lib/imu
copying imu/debug_imu.py -> /home/illuminance_measurement_robot/ROS2_WS/build/imu/build/lib/imu
copying imu/imu.py -> /home/illuminance_measurement_robot/ROS2_WS/build/imu/build/lib/imu
copying imu/__init__.py -> /home/illuminance_measurement_robot/ROS2_WS/build/imu/build/lib/imu
running install
running install_lib
creating /home/illuminance_measurement_robot/ROS2_WS/install/imu/lib/python3.8/site-packages/imu
copying /home/illuminance_measurement_robot/ROS2_WS/build/imu/build/lib/imu/imu_driver.py -> /home/illuminance_measurement_robot/ROS2_WS/install/imu/lib/python3.8/site-packages/imu
copying /home/illuminance_measurement_robot/ROS2_WS/build/imu/build/lib/imu/debug_imu.py -> /home/illuminance_measurement_robot/ROS2_WS/install/imu/lib/python3.8/site-packages/imu
copying /home/illuminance_measurement_robot/ROS2_WS/build/imu/build/lib/imu/imu.py -> /home/illuminance_measurement_robot/ROS2_WS/install/imu/lib/python3.8/site-packages/imu
copying /home/illuminance_measurement_robot/ROS2_WS/build/imu/build/lib/imu/__init__.py -> /home/illuminance_measurement_robot/ROS2_WS/install/imu/lib/python3.8/site-packages/imu
byte-compiling /home/illuminance_measurement_robot/ROS2_WS/install/imu/lib/python3.8/site-packages/imu/imu_driver.py to imu_driver.cpython-38.pyc
byte-compiling /home/illuminance_measurement_robot/ROS2_WS/install/imu/lib/python3.8/site-packages/imu/debug_imu.py to debug_imu.cpython-38.pyc
byte-compiling /home/illuminance_measurement_robot/ROS2_WS/install/imu/lib/python3.8/site-packages/imu/imu.py to imu.cpython-38.pyc
byte-compiling /home/illuminance_measurement_robot/ROS2_WS/install/imu/lib/python3.8/site-packages/imu/__init__.py to __init__.cpython-38.pyc
running install_data
creating /home/illuminance_measurement_robot/ROS2_WS/install/imu/share/ament_index
creating /home/illuminance_measurement_robot/ROS2_WS/install/imu/share/ament_index/resource_index
creating /home/illuminance_measurement_robot/ROS2_WS/install/imu/share/ament_index/resource_index/packages
copying resource/imu -> /home/illuminance_measurement_robot/ROS2_WS/install/imu/share/ament_index/resource_index/packages
copying package.xml -> /home/illuminance_measurement_robot/ROS2_WS/install/imu/share/imu
running install_egg_info
Copying ../../build/imu/imu.egg-info to /home/illuminance_measurement_robot/ROS2_WS/install/imu/lib/python3.8/site-packages/imu-0.0.0-py3.8.egg-info
running install_scripts
Installing imu_odometry_publisher script to /home/illuminance_measurement_robot/ROS2_WS/install/imu/lib/imu
writing list of installed files to '/home/illuminance_measurement_robot/ROS2_WS/build/imu/install.log'
