[1.929s] Invoking command in '/home/illuminance_measurement_robot/ROS2_WS/src/brightness_measurement': PYTHONPATH=/home/illuminance_measurement_robot/ROS2_WS/build/brightness_measurement/prefix_override:/usr/lib/python3/dist-packages/colcon_core/task/python/colcon_distutils_commands:/home/illuminance_measurement_robot/ROS2_WS/install/brightness_measurement/lib/python3.8/site-packages:${PYTHONPATH} /usr/bin/python3 -W ignore:setup.py install is deprecated -W ignore:easy_install command is deprecated setup.py egg_info --egg-base ../../build/brightness_measurement build --build-base /home/illuminance_measurement_robot/ROS2_WS/build/brightness_measurement/build install --record /home/illuminance_measurement_robot/ROS2_WS/build/brightness_measurement/install.log --install-scripts $base/lib/brightness_measurement --single-version-externally-managed install_data
[2.421s] running egg_info
[2.421s] writing ../../build/brightness_measurement/brightness_measurement.egg-info/PKG-INFO
[2.422s] writing dependency_links to ../../build/brightness_measurement/brightness_measurement.egg-info/dependency_links.txt
[2.425s] writing entry points to ../../build/brightness_measurement/brightness_measurement.egg-info/entry_points.txt
[2.430s] writing requirements to ../../build/brightness_measurement/brightness_measurement.egg-info/requires.txt
[2.431s] writing top-level names to ../../build/brightness_measurement/brightness_measurement.egg-info/top_level.txt
[2.492s] reading manifest file '../../build/brightness_measurement/brightness_measurement.egg-info/SOURCES.txt'
[2.495s] writing manifest file '../../build/brightness_measurement/brightness_measurement.egg-info/SOURCES.txt'
[2.495s] running build
[2.496s] running build_py
[2.499s] running install
[2.501s] running install_lib
[2.507s] running install_data
[2.507s] running install_egg_info
[2.513s] removing '/home/illuminance_measurement_robot/ROS2_WS/install/brightness_measurement/lib/python3.8/site-packages/brightness_measurement-0.0.0-py3.8.egg-info' (and everything under it)
[2.513s] Copying ../../build/brightness_measurement/brightness_measurement.egg-info to /home/illuminance_measurement_robot/ROS2_WS/install/brightness_measurement/lib/python3.8/site-packages/brightness_measurement-0.0.0-py3.8.egg-info
[2.516s] running install_scripts
[2.556s] Installing brightness_measurement_node script to /home/illuminance_measurement_robot/ROS2_WS/install/brightness_measurement/lib/brightness_measurement
[2.557s] writing list of installed files to '/home/illuminance_measurement_robot/ROS2_WS/build/brightness_measurement/install.log'
[2.661s] Invoked command in '/home/illuminance_measurement_robot/ROS2_WS/src/brightness_measurement' returned '0': PYTHONPATH=/home/illuminance_measurement_robot/ROS2_WS/build/brightness_measurement/prefix_override:/usr/lib/python3/dist-packages/colcon_core/task/python/colcon_distutils_commands:/home/illuminance_measurement_robot/ROS2_WS/install/brightness_measurement/lib/python3.8/site-packages:${PYTHONPATH} /usr/bin/python3 -W ignore:setup.py install is deprecated -W ignore:easy_install command is deprecated setup.py egg_info --egg-base ../../build/brightness_measurement build --build-base /home/illuminance_measurement_robot/ROS2_WS/build/brightness_measurement/build install --record /home/illuminance_measurement_robot/ROS2_WS/build/brightness_measurement/install.log --install-scripts $base/lib/brightness_measurement --single-version-externally-managed install_data
