[0.862s] Invoking command in '/home/illuminance_measurement_robot/ROS2_WS/build/power_measurement': /usr/bin/cmake /home/illuminance_measurement_robot/ROS2_WS/src/power_measurement -DCMAKE_INSTALL_PREFIX=/home/illuminance_measurement_robot/ROS2_WS/install/power_measurement
[0.938s] CMake Error at CMakeLists.txt:19 (find_package):
[0.941s]   By not providing "Findament_cmake.cmake" in CMAKE_MODULE_PATH this project
[0.942s]   has asked CMake to find a package configuration file provided by
[0.942s]   "ament_cmake", but CMake did not find one.
[0.942s] 
[0.942s]   Could not find a package configuration file provided by "ament_cmake" with
[0.942s]   any of the following names:
[0.942s] 
[0.942s]     ament_cmakeConfig.cmake
[0.942s]     ament_cmake-config.cmake
[0.942s] 
[0.943s]   Add the installation prefix of "ament_cmake" to CMAKE_PREFIX_PATH or set
[0.943s]   "ament_cmake_DIR" to a directory containing one of the above files.  If
[0.943s]   "ament_cmake" provides a separate development package or SDK, be sure it
[0.943s]   has been installed.
[0.943s] 
[0.943s] 
[0.943s] -- Configuring incomplete, errors occurred!
[0.943s] See also "/home/illuminance_measurement_robot/ROS2_WS/build/power_measurement/CMakeFiles/CMakeOutput.log".
[0.960s] Invoked command in '/home/illuminance_measurement_robot/ROS2_WS/build/power_measurement' returned '1': /usr/bin/cmake /home/illuminance_measurement_robot/ROS2_WS/src/power_measurement -DCMAKE_INSTALL_PREFIX=/home/illuminance_measurement_robot/ROS2_WS/install/power_measurement
