[2.011s] Invoking command in '/home/illuminance_measurement_robot/ROS2_WS/src/imu': PYTHONPATH=/home/illuminance_measurement_robot/ROS2_WS/build/imu/prefix_override:/usr/lib/python3/dist-packages/colcon_core/task/python/colcon_distutils_commands:/home/illuminance_measurement_robot/ROS2_WS/install/imu/lib/python3.8/site-packages:${PYTHONPATH} /usr/bin/python3 -W ignore:setup.py install is deprecated -W ignore:easy_install command is deprecated setup.py egg_info --egg-base ../../build/imu build --build-base /home/illuminance_measurement_robot/ROS2_WS/build/imu/build install --record /home/illuminance_measurement_robot/ROS2_WS/build/imu/install.log --install-scripts $base/lib/imu --single-version-externally-managed install_data
[2.481s] running egg_info
[2.482s] writing ../../build/imu/imu.egg-info/PKG-INFO
[2.483s] writing dependency_links to ../../build/imu/imu.egg-info/dependency_links.txt
[2.483s] writing entry points to ../../build/imu/imu.egg-info/entry_points.txt
[2.483s] writing requirements to ../../build/imu/imu.egg-info/requires.txt
[2.484s] writing top-level names to ../../build/imu/imu.egg-info/top_level.txt
[2.542s] reading manifest file '../../build/imu/imu.egg-info/SOURCES.txt'
[2.543s] writing manifest file '../../build/imu/imu.egg-info/SOURCES.txt'
[2.544s] running build
[2.545s] running build_py
[2.545s] running install
[2.547s] running install_lib
[2.553s] running install_data
[2.553s] running install_egg_info
[2.560s] removing '/home/illuminance_measurement_robot/ROS2_WS/install/imu/lib/python3.8/site-packages/imu-0.0.0-py3.8.egg-info' (and everything under it)
[2.561s] Copying ../../build/imu/imu.egg-info to /home/illuminance_measurement_robot/ROS2_WS/install/imu/lib/python3.8/site-packages/imu-0.0.0-py3.8.egg-info
[2.568s] running install_scripts
[2.620s] Installing imu_odometry_publisher script to /home/illuminance_measurement_robot/ROS2_WS/install/imu/lib/imu
[2.621s] writing list of installed files to '/home/illuminance_measurement_robot/ROS2_WS/build/imu/install.log'
[2.717s] Invoked command in '/home/illuminance_measurement_robot/ROS2_WS/src/imu' returned '0': PYTHONPATH=/home/illuminance_measurement_robot/ROS2_WS/build/imu/prefix_override:/usr/lib/python3/dist-packages/colcon_core/task/python/colcon_distutils_commands:/home/illuminance_measurement_robot/ROS2_WS/install/imu/lib/python3.8/site-packages:${PYTHONPATH} /usr/bin/python3 -W ignore:setup.py install is deprecated -W ignore:easy_install command is deprecated setup.py egg_info --egg-base ../../build/imu build --build-base /home/illuminance_measurement_robot/ROS2_WS/build/imu/build install --record /home/illuminance_measurement_robot/ROS2_WS/build/imu/install.log --install-scripts $base/lib/imu --single-version-externally-managed install_data
