[0.242s] DEBUG:colcon:Command line arguments: ['/usr/bin/colcon', 'build']
[0.242s] DEBUG:colcon:Parsed command line arguments: Namespace(allow_overriding=[], ament_cmake_args=None, base_paths=['.'], build_base='build', catkin_cmake_args=None, catkin_skip_building_tests=False, cmake_args=None, cmake_clean_cache=False, cmake_clean_first=False, cmake_force_configure=False, cmake_target=None, cmake_target_skip_unavailable=False, continue_on_error=False, event_handlers=None, executor='parallel', ignore_user_meta=False, install_base='install', log_base=None, log_level=None, main=<bound method BuildVerb.main of <colcon_core.verb.build.BuildVerb object at 0xffff8db35be0>>, merge_install=False, metas=['./colcon.meta'], packages_above=None, packages_above_and_dependencies=None, packages_above_depth=None, packages_end=None, packages_ignore=None, packages_ignore_regex=None, packages_select=None, packages_select_build_failed=False, packages_select_by_dep=None, packages_select_regex=None, packages_select_test_failures=False, packages_skip=None, packages_skip_build_finished=False, packages_skip_by_dep=None, packages_skip_regex=None, packages_skip_test_passed=False, packages_skip_up_to=None, packages_start=None, packages_up_to=None, packages_up_to_regex=None, parallel_workers=4, paths=None, symlink_install=False, test_result_base=None, verb_extension=<colcon_core.verb.build.BuildVerb object at 0xffff8db35be0>, verb_name='build', verb_parser=<colcon_defaults.argument_parser.defaults.DefaultArgumentsDecorator object at 0xffff8da224c0>)
[0.426s] Level 1:colcon.colcon_core.package_discovery:discover_packages(colcon_meta) check parameters
[0.426s] Level 1:colcon.colcon_core.package_discovery:discover_packages(recursive) check parameters
[0.426s] Level 1:colcon.colcon_core.package_discovery:discover_packages(ignore) check parameters
[0.426s] Level 1:colcon.colcon_core.package_discovery:discover_packages(path) check parameters
[0.426s] Level 1:colcon.colcon_core.package_discovery:discover_packages(colcon_meta) discover
[0.426s] Level 1:colcon.colcon_core.package_discovery:discover_packages(recursive) discover
[0.427s] INFO:colcon.colcon_core.package_discovery:Crawling recursively for packages in '/home/illuminance_measurement_robot/ROS2_WS'
[0.427s] Level 1:colcon.colcon_core.package_identification:_identify(.) by extensions ['ignore', 'ignore_ament_install']
[0.427s] Level 1:colcon.colcon_core.package_identification:_identify(.) by extension 'ignore'
[0.427s] Level 1:colcon.colcon_core.package_identification:_identify(.) by extension 'ignore_ament_install'
[0.427s] Level 1:colcon.colcon_core.package_identification:_identify(.) by extensions ['colcon_pkg']
[0.427s] Level 1:colcon.colcon_core.package_identification:_identify(.) by extension 'colcon_pkg'
[0.427s] Level 1:colcon.colcon_core.package_identification:_identify(.) by extensions ['colcon_meta']
[0.427s] Level 1:colcon.colcon_core.package_identification:_identify(.) by extension 'colcon_meta'
[0.427s] Level 1:colcon.colcon_core.package_identification:_identify(.) by extensions ['ros']
[0.427s] Level 1:colcon.colcon_core.package_identification:_identify(.) by extension 'ros'
[0.444s] Level 1:colcon.colcon_core.package_identification:_identify(.) by extensions ['cmake', 'python']
[0.444s] Level 1:colcon.colcon_core.package_identification:_identify(.) by extension 'cmake'
[0.444s] Level 1:colcon.colcon_core.package_identification:_identify(.) by extension 'python'
[0.444s] Level 1:colcon.colcon_core.package_identification:_identify(.) by extensions ['python_setup_py']
[0.444s] Level 1:colcon.colcon_core.package_identification:_identify(.) by extension 'python_setup_py'
[0.444s] Level 1:colcon.colcon_core.package_identification:_identify(build) by extensions ['ignore', 'ignore_ament_install']
[0.445s] Level 1:colcon.colcon_core.package_identification:_identify(build) by extension 'ignore'
[0.445s] Level 1:colcon.colcon_core.package_identification:_identify(build) ignored
[0.445s] Level 1:colcon.colcon_core.package_identification:_identify(install) by extensions ['ignore', 'ignore_ament_install']
[0.445s] Level 1:colcon.colcon_core.package_identification:_identify(install) by extension 'ignore'
[0.445s] Level 1:colcon.colcon_core.package_identification:_identify(install) ignored
[0.445s] Level 1:colcon.colcon_core.package_identification:_identify(log) by extensions ['ignore', 'ignore_ament_install']
[0.445s] Level 1:colcon.colcon_core.package_identification:_identify(log) by extension 'ignore'
[0.445s] Level 1:colcon.colcon_core.package_identification:_identify(log) ignored
[0.445s] Level 1:colcon.colcon_core.package_identification:_identify(src) by extensions ['ignore', 'ignore_ament_install']
[0.445s] Level 1:colcon.colcon_core.package_identification:_identify(src) by extension 'ignore'
[0.445s] Level 1:colcon.colcon_core.package_identification:_identify(src) by extension 'ignore_ament_install'
[0.446s] Level 1:colcon.colcon_core.package_identification:_identify(src) by extensions ['colcon_pkg']
[0.446s] Level 1:colcon.colcon_core.package_identification:_identify(src) by extension 'colcon_pkg'
[0.446s] Level 1:colcon.colcon_core.package_identification:_identify(src) by extensions ['colcon_meta']
[0.446s] Level 1:colcon.colcon_core.package_identification:_identify(src) by extension 'colcon_meta'
[0.446s] Level 1:colcon.colcon_core.package_identification:_identify(src) by extensions ['ros']
[0.446s] Level 1:colcon.colcon_core.package_identification:_identify(src) by extension 'ros'
[0.446s] Level 1:colcon.colcon_core.package_identification:_identify(src) by extensions ['cmake', 'python']
[0.446s] Level 1:colcon.colcon_core.package_identification:_identify(src) by extension 'cmake'
[0.446s] Level 1:colcon.colcon_core.package_identification:_identify(src) by extension 'python'
[0.446s] Level 1:colcon.colcon_core.package_identification:_identify(src) by extensions ['python_setup_py']
[0.446s] Level 1:colcon.colcon_core.package_identification:_identify(src) by extension 'python_setup_py'
[0.446s] Level 1:colcon.colcon_core.package_identification:_identify(src/motor_control) by extensions ['ignore', 'ignore_ament_install']
[0.446s] Level 1:colcon.colcon_core.package_identification:_identify(src/motor_control) by extension 'ignore'
[0.446s] Level 1:colcon.colcon_core.package_identification:_identify(src/motor_control) by extension 'ignore_ament_install'
[0.446s] Level 1:colcon.colcon_core.package_identification:_identify(src/motor_control) by extensions ['colcon_pkg']
[0.446s] Level 1:colcon.colcon_core.package_identification:_identify(src/motor_control) by extension 'colcon_pkg'
[0.446s] Level 1:colcon.colcon_core.package_identification:_identify(src/motor_control) by extensions ['colcon_meta']
[0.446s] Level 1:colcon.colcon_core.package_identification:_identify(src/motor_control) by extension 'colcon_meta'
[0.446s] Level 1:colcon.colcon_core.package_identification:_identify(src/motor_control) by extensions ['ros']
[0.446s] Level 1:colcon.colcon_core.package_identification:_identify(src/motor_control) by extension 'ros'
[0.450s] DEBUG:colcon.colcon_core.package_identification:Package 'src/motor_control' with type 'ros.ament_python' and name 'motor_control'
[0.450s] Level 1:colcon.colcon_core.package_identification:_identify(src/power_measurement) by extensions ['ignore', 'ignore_ament_install']
[0.450s] Level 1:colcon.colcon_core.package_identification:_identify(src/power_measurement) by extension 'ignore'
[0.450s] Level 1:colcon.colcon_core.package_identification:_identify(src/power_measurement) by extension 'ignore_ament_install'
[0.450s] Level 1:colcon.colcon_core.package_identification:_identify(src/power_measurement) by extensions ['colcon_pkg']
[0.450s] Level 1:colcon.colcon_core.package_identification:_identify(src/power_measurement) by extension 'colcon_pkg'
[0.450s] Level 1:colcon.colcon_core.package_identification:_identify(src/power_measurement) by extensions ['colcon_meta']
[0.450s] Level 1:colcon.colcon_core.package_identification:_identify(src/power_measurement) by extension 'colcon_meta'
[0.450s] Level 1:colcon.colcon_core.package_identification:_identify(src/power_measurement) by extensions ['ros']
[0.450s] Level 1:colcon.colcon_core.package_identification:_identify(src/power_measurement) by extension 'ros'
[0.451s] DEBUG:colcon.colcon_core.package_identification:Package 'src/power_measurement' with type 'ros.ament_cmake' and name 'power_measurement'
[0.451s] Level 1:colcon.colcon_core.package_discovery:discover_packages(recursive) using defaults
[0.451s] Level 1:colcon.colcon_core.package_discovery:discover_packages(ignore) discover
[0.451s] Level 1:colcon.colcon_core.package_discovery:discover_packages(ignore) using defaults
[0.451s] Level 1:colcon.colcon_core.package_discovery:discover_packages(path) discover
[0.451s] Level 1:colcon.colcon_core.package_discovery:discover_packages(path) using defaults
[0.472s] Level 1:colcon.colcon_core.package_discovery:discover_packages(prefix_path) check parameters
[0.472s] Level 1:colcon.colcon_core.package_discovery:discover_packages(prefix_path) discover
[0.473s] WARNING:colcon.colcon_ros.prefix_path.ament:The path '/home/illuminance_measurement_robot/ROS2_WS/install/power_measurement' in the environment variable AMENT_PREFIX_PATH doesn't exist
[0.473s] WARNING:colcon.colcon_ros.prefix_path.ament:The path '/home/illuminance_measurement_robot/ROS2_WS/install/motor_control' in the environment variable AMENT_PREFIX_PATH doesn't exist
[0.473s] WARNING:colcon.colcon_ros.prefix_path.catkin:The path '/home/illuminance_measurement_robot/ROS2_WS/install/power_measurement' in the environment variable CMAKE_PREFIX_PATH doesn't exist
[0.474s] DEBUG:colcon.colcon_installed_package_information.package_discovery:Found 0 installed packages in /home/illuminance_measurement_robot/ROS2_WS/install
[0.476s] DEBUG:colcon.colcon_installed_package_information.package_discovery:Found 258 installed packages in /opt/ros/foxy
[0.478s] Level 1:colcon.colcon_core.package_discovery:discover_packages(prefix_path) using defaults
[0.577s] Level 5:colcon.colcon_core.verb:set package 'motor_control' build argument 'cmake_args' from command line to 'None'
[0.577s] Level 5:colcon.colcon_core.verb:set package 'motor_control' build argument 'cmake_target' from command line to 'None'
[0.577s] Level 5:colcon.colcon_core.verb:set package 'motor_control' build argument 'cmake_target_skip_unavailable' from command line to 'False'
[0.577s] Level 5:colcon.colcon_core.verb:set package 'motor_control' build argument 'cmake_clean_cache' from command line to 'False'
[0.577s] Level 5:colcon.colcon_core.verb:set package 'motor_control' build argument 'cmake_clean_first' from command line to 'False'
[0.577s] Level 5:colcon.colcon_core.verb:set package 'motor_control' build argument 'cmake_force_configure' from command line to 'False'
[0.577s] Level 5:colcon.colcon_core.verb:set package 'motor_control' build argument 'ament_cmake_args' from command line to 'None'
[0.577s] Level 5:colcon.colcon_core.verb:set package 'motor_control' build argument 'catkin_cmake_args' from command line to 'None'
[0.577s] Level 5:colcon.colcon_core.verb:set package 'motor_control' build argument 'catkin_skip_building_tests' from command line to 'False'
[0.577s] DEBUG:colcon.colcon_core.verb:Building package 'motor_control' with the following arguments: {'ament_cmake_args': None, 'build_base': '/home/illuminance_measurement_robot/ROS2_WS/build/motor_control', 'catkin_cmake_args': None, 'catkin_skip_building_tests': False, 'cmake_args': None, 'cmake_clean_cache': False, 'cmake_clean_first': False, 'cmake_force_configure': False, 'cmake_target': None, 'cmake_target_skip_unavailable': False, 'install_base': '/home/illuminance_measurement_robot/ROS2_WS/install/motor_control', 'merge_install': False, 'path': '/home/illuminance_measurement_robot/ROS2_WS/src/motor_control', 'symlink_install': False, 'test_result_base': None}
[0.578s] Level 5:colcon.colcon_core.verb:set package 'power_measurement' build argument 'cmake_args' from command line to 'None'
[0.578s] Level 5:colcon.colcon_core.verb:set package 'power_measurement' build argument 'cmake_target' from command line to 'None'
[0.578s] Level 5:colcon.colcon_core.verb:set package 'power_measurement' build argument 'cmake_target_skip_unavailable' from command line to 'False'
[0.578s] Level 5:colcon.colcon_core.verb:set package 'power_measurement' build argument 'cmake_clean_cache' from command line to 'False'
[0.578s] Level 5:colcon.colcon_core.verb:set package 'power_measurement' build argument 'cmake_clean_first' from command line to 'False'
[0.578s] Level 5:colcon.colcon_core.verb:set package 'power_measurement' build argument 'cmake_force_configure' from command line to 'False'
[0.578s] Level 5:colcon.colcon_core.verb:set package 'power_measurement' build argument 'ament_cmake_args' from command line to 'None'
[0.578s] Level 5:colcon.colcon_core.verb:set package 'power_measurement' build argument 'catkin_cmake_args' from command line to 'None'
[0.578s] Level 5:colcon.colcon_core.verb:set package 'power_measurement' build argument 'catkin_skip_building_tests' from command line to 'False'
[0.578s] DEBUG:colcon.colcon_core.verb:Building package 'power_measurement' with the following arguments: {'ament_cmake_args': None, 'build_base': '/home/illuminance_measurement_robot/ROS2_WS/build/power_measurement', 'catkin_cmake_args': None, 'catkin_skip_building_tests': False, 'cmake_args': None, 'cmake_clean_cache': False, 'cmake_clean_first': False, 'cmake_force_configure': False, 'cmake_target': None, 'cmake_target_skip_unavailable': False, 'install_base': '/home/illuminance_measurement_robot/ROS2_WS/install/power_measurement', 'merge_install': False, 'path': '/home/illuminance_measurement_robot/ROS2_WS/src/power_measurement', 'symlink_install': False, 'test_result_base': None}
[0.578s] INFO:colcon.colcon_core.executor:Executing jobs using 'parallel' executor
[0.580s] DEBUG:colcon.colcon_parallel_executor.executor.parallel:run_until_complete
[0.580s] INFO:colcon.colcon_ros.task.ament_python.build:Building ROS package in '/home/illuminance_measurement_robot/ROS2_WS/src/motor_control' with build type 'ament_python'
[0.581s] Level 1:colcon.colcon_core.shell:create_environment_hook('motor_control', 'ament_prefix_path')
[0.583s] INFO:colcon.colcon_core.plugin_system:Skipping extension 'colcon_core.shell.bat': Not used on non-Windows systems
[0.583s] INFO:colcon.colcon_core.shell:Creating environment hook '/home/illuminance_measurement_robot/ROS2_WS/install/motor_control/share/motor_control/hook/ament_prefix_path.ps1'
[0.584s] INFO:colcon.colcon_core.shell:Creating environment descriptor '/home/illuminance_measurement_robot/ROS2_WS/install/motor_control/share/motor_control/hook/ament_prefix_path.dsv'
[0.585s] INFO:colcon.colcon_core.shell:Creating environment hook '/home/illuminance_measurement_robot/ROS2_WS/install/motor_control/share/motor_control/hook/ament_prefix_path.sh'
[0.586s] INFO:colcon.colcon_core.shell:Skip shell extension 'powershell' for command environment: Not usable outside of PowerShell
[0.586s] DEBUG:colcon.colcon_core.shell:Skip shell extension 'dsv' for command environment
[0.595s] INFO:colcon.colcon_ros.task.ament_cmake.build:Building ROS package in '/home/illuminance_measurement_robot/ROS2_WS/src/power_measurement' with build type 'ament_cmake'
[0.595s] INFO:colcon.colcon_cmake.task.cmake.build:Building CMake package in '/home/illuminance_measurement_robot/ROS2_WS/src/power_measurement'
[0.596s] INFO:colcon.colcon_core.shell:Skip shell extension 'powershell' for command environment: Not usable outside of PowerShell
[0.596s] DEBUG:colcon.colcon_core.shell:Skip shell extension 'dsv' for command environment
[0.908s] INFO:colcon.colcon_core.task.python.build:Building Python package in '/home/illuminance_measurement_robot/ROS2_WS/src/motor_control'
[0.909s] INFO:colcon.colcon_core.shell:Skip shell extension 'powershell' for command environment: Not usable outside of PowerShell
[0.909s] DEBUG:colcon.colcon_core.shell:Skip shell extension 'dsv' for command environment
[0.928s] DEBUG:colcon.colcon_core.event_handler.log_command:Invoking command in '/home/illuminance_measurement_robot/ROS2_WS/build/power_measurement': CMAKE_PREFIX_PATH=${CMAKE_PREFIX_PATH}:/home/illuminance_measurement_robot/ROS2_WS/install/motor_control:/opt/ros/foxy /usr/bin/cmake /home/illuminance_measurement_robot/ROS2_WS/src/power_measurement -DCMAKE_INSTALL_PREFIX=/home/illuminance_measurement_robot/ROS2_WS/install/power_measurement
[1.677s] DEBUG:colcon.colcon_core.event_handler.log_command:Invoking command in '/home/illuminance_measurement_robot/ROS2_WS/src/motor_control': PYTHONPATH=/home/illuminance_measurement_robot/ROS2_WS/build/motor_control/prefix_override:/usr/lib/python3/dist-packages/colcon_core/task/python/colcon_distutils_commands:/home/illuminance_measurement_robot/ROS2_WS/install/motor_control/lib/python3.8/site-packages:${PYTHONPATH} /usr/bin/python3 -W ignore:setup.py install is deprecated -W ignore:easy_install command is deprecated setup.py egg_info --egg-base ../../build/motor_control build --build-base /home/illuminance_measurement_robot/ROS2_WS/build/motor_control/build install --record /home/illuminance_measurement_robot/ROS2_WS/build/motor_control/install.log --install-scripts $base/lib/motor_control --single-version-externally-managed install_data
[2.151s] DEBUG:colcon.colcon_core.event_handler.log_command:Invoked command in '/home/illuminance_measurement_robot/ROS2_WS/src/motor_control' returned '0': PYTHONPATH=/home/illuminance_measurement_robot/ROS2_WS/build/motor_control/prefix_override:/usr/lib/python3/dist-packages/colcon_core/task/python/colcon_distutils_commands:/home/illuminance_measurement_robot/ROS2_WS/install/motor_control/lib/python3.8/site-packages:${PYTHONPATH} /usr/bin/python3 -W ignore:setup.py install is deprecated -W ignore:easy_install command is deprecated setup.py egg_info --egg-base ../../build/motor_control build --build-base /home/illuminance_measurement_robot/ROS2_WS/build/motor_control/build install --record /home/illuminance_measurement_robot/ROS2_WS/build/motor_control/install.log --install-scripts $base/lib/motor_control --single-version-externally-managed install_data
[2.154s] Level 1:colcon.colcon_core.environment:checking '/home/illuminance_measurement_robot/ROS2_WS/install/motor_control' for CMake module files
[2.155s] Level 1:colcon.colcon_core.environment:checking '/home/illuminance_measurement_robot/ROS2_WS/install/motor_control' for CMake config files
[2.156s] Level 1:colcon.colcon_core.environment:checking '/home/illuminance_measurement_robot/ROS2_WS/install/motor_control/lib'
[2.156s] Level 1:colcon.colcon_core.environment:checking '/home/illuminance_measurement_robot/ROS2_WS/install/motor_control/bin'
[2.156s] Level 1:colcon.colcon_core.environment:checking '/home/illuminance_measurement_robot/ROS2_WS/install/motor_control/lib/pkgconfig/motor_control.pc'
[2.156s] Level 1:colcon.colcon_core.environment:checking '/home/illuminance_measurement_robot/ROS2_WS/install/motor_control/lib/python3.8/site-packages'
[2.157s] Level 1:colcon.colcon_core.shell:create_environment_hook('motor_control', 'pythonpath')
[2.157s] INFO:colcon.colcon_core.shell:Creating environment hook '/home/illuminance_measurement_robot/ROS2_WS/install/motor_control/share/motor_control/hook/pythonpath.ps1'
[2.158s] INFO:colcon.colcon_core.shell:Creating environment descriptor '/home/illuminance_measurement_robot/ROS2_WS/install/motor_control/share/motor_control/hook/pythonpath.dsv'
[2.158s] INFO:colcon.colcon_core.shell:Creating environment hook '/home/illuminance_measurement_robot/ROS2_WS/install/motor_control/share/motor_control/hook/pythonpath.sh'
[2.159s] Level 1:colcon.colcon_core.environment:checking '/home/illuminance_measurement_robot/ROS2_WS/install/motor_control/bin'
[2.159s] Level 1:colcon.colcon_core.environment:create_environment_scripts_only(motor_control)
[2.160s] INFO:colcon.colcon_core.shell:Creating package script '/home/illuminance_measurement_robot/ROS2_WS/install/motor_control/share/motor_control/package.ps1'
[2.161s] INFO:colcon.colcon_core.shell:Creating package descriptor '/home/illuminance_measurement_robot/ROS2_WS/install/motor_control/share/motor_control/package.dsv'
[2.162s] INFO:colcon.colcon_core.shell:Creating package script '/home/illuminance_measurement_robot/ROS2_WS/install/motor_control/share/motor_control/package.sh'
[2.163s] INFO:colcon.colcon_core.shell:Creating package script '/home/illuminance_measurement_robot/ROS2_WS/install/motor_control/share/motor_control/package.bash'
[2.163s] INFO:colcon.colcon_core.shell:Creating package script '/home/illuminance_measurement_robot/ROS2_WS/install/motor_control/share/motor_control/package.zsh'
[2.164s] Level 1:colcon.colcon_core.environment:create_file_with_runtime_dependencies(/home/illuminance_measurement_robot/ROS2_WS/install/motor_control/share/colcon-core/packages/motor_control)
[3.358s] DEBUG:colcon.colcon_core.event_handler.log_command:Invoked command in '/home/illuminance_measurement_robot/ROS2_WS/build/power_measurement' returned '0': CMAKE_PREFIX_PATH=${CMAKE_PREFIX_PATH}:/home/illuminance_measurement_robot/ROS2_WS/install/motor_control:/opt/ros/foxy /usr/bin/cmake /home/illuminance_measurement_robot/ROS2_WS/src/power_measurement -DCMAKE_INSTALL_PREFIX=/home/illuminance_measurement_robot/ROS2_WS/install/power_measurement
[3.364s] DEBUG:colcon.colcon_core.event_handler.log_command:Invoking command in '/home/illuminance_measurement_robot/ROS2_WS/build/power_measurement': CMAKE_PREFIX_PATH=${CMAKE_PREFIX_PATH}:/home/illuminance_measurement_robot/ROS2_WS/install/motor_control:/opt/ros/foxy /usr/bin/cmake --build /home/illuminance_measurement_robot/ROS2_WS/build/power_measurement -- -j4 -l4
[7.673s] DEBUG:colcon.colcon_core.event_handler.log_command:Invoked command in '/home/illuminance_measurement_robot/ROS2_WS/build/power_measurement' returned '0': CMAKE_PREFIX_PATH=${CMAKE_PREFIX_PATH}:/home/illuminance_measurement_robot/ROS2_WS/install/motor_control:/opt/ros/foxy /usr/bin/cmake --build /home/illuminance_measurement_robot/ROS2_WS/build/power_measurement -- -j4 -l4
[7.701s] DEBUG:colcon.colcon_core.event_handler.log_command:Invoking command in '/home/illuminance_measurement_robot/ROS2_WS/build/power_measurement': CMAKE_PREFIX_PATH=${CMAKE_PREFIX_PATH}:/home/illuminance_measurement_robot/ROS2_WS/install/motor_control:/opt/ros/foxy /usr/bin/cmake --install /home/illuminance_measurement_robot/ROS2_WS/build/power_measurement
[7.806s] Level 1:colcon.colcon_core.environment:create_environment_scripts_only(power_measurement)
[7.806s] Level 1:colcon.colcon_core.environment:checking '/home/illuminance_measurement_robot/ROS2_WS/install/power_measurement' for CMake module files
[7.807s] DEBUG:colcon.colcon_core.event_handler.log_command:Invoked command in '/home/illuminance_measurement_robot/ROS2_WS/build/power_measurement' returned '0': CMAKE_PREFIX_PATH=${CMAKE_PREFIX_PATH}:/home/illuminance_measurement_robot/ROS2_WS/install/motor_control:/opt/ros/foxy /usr/bin/cmake --install /home/illuminance_measurement_robot/ROS2_WS/build/power_measurement
[7.807s] Level 1:colcon.colcon_core.environment:checking '/home/illuminance_measurement_robot/ROS2_WS/install/power_measurement' for CMake config files
[7.808s] Level 1:colcon.colcon_core.shell:create_environment_hook('power_measurement', 'cmake_prefix_path')
[7.808s] INFO:colcon.colcon_core.shell:Creating environment hook '/home/illuminance_measurement_robot/ROS2_WS/install/power_measurement/share/power_measurement/hook/cmake_prefix_path.ps1'
[7.809s] INFO:colcon.colcon_core.shell:Creating environment descriptor '/home/illuminance_measurement_robot/ROS2_WS/install/power_measurement/share/power_measurement/hook/cmake_prefix_path.dsv'
[7.810s] INFO:colcon.colcon_core.shell:Creating environment hook '/home/illuminance_measurement_robot/ROS2_WS/install/power_measurement/share/power_measurement/hook/cmake_prefix_path.sh'
[7.811s] Level 1:colcon.colcon_core.environment:checking '/home/illuminance_measurement_robot/ROS2_WS/install/power_measurement/lib'
[7.811s] Level 1:colcon.colcon_core.shell:create_environment_hook('power_measurement', 'ld_library_path_lib')
[7.811s] INFO:colcon.colcon_core.shell:Creating environment hook '/home/illuminance_measurement_robot/ROS2_WS/install/power_measurement/share/power_measurement/hook/ld_library_path_lib.ps1'
[7.812s] INFO:colcon.colcon_core.shell:Creating environment descriptor '/home/illuminance_measurement_robot/ROS2_WS/install/power_measurement/share/power_measurement/hook/ld_library_path_lib.dsv'
[7.812s] INFO:colcon.colcon_core.shell:Creating environment hook '/home/illuminance_measurement_robot/ROS2_WS/install/power_measurement/share/power_measurement/hook/ld_library_path_lib.sh'
[7.813s] Level 1:colcon.colcon_core.environment:checking '/home/illuminance_measurement_robot/ROS2_WS/install/power_measurement/bin'
[7.813s] Level 1:colcon.colcon_core.environment:checking '/home/illuminance_measurement_robot/ROS2_WS/install/power_measurement/lib/pkgconfig/power_measurement.pc'
[7.813s] Level 1:colcon.colcon_core.environment:checking '/home/illuminance_measurement_robot/ROS2_WS/install/power_measurement/lib/python3.8/site-packages'
[7.813s] Level 1:colcon.colcon_core.shell:create_environment_hook('power_measurement', 'pythonpath')
[7.814s] INFO:colcon.colcon_core.shell:Creating environment hook '/home/illuminance_measurement_robot/ROS2_WS/install/power_measurement/share/power_measurement/hook/pythonpath.ps1'
[7.814s] INFO:colcon.colcon_core.shell:Creating environment descriptor '/home/illuminance_measurement_robot/ROS2_WS/install/power_measurement/share/power_measurement/hook/pythonpath.dsv'
[7.815s] INFO:colcon.colcon_core.shell:Creating environment hook '/home/illuminance_measurement_robot/ROS2_WS/install/power_measurement/share/power_measurement/hook/pythonpath.sh'
[7.815s] Level 1:colcon.colcon_core.environment:checking '/home/illuminance_measurement_robot/ROS2_WS/install/power_measurement/bin'
[7.816s] INFO:colcon.colcon_core.shell:Creating package script '/home/illuminance_measurement_robot/ROS2_WS/install/power_measurement/share/power_measurement/package.ps1'
[7.817s] INFO:colcon.colcon_core.shell:Creating package descriptor '/home/illuminance_measurement_robot/ROS2_WS/install/power_measurement/share/power_measurement/package.dsv'
[7.818s] INFO:colcon.colcon_core.shell:Creating package script '/home/illuminance_measurement_robot/ROS2_WS/install/power_measurement/share/power_measurement/package.sh'
[7.818s] INFO:colcon.colcon_core.shell:Creating package script '/home/illuminance_measurement_robot/ROS2_WS/install/power_measurement/share/power_measurement/package.bash'
[7.819s] INFO:colcon.colcon_core.shell:Creating package script '/home/illuminance_measurement_robot/ROS2_WS/install/power_measurement/share/power_measurement/package.zsh'
[7.819s] Level 1:colcon.colcon_core.environment:create_file_with_runtime_dependencies(/home/illuminance_measurement_robot/ROS2_WS/install/power_measurement/share/colcon-core/packages/power_measurement)
[7.820s] Level 1:colcon.colcon_core.environment:create_environment_scripts_only(power_measurement)
[7.821s] Level 1:colcon.colcon_core.environment:checking '/home/illuminance_measurement_robot/ROS2_WS/install/power_measurement' for CMake module files
[7.821s] Level 1:colcon.colcon_core.environment:checking '/home/illuminance_measurement_robot/ROS2_WS/install/power_measurement' for CMake config files
[7.822s] Level 1:colcon.colcon_core.shell:create_environment_hook('power_measurement', 'cmake_prefix_path')
[7.822s] INFO:colcon.colcon_core.shell:Creating environment hook '/home/illuminance_measurement_robot/ROS2_WS/install/power_measurement/share/power_measurement/hook/cmake_prefix_path.ps1'
[7.823s] INFO:colcon.colcon_core.shell:Creating environment descriptor '/home/illuminance_measurement_robot/ROS2_WS/install/power_measurement/share/power_measurement/hook/cmake_prefix_path.dsv'
[7.823s] INFO:colcon.colcon_core.shell:Creating environment hook '/home/illuminance_measurement_robot/ROS2_WS/install/power_measurement/share/power_measurement/hook/cmake_prefix_path.sh'
[7.824s] Level 1:colcon.colcon_core.environment:checking '/home/illuminance_measurement_robot/ROS2_WS/install/power_measurement/lib'
[7.824s] Level 1:colcon.colcon_core.shell:create_environment_hook('power_measurement', 'ld_library_path_lib')
[7.824s] INFO:colcon.colcon_core.shell:Creating environment hook '/home/illuminance_measurement_robot/ROS2_WS/install/power_measurement/share/power_measurement/hook/ld_library_path_lib.ps1'
[7.824s] INFO:colcon.colcon_core.shell:Creating environment descriptor '/home/illuminance_measurement_robot/ROS2_WS/install/power_measurement/share/power_measurement/hook/ld_library_path_lib.dsv'
[7.825s] INFO:colcon.colcon_core.shell:Creating environment hook '/home/illuminance_measurement_robot/ROS2_WS/install/power_measurement/share/power_measurement/hook/ld_library_path_lib.sh'
[7.825s] Level 1:colcon.colcon_core.environment:checking '/home/illuminance_measurement_robot/ROS2_WS/install/power_measurement/bin'
[7.825s] Level 1:colcon.colcon_core.environment:checking '/home/illuminance_measurement_robot/ROS2_WS/install/power_measurement/lib/pkgconfig/power_measurement.pc'
[7.826s] Level 1:colcon.colcon_core.environment:checking '/home/illuminance_measurement_robot/ROS2_WS/install/power_measurement/lib/python3.8/site-packages'
[7.826s] Level 1:colcon.colcon_core.shell:create_environment_hook('power_measurement', 'pythonpath')
[7.826s] INFO:colcon.colcon_core.shell:Creating environment hook '/home/illuminance_measurement_robot/ROS2_WS/install/power_measurement/share/power_measurement/hook/pythonpath.ps1'
[7.826s] INFO:colcon.colcon_core.shell:Creating environment descriptor '/home/illuminance_measurement_robot/ROS2_WS/install/power_measurement/share/power_measurement/hook/pythonpath.dsv'
[7.827s] INFO:colcon.colcon_core.shell:Creating environment hook '/home/illuminance_measurement_robot/ROS2_WS/install/power_measurement/share/power_measurement/hook/pythonpath.sh'
[7.827s] Level 1:colcon.colcon_core.environment:checking '/home/illuminance_measurement_robot/ROS2_WS/install/power_measurement/bin'
[7.828s] INFO:colcon.colcon_core.shell:Creating package script '/home/illuminance_measurement_robot/ROS2_WS/install/power_measurement/share/power_measurement/package.ps1'
[7.829s] INFO:colcon.colcon_core.shell:Creating package descriptor '/home/illuminance_measurement_robot/ROS2_WS/install/power_measurement/share/power_measurement/package.dsv'
[7.829s] INFO:colcon.colcon_core.shell:Creating package script '/home/illuminance_measurement_robot/ROS2_WS/install/power_measurement/share/power_measurement/package.sh'
[7.830s] INFO:colcon.colcon_core.shell:Creating package script '/home/illuminance_measurement_robot/ROS2_WS/install/power_measurement/share/power_measurement/package.bash'
[7.830s] INFO:colcon.colcon_core.shell:Creating package script '/home/illuminance_measurement_robot/ROS2_WS/install/power_measurement/share/power_measurement/package.zsh'
[7.831s] Level 1:colcon.colcon_core.environment:create_file_with_runtime_dependencies(/home/illuminance_measurement_robot/ROS2_WS/install/power_measurement/share/colcon-core/packages/power_measurement)
[7.831s] DEBUG:colcon.colcon_parallel_executor.executor.parallel:closing loop
[7.832s] DEBUG:colcon.colcon_parallel_executor.executor.parallel:loop closed
[7.832s] DEBUG:colcon.colcon_parallel_executor.executor.parallel:run_until_complete finished with '0'
[7.832s] DEBUG:colcon.colcon_core.event_reactor:joining thread
[7.842s] INFO:colcon.colcon_core.plugin_system:Skipping extension 'colcon_notification.desktop_notification.notify_send': Could not find 'notify-send'
[7.842s] INFO:colcon.colcon_core.plugin_system:Skipping extension 'colcon_notification.desktop_notification.terminal_notifier': Not used on non-Darwin systems
[7.842s] INFO:colcon.colcon_core.plugin_system:Skipping extension 'colcon_notification.desktop_notification.win32': Not used on non-Windows systems
[7.842s] INFO:colcon.colcon_notification.desktop_notification:Sending desktop notification using 'notify2'
[7.842s] DEBUG:colcon.colcon_notification.desktop_notification.notify2:Failed to initialize notify2: org.freedesktop.DBus.Error.NotSupported: Unable to autolaunch a dbus-daemon without a $DISPLAY for X11
[7.842s] DEBUG:colcon.colcon_core.event_reactor:joined thread
[7.843s] INFO:colcon.colcon_core.shell:Creating prefix script '/home/illuminance_measurement_robot/ROS2_WS/install/local_setup.ps1'
[7.844s] INFO:colcon.colcon_core.shell:Creating prefix util module '/home/illuminance_measurement_robot/ROS2_WS/install/_local_setup_util_ps1.py'
[7.846s] INFO:colcon.colcon_core.shell:Creating prefix chain script '/home/illuminance_measurement_robot/ROS2_WS/install/setup.ps1'
[7.848s] INFO:colcon.colcon_core.shell:Creating prefix script '/home/illuminance_measurement_robot/ROS2_WS/install/local_setup.sh'
[7.849s] INFO:colcon.colcon_core.shell:Creating prefix util module '/home/illuminance_measurement_robot/ROS2_WS/install/_local_setup_util_sh.py'
[7.850s] INFO:colcon.colcon_core.shell:Creating prefix chain script '/home/illuminance_measurement_robot/ROS2_WS/install/setup.sh'
[7.851s] INFO:colcon.colcon_core.shell:Creating prefix script '/home/illuminance_measurement_robot/ROS2_WS/install/local_setup.bash'
[7.852s] INFO:colcon.colcon_core.shell:Creating prefix chain script '/home/illuminance_measurement_robot/ROS2_WS/install/setup.bash'
[7.854s] INFO:colcon.colcon_core.shell:Creating prefix script '/home/illuminance_measurement_robot/ROS2_WS/install/local_setup.zsh'
[7.854s] INFO:colcon.colcon_core.shell:Creating prefix chain script '/home/illuminance_measurement_robot/ROS2_WS/install/setup.zsh'
